2024-11-09T00:00:40.863-03:00  INFO 28232 --- [application-signup-api] [RMI TCP Connection(38)-127.0.0.1] inMXBeanRegistrar$SpringApplicationAdmin : Application shutdown requested.
2024-11-09T00:00:40.880-03:00  INFO 28232 --- [application-signup-api] [RMI TCP Connection(38)-127.0.0.1] j.LocalContainerEntityManagerFactoryBean : Closing JPA EntityManagerFactory for persistence unit 'default'
2024-11-09T00:00:40.891-03:00  INFO 28232 --- [application-signup-api] [RMI TCP Connection(38)-127.0.0.1] com.zaxxer.hikari.HikariDataSource       : HikariPool-5 - Shutdown initiated...
2024-11-09T00:00:40.892-03:00  INFO 28232 --- [application-signup-api] [RMI TCP Connection(38)-127.0.0.1] com.zaxxer.hikari.HikariDataSource       : HikariPool-5 - Shutdown completed.
2024-11-09T00:00:42.309-03:00  INFO 16908 --- [application-signup-api] [restartedMain] c.a.s.a.ApplicationSignupApiApplication  : Starting ApplicationSignupApiApplication using Java 23 with PID 16908 (C:\Users\votc\Documents\Rodney\5 - projects\spring\application-signup-api-keycloak-auth\target\classes started by votc in C:\Users\votc\Documents\Rodney\5 - projects\spring\application-signup-api-keycloak-auth)
2024-11-09T00:00:42.311-03:00  INFO 16908 --- [application-signup-api] [restartedMain] c.a.s.a.ApplicationSignupApiApplication  : No active profile set, falling back to 1 default profile: "default"
2024-11-09T00:00:42.351-03:00  INFO 16908 --- [application-signup-api] [restartedMain] .e.DevToolsPropertyDefaultsPostProcessor : Devtools property defaults active! Set 'spring.devtools.add-properties' to 'false' to disable
2024-11-09T00:00:42.351-03:00  INFO 16908 --- [application-signup-api] [restartedMain] .e.DevToolsPropertyDefaultsPostProcessor : For additional web related logging consider setting the 'logging.level.web' property to 'DEBUG'
2024-11-09T00:00:42.863-03:00  INFO 16908 --- [application-signup-api] [restartedMain] .s.d.r.c.RepositoryConfigurationDelegate : Bootstrapping Spring Data JPA repositories in DEFAULT mode.
2024-11-09T00:00:42.897-03:00  INFO 16908 --- [application-signup-api] [restartedMain] .s.d.r.c.RepositoryConfigurationDelegate : Finished Spring Data repository scanning in 30 ms. Found 2 JPA repository interfaces.
2024-11-09T00:00:43.234-03:00  INFO 16908 --- [application-signup-api] [restartedMain] o.s.b.w.embedded.tomcat.TomcatWebServer  : Tomcat initialized with port 8089 (http)
2024-11-09T00:00:43.243-03:00  INFO 16908 --- [application-signup-api] [restartedMain] o.apache.catalina.core.StandardService   : Starting service [Tomcat]
2024-11-09T00:00:43.244-03:00  INFO 16908 --- [application-signup-api] [restartedMain] o.apache.catalina.core.StandardEngine    : Starting Servlet engine: [Apache Tomcat/10.1.31]
2024-11-09T00:00:43.294-03:00  INFO 16908 --- [application-signup-api] [restartedMain] o.a.c.c.C.[Tomcat].[localhost].[/]       : Initializing Spring embedded WebApplicationContext
2024-11-09T00:00:43.294-03:00  INFO 16908 --- [application-signup-api] [restartedMain] w.s.c.ServletWebServerApplicationContext : Root WebApplicationContext: initialization completed in 943 ms
2024-11-09T00:00:43.389-03:00  INFO 16908 --- [application-signup-api] [restartedMain] o.hibernate.jpa.internal.util.LogHelper  : HHH000204: Processing PersistenceUnitInfo [name: default]
2024-11-09T00:00:43.425-03:00  INFO 16908 --- [application-signup-api] [restartedMain] org.hibernate.Version                    : HHH000412: Hibernate ORM core version 6.5.3.Final
2024-11-09T00:00:43.447-03:00  INFO 16908 --- [application-signup-api] [restartedMain] o.h.c.internal.RegionFactoryInitiator    : HHH000026: Second-level cache disabled
2024-11-09T00:00:43.608-03:00  INFO 16908 --- [application-signup-api] [restartedMain] o.s.o.j.p.SpringPersistenceUnitInfo      : No LoadTimeWeaver setup: ignoring JPA class transformer
2024-11-09T00:00:43.624-03:00  INFO 16908 --- [application-signup-api] [restartedMain] com.zaxxer.hikari.HikariDataSource       : HikariPool-1 - Starting...
2024-11-09T00:00:43.711-03:00  INFO 16908 --- [application-signup-api] [restartedMain] com.zaxxer.hikari.pool.HikariPool        : HikariPool-1 - Added connection org.postgresql.jdbc.PgConnection@3a6c1d45
2024-11-09T00:00:43.712-03:00  INFO 16908 --- [application-signup-api] [restartedMain] com.zaxxer.hikari.HikariDataSource       : HikariPool-1 - Start completed.
2024-11-09T00:00:44.281-03:00  INFO 16908 --- [application-signup-api] [restartedMain] o.h.e.t.j.p.i.JtaPlatformInitiator       : HHH000489: No JTA platform available (set 'hibernate.transaction.jta.platform' to enable JTA platform integration)
2024-11-09T00:00:44.294-03:00  WARN 16908 --- [application-signup-api] [restartedMain] o.h.engine.jdbc.spi.SqlExceptionHelper   : SQL Warning Code: 0, SQLState: 00000
2024-11-09T00:00:44.294-03:00  WARN 16908 --- [application-signup-api] [restartedMain] o.h.engine.jdbc.spi.SqlExceptionHelper   : relation "users" does not exist, skipping
2024-11-09T00:00:44.296-03:00  WARN 16908 --- [application-signup-api] [restartedMain] o.h.engine.jdbc.spi.SqlExceptionHelper   : SQL Warning Code: 0, SQLState: 00000
2024-11-09T00:00:44.296-03:00  WARN 16908 --- [application-signup-api] [restartedMain] o.h.engine.jdbc.spi.SqlExceptionHelper   : table "roles" does not exist, skipping
2024-11-09T00:00:44.298-03:00  WARN 16908 --- [application-signup-api] [restartedMain] o.h.engine.jdbc.spi.SqlExceptionHelper   : SQL Warning Code: 0, SQLState: 00000
2024-11-09T00:00:44.298-03:00  WARN 16908 --- [application-signup-api] [restartedMain] o.h.engine.jdbc.spi.SqlExceptionHelper   : table "users" does not exist, skipping
2024-11-09T00:00:44.299-03:00  WARN 16908 --- [application-signup-api] [restartedMain] o.h.engine.jdbc.spi.SqlExceptionHelper   : SQL Warning Code: 0, SQLState: 00000
2024-11-09T00:00:44.299-03:00  WARN 16908 --- [application-signup-api] [restartedMain] o.h.engine.jdbc.spi.SqlExceptionHelper   : sequence "users_seq" does not exist, skipping
2024-11-09T00:00:44.319-03:00  INFO 16908 --- [application-signup-api] [restartedMain] j.LocalContainerEntityManagerFactoryBean : Initialized JPA EntityManagerFactory for persistence unit 'default'
2024-11-09T00:00:44.612-03:00  WARN 16908 --- [application-signup-api] [restartedMain] JpaBaseConfiguration$JpaWebConfiguration : spring.jpa.open-in-view is enabled by default. Therefore, database queries may be performed during view rendering. Explicitly configure spring.jpa.open-in-view to disable this warning
2024-11-09T00:00:45.445-03:00  INFO 16908 --- [application-signup-api] [restartedMain] o.s.b.d.a.OptionalLiveReloadServer       : LiveReload server is running on port 35729
2024-11-09T00:00:45.469-03:00  INFO 16908 --- [application-signup-api] [restartedMain] o.s.b.w.embedded.tomcat.TomcatWebServer  : Tomcat started on port 8089 (http) with context path '/'
2024-11-09T00:00:45.475-03:00  INFO 16908 --- [application-signup-api] [restartedMain] c.a.s.a.ApplicationSignupApiApplication  : Started ApplicationSignupApiApplication in 3.394 seconds (process running for 3.778)
2024-11-09T00:00:51.286-03:00  INFO 16908 --- [application-signup-api] [RMI TCP Connection(2)-127.0.0.1] inMXBeanRegistrar$SpringApplicationAdmin : Application shutdown requested.
2024-11-09T00:00:51.295-03:00  INFO 16908 --- [application-signup-api] [RMI TCP Connection(2)-127.0.0.1] j.LocalContainerEntityManagerFactoryBean : Closing JPA EntityManagerFactory for persistence unit 'default'
2024-11-09T00:00:51.309-03:00  INFO 16908 --- [application-signup-api] [RMI TCP Connection(2)-127.0.0.1] com.zaxxer.hikari.HikariDataSource       : HikariPool-1 - Shutdown initiated...
2024-11-09T00:00:51.312-03:00  INFO 16908 --- [application-signup-api] [RMI TCP Connection(2)-127.0.0.1] com.zaxxer.hikari.HikariDataSource       : HikariPool-1 - Shutdown completed.
2024-11-09T02:41:11.461-03:00  INFO 18736 --- [application-signup-api] [restartedMain] c.a.s.a.ApplicationSignupApiApplication  : Starting ApplicationSignupApiApplication using Java 23 with PID 18736 (C:\Users\votc\Documents\Rodney\5 - projects\spring\application-signup-api-keycloak-auth\target\classes started by votc in C:\Users\votc\Documents\Rodney\5 - projects\spring\application-signup-api-keycloak-auth)
2024-11-09T02:41:11.463-03:00  INFO 18736 --- [application-signup-api] [restartedMain] c.a.s.a.ApplicationSignupApiApplication  : No active profile set, falling back to 1 default profile: "default"
2024-11-09T02:41:11.496-03:00  INFO 18736 --- [application-signup-api] [restartedMain] .e.DevToolsPropertyDefaultsPostProcessor : Devtools property defaults active! Set 'spring.devtools.add-properties' to 'false' to disable
2024-11-09T02:41:11.496-03:00  INFO 18736 --- [application-signup-api] [restartedMain] .e.DevToolsPropertyDefaultsPostProcessor : For additional web related logging consider setting the 'logging.level.web' property to 'DEBUG'
2024-11-09T02:41:12.026-03:00  INFO 18736 --- [application-signup-api] [restartedMain] .s.d.r.c.RepositoryConfigurationDelegate : Bootstrapping Spring Data JPA repositories in DEFAULT mode.
2024-11-09T02:41:12.060-03:00  INFO 18736 --- [application-signup-api] [restartedMain] .s.d.r.c.RepositoryConfigurationDelegate : Finished Spring Data repository scanning in 30 ms. Found 2 JPA repository interfaces.
2024-11-09T02:41:12.491-03:00  INFO 18736 --- [application-signup-api] [restartedMain] o.s.b.w.embedded.tomcat.TomcatWebServer  : Tomcat initialized with port 8089 (http)
2024-11-09T02:41:12.500-03:00  INFO 18736 --- [application-signup-api] [restartedMain] o.apache.catalina.core.StandardService   : Starting service [Tomcat]
2024-11-09T02:41:12.500-03:00  INFO 18736 --- [application-signup-api] [restartedMain] o.apache.catalina.core.StandardEngine    : Starting Servlet engine: [Apache Tomcat/10.1.31]
2024-11-09T02:41:12.533-03:00  INFO 18736 --- [application-signup-api] [restartedMain] o.a.c.c.C.[Tomcat].[localhost].[/]       : Initializing Spring embedded WebApplicationContext
2024-11-09T02:41:12.533-03:00  INFO 18736 --- [application-signup-api] [restartedMain] w.s.c.ServletWebServerApplicationContext : Root WebApplicationContext: initialization completed in 1037 ms
2024-11-09T02:41:12.635-03:00  INFO 18736 --- [application-signup-api] [restartedMain] o.hibernate.jpa.internal.util.LogHelper  : HHH000204: Processing PersistenceUnitInfo [name: default]
2024-11-09T02:41:12.675-03:00  INFO 18736 --- [application-signup-api] [restartedMain] org.hibernate.Version                    : HHH000412: Hibernate ORM core version 6.5.3.Final
2024-11-09T02:41:12.692-03:00  INFO 18736 --- [application-signup-api] [restartedMain] o.h.c.internal.RegionFactoryInitiator    : HHH000026: Second-level cache disabled
2024-11-09T02:41:12.880-03:00  INFO 18736 --- [application-signup-api] [restartedMain] o.s.o.j.p.SpringPersistenceUnitInfo      : No LoadTimeWeaver setup: ignoring JPA class transformer
2024-11-09T02:41:12.897-03:00  INFO 18736 --- [application-signup-api] [restartedMain] com.zaxxer.hikari.HikariDataSource       : HikariPool-1 - Starting...
2024-11-09T02:41:12.993-03:00  INFO 18736 --- [application-signup-api] [restartedMain] com.zaxxer.hikari.pool.HikariPool        : HikariPool-1 - Added connection org.postgresql.jdbc.PgConnection@6caa48e4
2024-11-09T02:41:12.994-03:00  INFO 18736 --- [application-signup-api] [restartedMain] com.zaxxer.hikari.HikariDataSource       : HikariPool-1 - Start completed.
2024-11-09T02:41:13.615-03:00  INFO 18736 --- [application-signup-api] [restartedMain] o.h.e.t.j.p.i.JtaPlatformInitiator       : HHH000489: No JTA platform available (set 'hibernate.transaction.jta.platform' to enable JTA platform integration)
2024-11-09T02:41:13.630-03:00  WARN 18736 --- [application-signup-api] [restartedMain] o.h.engine.jdbc.spi.SqlExceptionHelper   : SQL Warning Code: 0, SQLState: 00000
2024-11-09T02:41:13.630-03:00  WARN 18736 --- [application-signup-api] [restartedMain] o.h.engine.jdbc.spi.SqlExceptionHelper   : relation "users" does not exist, skipping
2024-11-09T02:41:13.632-03:00  WARN 18736 --- [application-signup-api] [restartedMain] o.h.engine.jdbc.spi.SqlExceptionHelper   : SQL Warning Code: 0, SQLState: 00000
2024-11-09T02:41:13.632-03:00  WARN 18736 --- [application-signup-api] [restartedMain] o.h.engine.jdbc.spi.SqlExceptionHelper   : table "roles" does not exist, skipping
2024-11-09T02:41:13.634-03:00  WARN 18736 --- [application-signup-api] [restartedMain] o.h.engine.jdbc.spi.SqlExceptionHelper   : SQL Warning Code: 0, SQLState: 00000
2024-11-09T02:41:13.634-03:00  WARN 18736 --- [application-signup-api] [restartedMain] o.h.engine.jdbc.spi.SqlExceptionHelper   : table "users" does not exist, skipping
2024-11-09T02:41:13.635-03:00  WARN 18736 --- [application-signup-api] [restartedMain] o.h.engine.jdbc.spi.SqlExceptionHelper   : SQL Warning Code: 0, SQLState: 00000
2024-11-09T02:41:13.635-03:00  WARN 18736 --- [application-signup-api] [restartedMain] o.h.engine.jdbc.spi.SqlExceptionHelper   : sequence "users_seq" does not exist, skipping
2024-11-09T02:41:13.679-03:00  INFO 18736 --- [application-signup-api] [restartedMain] j.LocalContainerEntityManagerFactoryBean : Initialized JPA EntityManagerFactory for persistence unit 'default'
2024-11-09T02:41:13.983-03:00  WARN 18736 --- [application-signup-api] [restartedMain] JpaBaseConfiguration$JpaWebConfiguration : spring.jpa.open-in-view is enabled by default. Therefore, database queries may be performed during view rendering. Explicitly configure spring.jpa.open-in-view to disable this warning
2024-11-09T02:41:14.802-03:00  INFO 18736 --- [application-signup-api] [restartedMain] o.s.b.d.a.OptionalLiveReloadServer       : LiveReload server is running on port 35729
2024-11-09T02:41:14.824-03:00  INFO 18736 --- [application-signup-api] [restartedMain] o.s.b.w.embedded.tomcat.TomcatWebServer  : Tomcat started on port 8089 (http) with context path '/'
2024-11-09T02:41:14.832-03:00  INFO 18736 --- [application-signup-api] [restartedMain] c.a.s.a.ApplicationSignupApiApplication  : Started ApplicationSignupApiApplication in 3.683 seconds (process running for 4.15)
2024-11-09T02:41:23.888-03:00  INFO 18736 --- [application-signup-api] [http-nio-8089-exec-1] o.a.c.c.C.[Tomcat].[localhost].[/]       : Initializing Spring DispatcherServlet 'dispatcherServlet'
2024-11-09T02:41:23.888-03:00  INFO 18736 --- [application-signup-api] [http-nio-8089-exec-1] o.s.web.servlet.DispatcherServlet        : Initializing Servlet 'dispatcherServlet'
2024-11-09T02:41:23.889-03:00  INFO 18736 --- [application-signup-api] [http-nio-8089-exec-1] o.s.web.servlet.DispatcherServlet        : Completed initialization in 0 ms
2024-11-09T02:52:47.507-03:00  INFO 18736 --- [application-signup-api] [RMI TCP Connection(21)-127.0.0.1] inMXBeanRegistrar$SpringApplicationAdmin : Application shutdown requested.
2024-11-09T02:52:47.516-03:00  INFO 18736 --- [application-signup-api] [RMI TCP Connection(21)-127.0.0.1] j.LocalContainerEntityManagerFactoryBean : Closing JPA EntityManagerFactory for persistence unit 'default'
2024-11-09T02:52:47.534-03:00  INFO 18736 --- [application-signup-api] [RMI TCP Connection(21)-127.0.0.1] com.zaxxer.hikari.HikariDataSource       : HikariPool-1 - Shutdown initiated...
2024-11-09T02:52:47.541-03:00  INFO 18736 --- [application-signup-api] [RMI TCP Connection(21)-127.0.0.1] com.zaxxer.hikari.HikariDataSource       : HikariPool-1 - Shutdown completed.
2024-11-09T02:52:48.954-03:00  INFO 3956 --- [application-signup-api] [restartedMain] c.a.s.a.ApplicationSignupApiApplication  : Starting ApplicationSignupApiApplication using Java 23 with PID 3956 (C:\Users\votc\Documents\Rodney\5 - projects\spring\application-signup-api-keycloak-auth\target\classes started by votc in C:\Users\votc\Documents\Rodney\5 - projects\spring\application-signup-api-keycloak-auth)
2024-11-09T02:52:48.955-03:00  INFO 3956 --- [application-signup-api] [restartedMain] c.a.s.a.ApplicationSignupApiApplication  : No active profile set, falling back to 1 default profile: "default"
2024-11-09T02:52:48.988-03:00  INFO 3956 --- [application-signup-api] [restartedMain] .e.DevToolsPropertyDefaultsPostProcessor : Devtools property defaults active! Set 'spring.devtools.add-properties' to 'false' to disable
2024-11-09T02:52:48.988-03:00  INFO 3956 --- [application-signup-api] [restartedMain] .e.DevToolsPropertyDefaultsPostProcessor : For additional web related logging consider setting the 'logging.level.web' property to 'DEBUG'
2024-11-09T02:52:49.448-03:00  INFO 3956 --- [application-signup-api] [restartedMain] .s.d.r.c.RepositoryConfigurationDelegate : Bootstrapping Spring Data JPA repositories in DEFAULT mode.
2024-11-09T02:52:49.480-03:00  INFO 3956 --- [application-signup-api] [restartedMain] .s.d.r.c.RepositoryConfigurationDelegate : Finished Spring Data repository scanning in 27 ms. Found 2 JPA repository interfaces.
2024-11-09T02:52:49.820-03:00  INFO 3956 --- [application-signup-api] [restartedMain] o.s.b.w.embedded.tomcat.TomcatWebServer  : Tomcat initialized with port 8089 (http)
2024-11-09T02:52:49.830-03:00  INFO 3956 --- [application-signup-api] [restartedMain] o.apache.catalina.core.StandardService   : Starting service [Tomcat]
2024-11-09T02:52:49.830-03:00  INFO 3956 --- [application-signup-api] [restartedMain] o.apache.catalina.core.StandardEngine    : Starting Servlet engine: [Apache Tomcat/10.1.31]
2024-11-09T02:52:49.860-03:00  INFO 3956 --- [application-signup-api] [restartedMain] o.a.c.c.C.[Tomcat].[localhost].[/]       : Initializing Spring embedded WebApplicationContext
2024-11-09T02:52:49.860-03:00  INFO 3956 --- [application-signup-api] [restartedMain] w.s.c.ServletWebServerApplicationContext : Root WebApplicationContext: initialization completed in 871 ms
2024-11-09T02:52:49.939-03:00  INFO 3956 --- [application-signup-api] [restartedMain] o.hibernate.jpa.internal.util.LogHelper  : HHH000204: Processing PersistenceUnitInfo [name: default]
2024-11-09T02:52:49.976-03:00  INFO 3956 --- [application-signup-api] [restartedMain] org.hibernate.Version                    : HHH000412: Hibernate ORM core version 6.5.3.Final
2024-11-09T02:52:49.992-03:00  INFO 3956 --- [application-signup-api] [restartedMain] o.h.c.internal.RegionFactoryInitiator    : HHH000026: Second-level cache disabled
2024-11-09T02:52:50.152-03:00  INFO 3956 --- [application-signup-api] [restartedMain] o.s.o.j.p.SpringPersistenceUnitInfo      : No LoadTimeWeaver setup: ignoring JPA class transformer
2024-11-09T02:52:50.169-03:00  INFO 3956 --- [application-signup-api] [restartedMain] com.zaxxer.hikari.HikariDataSource       : HikariPool-1 - Starting...
2024-11-09T02:52:50.251-03:00  INFO 3956 --- [application-signup-api] [restartedMain] com.zaxxer.hikari.pool.HikariPool        : HikariPool-1 - Added connection org.postgresql.jdbc.PgConnection@7e7b4490
2024-11-09T02:52:50.253-03:00  INFO 3956 --- [application-signup-api] [restartedMain] com.zaxxer.hikari.HikariDataSource       : HikariPool-1 - Start completed.
2024-11-09T02:52:50.818-03:00  INFO 3956 --- [application-signup-api] [restartedMain] o.h.e.t.j.p.i.JtaPlatformInitiator       : HHH000489: No JTA platform available (set 'hibernate.transaction.jta.platform' to enable JTA platform integration)
2024-11-09T02:52:50.829-03:00  WARN 3956 --- [application-signup-api] [restartedMain] o.h.engine.jdbc.spi.SqlExceptionHelper   : SQL Warning Code: 0, SQLState: 00000
2024-11-09T02:52:50.829-03:00  WARN 3956 --- [application-signup-api] [restartedMain] o.h.engine.jdbc.spi.SqlExceptionHelper   : relation "users" does not exist, skipping
2024-11-09T02:52:50.831-03:00  WARN 3956 --- [application-signup-api] [restartedMain] o.h.engine.jdbc.spi.SqlExceptionHelper   : SQL Warning Code: 0, SQLState: 00000
2024-11-09T02:52:50.831-03:00  WARN 3956 --- [application-signup-api] [restartedMain] o.h.engine.jdbc.spi.SqlExceptionHelper   : table "roles" does not exist, skipping
2024-11-09T02:52:50.832-03:00  WARN 3956 --- [application-signup-api] [restartedMain] o.h.engine.jdbc.spi.SqlExceptionHelper   : SQL Warning Code: 0, SQLState: 00000
2024-11-09T02:52:50.832-03:00  WARN 3956 --- [application-signup-api] [restartedMain] o.h.engine.jdbc.spi.SqlExceptionHelper   : table "users" does not exist, skipping
2024-11-09T02:52:50.833-03:00  WARN 3956 --- [application-signup-api] [restartedMain] o.h.engine.jdbc.spi.SqlExceptionHelper   : SQL Warning Code: 0, SQLState: 00000
2024-11-09T02:52:50.833-03:00  WARN 3956 --- [application-signup-api] [restartedMain] o.h.engine.jdbc.spi.SqlExceptionHelper   : sequence "users_seq" does not exist, skipping
2024-11-09T02:52:50.857-03:00  INFO 3956 --- [application-signup-api] [restartedMain] j.LocalContainerEntityManagerFactoryBean : Initialized JPA EntityManagerFactory for persistence unit 'default'
2024-11-09T02:52:51.128-03:00  WARN 3956 --- [application-signup-api] [restartedMain] JpaBaseConfiguration$JpaWebConfiguration : spring.jpa.open-in-view is enabled by default. Therefore, database queries may be performed during view rendering. Explicitly configure spring.jpa.open-in-view to disable this warning
2024-11-09T02:52:52.388-03:00  INFO 3956 --- [application-signup-api] [restartedMain] o.s.b.d.a.OptionalLiveReloadServer       : LiveReload server is running on port 35729
2024-11-09T02:52:52.410-03:00  INFO 3956 --- [application-signup-api] [restartedMain] o.s.b.w.embedded.tomcat.TomcatWebServer  : Tomcat started on port 8089 (http) with context path '/'
2024-11-09T02:52:52.416-03:00  INFO 3956 --- [application-signup-api] [restartedMain] c.a.s.a.ApplicationSignupApiApplication  : Started ApplicationSignupApiApplication in 3.683 seconds (process running for 4.061)
2024-11-09T02:52:57.281-03:00  INFO 3956 --- [application-signup-api] [http-nio-8089-exec-1] o.a.c.c.C.[Tomcat].[localhost].[/]       : Initializing Spring DispatcherServlet 'dispatcherServlet'
2024-11-09T02:52:57.281-03:00  INFO 3956 --- [application-signup-api] [http-nio-8089-exec-1] o.s.web.servlet.DispatcherServlet        : Initializing Servlet 'dispatcherServlet'
2024-11-09T02:52:57.282-03:00  INFO 3956 --- [application-signup-api] [http-nio-8089-exec-1] o.s.web.servlet.DispatcherServlet        : Completed initialization in 1 ms
2024-11-09T02:52:57.536-03:00  WARN 3956 --- [application-signup-api] [http-nio-8089-exec-3] .m.m.a.ExceptionHandlerExceptionResolver : Resolved [jakarta.validation.ConstraintViolationException: signupCreateUser.signupDTO.username: Username cannot be empty.]
2024-11-09T02:52:57.828-03:00  INFO 3956 --- [application-signup-api] [http-nio-8089-exec-2] c.a.s.api.service.CustomUserService      : {"username":"test","email":"test@test.com"} user profile created.
2024-11-09T02:52:57.959-03:00  INFO 3956 --- [application-signup-api] [http-nio-8089-exec-4] c.a.s.api.service.CustomUserService      : {"username":"test","email":"test@testy.com"} user profile created.
2024-11-09T02:52:57.964-03:00  WARN 3956 --- [application-signup-api] [http-nio-8089-exec-4] o.h.engine.jdbc.spi.SqlExceptionHelper   : SQL Error: 0, SQLState: 23505
2024-11-09T02:52:57.964-03:00 ERROR 3956 --- [application-signup-api] [http-nio-8089-exec-4] o.h.engine.jdbc.spi.SqlExceptionHelper   : ERROR: duplicate key value violates unique constraint "users_username_key"
  Detalhe: Key (username)=(test) already exists.
2024-11-09T02:52:57.969-03:00  WARN 3956 --- [application-signup-api] [http-nio-8089-exec-4] .m.m.a.ExceptionHandlerExceptionResolver : Resolved [org.springframework.dao.DataIntegrityViolationException: could not execute statement [ERROR: duplicate key value violates unique constraint "users_username_key"<EOL>  Detalhe: Key (username)=(test) already exists.] [insert into users (create_date,create_user,email,password,phone_number,role_id,update_date,update_user,username,id) values (?,?,?,?,?,?,?,?,?,?)]; SQL [insert into users (create_date,create_user,email,password,phone_number,role_id,update_date,update_user,username,id) values (?,?,?,?,?,?,?,?,?,?)]; constraint [users_username_key]]
2024-11-09T02:52:58.044-03:00  INFO 3956 --- [application-signup-api] [http-nio-8089-exec-5] c.a.s.api.service.CustomUserService      : {"username":"testy","email":"test@test.com"} user profile created.
2024-11-09T02:52:58.046-03:00  WARN 3956 --- [application-signup-api] [http-nio-8089-exec-5] o.h.engine.jdbc.spi.SqlExceptionHelper   : SQL Error: 0, SQLState: 23505
2024-11-09T02:52:58.046-03:00 ERROR 3956 --- [application-signup-api] [http-nio-8089-exec-5] o.h.engine.jdbc.spi.SqlExceptionHelper   : ERROR: duplicate key value violates unique constraint "users_email_key"
  Detalhe: Key (email)=(test@test.com) already exists.
2024-11-09T02:52:58.048-03:00  WARN 3956 --- [application-signup-api] [http-nio-8089-exec-5] .m.m.a.ExceptionHandlerExceptionResolver : Resolved [org.springframework.dao.DataIntegrityViolationException: could not execute statement [ERROR: duplicate key value violates unique constraint "users_email_key"<EOL>  Detalhe: Key (email)=(test@test.com) already exists.] [insert into users (create_date,create_user,email,password,phone_number,role_id,update_date,update_user,username,id) values (?,?,?,?,?,?,?,?,?,?)]; SQL [insert into users (create_date,create_user,email,password,phone_number,role_id,update_date,update_user,username,id) values (?,?,?,?,?,?,?,?,?,?)]; constraint [users_email_key]]
2024-11-09T02:52:58.125-03:00  INFO 3956 --- [application-signup-api] [http-nio-8089-exec-6] c.a.s.api.service.CustomUserService      : {"username":"test","email":"test@test.com"} user profile created.
2024-11-09T02:52:58.127-03:00  WARN 3956 --- [application-signup-api] [http-nio-8089-exec-6] o.h.engine.jdbc.spi.SqlExceptionHelper   : SQL Error: 0, SQLState: 23505
2024-11-09T02:52:58.127-03:00 ERROR 3956 --- [application-signup-api] [http-nio-8089-exec-6] o.h.engine.jdbc.spi.SqlExceptionHelper   : ERROR: duplicate key value violates unique constraint "users_email_key"
  Detalhe: Key (email)=(test@test.com) already exists.
2024-11-09T02:52:58.129-03:00  WARN 3956 --- [application-signup-api] [http-nio-8089-exec-6] .m.m.a.ExceptionHandlerExceptionResolver : Resolved [org.springframework.dao.DataIntegrityViolationException: could not execute statement [ERROR: duplicate key value violates unique constraint "users_email_key"<EOL>  Detalhe: Key (email)=(test@test.com) already exists.] [insert into users (create_date,create_user,email,password,phone_number,role_id,update_date,update_user,username,id) values (?,?,?,?,?,?,?,?,?,?)]; SQL [insert into users (create_date,create_user,email,password,phone_number,role_id,update_date,update_user,username,id) values (?,?,?,?,?,?,?,?,?,?)]; constraint [users_email_key]]
2024-11-09T02:52:58.206-03:00  INFO 3956 --- [application-signup-api] [http-nio-8089-exec-7] c.a.s.api.service.CustomUserService      : {"username":"testa","email":"test@test.com"} user profile created.
2024-11-09T02:52:58.227-03:00  WARN 3956 --- [application-signup-api] [http-nio-8089-exec-7] o.h.engine.jdbc.spi.SqlExceptionHelper   : SQL Error: 0, SQLState: 23505
2024-11-09T02:52:58.228-03:00 ERROR 3956 --- [application-signup-api] [http-nio-8089-exec-7] o.h.engine.jdbc.spi.SqlExceptionHelper   : ERROR: duplicate key value violates unique constraint "users_email_key"
  Detalhe: Key (email)=(test@test.com) already exists.
2024-11-09T02:52:58.233-03:00  WARN 3956 --- [application-signup-api] [http-nio-8089-exec-7] .m.m.a.ExceptionHandlerExceptionResolver : Resolved [org.springframework.dao.DataIntegrityViolationException: could not execute statement [ERROR: duplicate key value violates unique constraint "users_email_key"<EOL>  Detalhe: Key (email)=(test@test.com) already exists.] [insert into users (create_date,create_user,email,password,phone_number,role_id,update_date,update_user,username,id) values (?,?,?,?,?,?,?,?,?,?)]; SQL [insert into users (create_date,create_user,email,password,phone_number,role_id,update_date,update_user,username,id) values (?,?,?,?,?,?,?,?,?,?)]; constraint [users_email_key]]
2024-11-09T02:56:50.370-03:00  INFO 3956 --- [application-signup-api] [RMI TCP Connection(12)-127.0.0.1] inMXBeanRegistrar$SpringApplicationAdmin : Application shutdown requested.
2024-11-09T02:56:50.382-03:00  INFO 3956 --- [application-signup-api] [RMI TCP Connection(12)-127.0.0.1] j.LocalContainerEntityManagerFactoryBean : Closing JPA EntityManagerFactory for persistence unit 'default'
2024-11-09T02:56:50.398-03:00  INFO 3956 --- [application-signup-api] [RMI TCP Connection(12)-127.0.0.1] com.zaxxer.hikari.HikariDataSource       : HikariPool-1 - Shutdown initiated...
2024-11-09T02:56:50.400-03:00  INFO 3956 --- [application-signup-api] [RMI TCP Connection(12)-127.0.0.1] com.zaxxer.hikari.HikariDataSource       : HikariPool-1 - Shutdown completed.
2024-11-09T02:56:54.105-03:00  INFO 14188 --- [application-signup-api] [restartedMain] c.a.s.a.ApplicationSignupApiApplication  : Starting ApplicationSignupApiApplication using Java 23 with PID 14188 (C:\Users\votc\Documents\Rodney\5 - projects\spring\application-signup-api-keycloak-auth\target\classes started by votc in C:\Users\votc\Documents\Rodney\5 - projects\spring\application-signup-api-keycloak-auth)
2024-11-09T02:56:54.107-03:00  INFO 14188 --- [application-signup-api] [restartedMain] c.a.s.a.ApplicationSignupApiApplication  : No active profile set, falling back to 1 default profile: "default"
2024-11-09T02:56:54.138-03:00  INFO 14188 --- [application-signup-api] [restartedMain] .e.DevToolsPropertyDefaultsPostProcessor : Devtools property defaults active! Set 'spring.devtools.add-properties' to 'false' to disable
2024-11-09T02:56:54.139-03:00  INFO 14188 --- [application-signup-api] [restartedMain] .e.DevToolsPropertyDefaultsPostProcessor : For additional web related logging consider setting the 'logging.level.web' property to 'DEBUG'
2024-11-09T02:56:54.587-03:00  INFO 14188 --- [application-signup-api] [restartedMain] .s.d.r.c.RepositoryConfigurationDelegate : Bootstrapping Spring Data JPA repositories in DEFAULT mode.
2024-11-09T02:56:54.619-03:00  INFO 14188 --- [application-signup-api] [restartedMain] .s.d.r.c.RepositoryConfigurationDelegate : Finished Spring Data repository scanning in 27 ms. Found 2 JPA repository interfaces.
2024-11-09T02:56:54.937-03:00  INFO 14188 --- [application-signup-api] [restartedMain] o.s.b.w.embedded.tomcat.TomcatWebServer  : Tomcat initialized with port 8089 (http)
2024-11-09T02:56:54.945-03:00  INFO 14188 --- [application-signup-api] [restartedMain] o.apache.catalina.core.StandardService   : Starting service [Tomcat]
2024-11-09T02:56:54.945-03:00  INFO 14188 --- [application-signup-api] [restartedMain] o.apache.catalina.core.StandardEngine    : Starting Servlet engine: [Apache Tomcat/10.1.31]
2024-11-09T02:56:54.974-03:00  INFO 14188 --- [application-signup-api] [restartedMain] o.a.c.c.C.[Tomcat].[localhost].[/]       : Initializing Spring embedded WebApplicationContext
2024-11-09T02:56:54.975-03:00  INFO 14188 --- [application-signup-api] [restartedMain] w.s.c.ServletWebServerApplicationContext : Root WebApplicationContext: initialization completed in 836 ms
2024-11-09T02:56:55.057-03:00  INFO 14188 --- [application-signup-api] [restartedMain] o.hibernate.jpa.internal.util.LogHelper  : HHH000204: Processing PersistenceUnitInfo [name: default]
2024-11-09T02:56:55.089-03:00  INFO 14188 --- [application-signup-api] [restartedMain] org.hibernate.Version                    : HHH000412: Hibernate ORM core version 6.5.3.Final
2024-11-09T02:56:55.107-03:00  INFO 14188 --- [application-signup-api] [restartedMain] o.h.c.internal.RegionFactoryInitiator    : HHH000026: Second-level cache disabled
2024-11-09T02:56:55.267-03:00  INFO 14188 --- [application-signup-api] [restartedMain] o.s.o.j.p.SpringPersistenceUnitInfo      : No LoadTimeWeaver setup: ignoring JPA class transformer
2024-11-09T02:56:55.284-03:00  INFO 14188 --- [application-signup-api] [restartedMain] com.zaxxer.hikari.HikariDataSource       : HikariPool-1 - Starting...
2024-11-09T02:56:55.365-03:00  INFO 14188 --- [application-signup-api] [restartedMain] com.zaxxer.hikari.pool.HikariPool        : HikariPool-1 - Added connection org.postgresql.jdbc.PgConnection@477760eb
2024-11-09T02:56:55.366-03:00  INFO 14188 --- [application-signup-api] [restartedMain] com.zaxxer.hikari.HikariDataSource       : HikariPool-1 - Start completed.
2024-11-09T02:56:55.923-03:00  INFO 14188 --- [application-signup-api] [restartedMain] o.h.e.t.j.p.i.JtaPlatformInitiator       : HHH000489: No JTA platform available (set 'hibernate.transaction.jta.platform' to enable JTA platform integration)
2024-11-09T02:56:55.953-03:00  WARN 14188 --- [application-signup-api] [restartedMain] o.h.engine.jdbc.spi.SqlExceptionHelper   : SQL Warning Code: 0, SQLState: 00000
2024-11-09T02:56:55.953-03:00  WARN 14188 --- [application-signup-api] [restartedMain] o.h.engine.jdbc.spi.SqlExceptionHelper   : relation "users" does not exist, skipping
2024-11-09T02:56:55.955-03:00  WARN 14188 --- [application-signup-api] [restartedMain] o.h.engine.jdbc.spi.SqlExceptionHelper   : SQL Warning Code: 0, SQLState: 00000
2024-11-09T02:56:55.955-03:00  WARN 14188 --- [application-signup-api] [restartedMain] o.h.engine.jdbc.spi.SqlExceptionHelper   : table "roles" does not exist, skipping
2024-11-09T02:56:55.956-03:00  WARN 14188 --- [application-signup-api] [restartedMain] o.h.engine.jdbc.spi.SqlExceptionHelper   : SQL Warning Code: 0, SQLState: 00000
2024-11-09T02:56:55.957-03:00  WARN 14188 --- [application-signup-api] [restartedMain] o.h.engine.jdbc.spi.SqlExceptionHelper   : table "users" does not exist, skipping
2024-11-09T02:56:55.958-03:00  WARN 14188 --- [application-signup-api] [restartedMain] o.h.engine.jdbc.spi.SqlExceptionHelper   : SQL Warning Code: 0, SQLState: 00000
2024-11-09T02:56:55.958-03:00  WARN 14188 --- [application-signup-api] [restartedMain] o.h.engine.jdbc.spi.SqlExceptionHelper   : sequence "users_seq" does not exist, skipping
2024-11-09T02:56:55.982-03:00  INFO 14188 --- [application-signup-api] [restartedMain] j.LocalContainerEntityManagerFactoryBean : Initialized JPA EntityManagerFactory for persistence unit 'default'
2024-11-09T02:56:56.253-03:00  WARN 14188 --- [application-signup-api] [restartedMain] JpaBaseConfiguration$JpaWebConfiguration : spring.jpa.open-in-view is enabled by default. Therefore, database queries may be performed during view rendering. Explicitly configure spring.jpa.open-in-view to disable this warning
2024-11-09T02:56:57.168-03:00  INFO 14188 --- [application-signup-api] [restartedMain] o.s.b.d.a.OptionalLiveReloadServer       : LiveReload server is running on port 35729
2024-11-09T02:56:57.191-03:00  INFO 14188 --- [application-signup-api] [restartedMain] o.s.b.w.embedded.tomcat.TomcatWebServer  : Tomcat started on port 8089 (http) with context path '/'
2024-11-09T02:56:57.197-03:00  INFO 14188 --- [application-signup-api] [restartedMain] c.a.s.a.ApplicationSignupApiApplication  : Started ApplicationSignupApiApplication in 3.309 seconds (process running for 3.707)
2024-11-09T02:57:07.844-03:00  INFO 14188 --- [application-signup-api] [http-nio-8089-exec-1] o.a.c.c.C.[Tomcat].[localhost].[/]       : Initializing Spring DispatcherServlet 'dispatcherServlet'
2024-11-09T02:57:07.845-03:00  INFO 14188 --- [application-signup-api] [http-nio-8089-exec-1] o.s.web.servlet.DispatcherServlet        : Initializing Servlet 'dispatcherServlet'
2024-11-09T02:57:07.845-03:00  INFO 14188 --- [application-signup-api] [http-nio-8089-exec-1] o.s.web.servlet.DispatcherServlet        : Completed initialization in 0 ms
2024-11-09T02:57:08.124-03:00  WARN 14188 --- [application-signup-api] [http-nio-8089-exec-2] .m.m.a.ExceptionHandlerExceptionResolver : Resolved [jakarta.validation.ConstraintViolationException: signupCreateUser.signupDTO.username: Username cannot be empty.]
2024-11-09T02:57:08.384-03:00  INFO 14188 --- [application-signup-api] [http-nio-8089-exec-1] c.a.s.api.service.CustomUserService      : {"username":"test","email":"test@test.com"} user profile created.
2024-11-09T02:57:08.545-03:00  INFO 14188 --- [application-signup-api] [http-nio-8089-exec-2] c.a.s.api.service.CustomUserService      : {"username":"test","email":"test@testy.com"} user profile created.
2024-11-09T02:57:08.552-03:00  WARN 14188 --- [application-signup-api] [http-nio-8089-exec-2] o.h.engine.jdbc.spi.SqlExceptionHelper   : SQL Error: 0, SQLState: 23505
2024-11-09T02:57:08.552-03:00 ERROR 14188 --- [application-signup-api] [http-nio-8089-exec-2] o.h.engine.jdbc.spi.SqlExceptionHelper   : ERROR: duplicate key value violates unique constraint "users_username_key"
  Detalhe: Key (username)=(test) already exists.
2024-11-09T02:57:08.558-03:00  WARN 14188 --- [application-signup-api] [http-nio-8089-exec-2] .m.m.a.ExceptionHandlerExceptionResolver : Resolved [org.springframework.dao.DataIntegrityViolationException: could not execute statement [ERROR: duplicate key value violates unique constraint "users_username_key"<EOL>  Detalhe: Key (username)=(test) already exists.] [insert into users (create_date,create_user,email,password,phone_number,role_id,update_date,update_user,username,id) values (?,?,?,?,?,?,?,?,?,?)]; SQL [insert into users (create_date,create_user,email,password,phone_number,role_id,update_date,update_user,username,id) values (?,?,?,?,?,?,?,?,?,?)]; constraint [users_username_key]]
2024-11-09T02:57:08.633-03:00  INFO 14188 --- [application-signup-api] [http-nio-8089-exec-5] c.a.s.api.service.CustomUserService      : {"username":"testy","email":"test@test.com"} user profile created.
2024-11-09T02:57:08.637-03:00  WARN 14188 --- [application-signup-api] [http-nio-8089-exec-5] o.h.engine.jdbc.spi.SqlExceptionHelper   : SQL Error: 0, SQLState: 23505
2024-11-09T02:57:08.637-03:00 ERROR 14188 --- [application-signup-api] [http-nio-8089-exec-5] o.h.engine.jdbc.spi.SqlExceptionHelper   : ERROR: duplicate key value violates unique constraint "users_email_key"
  Detalhe: Key (email)=(test@test.com) already exists.
2024-11-09T02:57:08.640-03:00  WARN 14188 --- [application-signup-api] [http-nio-8089-exec-5] .m.m.a.ExceptionHandlerExceptionResolver : Resolved [org.springframework.dao.DataIntegrityViolationException: could not execute statement [ERROR: duplicate key value violates unique constraint "users_email_key"<EOL>  Detalhe: Key (email)=(test@test.com) already exists.] [insert into users (create_date,create_user,email,password,phone_number,role_id,update_date,update_user,username,id) values (?,?,?,?,?,?,?,?,?,?)]; SQL [insert into users (create_date,create_user,email,password,phone_number,role_id,update_date,update_user,username,id) values (?,?,?,?,?,?,?,?,?,?)]; constraint [users_email_key]]
2024-11-09T02:57:08.717-03:00  INFO 14188 --- [application-signup-api] [http-nio-8089-exec-4] c.a.s.api.service.CustomUserService      : {"username":"test","email":"test@test.com"} user profile created.
2024-11-09T02:57:08.719-03:00  WARN 14188 --- [application-signup-api] [http-nio-8089-exec-4] o.h.engine.jdbc.spi.SqlExceptionHelper   : SQL Error: 0, SQLState: 23505
2024-11-09T02:57:08.719-03:00 ERROR 14188 --- [application-signup-api] [http-nio-8089-exec-4] o.h.engine.jdbc.spi.SqlExceptionHelper   : ERROR: duplicate key value violates unique constraint "users_email_key"
  Detalhe: Key (email)=(test@test.com) already exists.
2024-11-09T02:57:08.725-03:00  WARN 14188 --- [application-signup-api] [http-nio-8089-exec-4] .m.m.a.ExceptionHandlerExceptionResolver : Resolved [org.springframework.dao.DataIntegrityViolationException: could not execute statement [ERROR: duplicate key value violates unique constraint "users_email_key"<EOL>  Detalhe: Key (email)=(test@test.com) already exists.] [insert into users (create_date,create_user,email,password,phone_number,role_id,update_date,update_user,username,id) values (?,?,?,?,?,?,?,?,?,?)]; SQL [insert into users (create_date,create_user,email,password,phone_number,role_id,update_date,update_user,username,id) values (?,?,?,?,?,?,?,?,?,?)]; constraint [users_email_key]]
2024-11-09T02:57:08.802-03:00  INFO 14188 --- [application-signup-api] [http-nio-8089-exec-6] c.a.s.api.service.CustomUserService      : {"username":"testa","email":"test@test.com"} user profile created.
2024-11-09T02:57:08.805-03:00  WARN 14188 --- [application-signup-api] [http-nio-8089-exec-6] o.h.engine.jdbc.spi.SqlExceptionHelper   : SQL Error: 0, SQLState: 23505
2024-11-09T02:57:08.805-03:00 ERROR 14188 --- [application-signup-api] [http-nio-8089-exec-6] o.h.engine.jdbc.spi.SqlExceptionHelper   : ERROR: duplicate key value violates unique constraint "users_email_key"
  Detalhe: Key (email)=(test@test.com) already exists.
2024-11-09T02:57:08.807-03:00  WARN 14188 --- [application-signup-api] [http-nio-8089-exec-6] .m.m.a.ExceptionHandlerExceptionResolver : Resolved [org.springframework.dao.DataIntegrityViolationException: could not execute statement [ERROR: duplicate key value violates unique constraint "users_email_key"<EOL>  Detalhe: Key (email)=(test@test.com) already exists.] [insert into users (create_date,create_user,email,password,phone_number,role_id,update_date,update_user,username,id) values (?,?,?,?,?,?,?,?,?,?)]; SQL [insert into users (create_date,create_user,email,password,phone_number,role_id,update_date,update_user,username,id) values (?,?,?,?,?,?,?,?,?,?)]; constraint [users_email_key]]
2024-11-09T02:58:27.848-03:00  WARN 14188 --- [application-signup-api] [http-nio-8089-exec-6] .m.m.a.ExceptionHandlerExceptionResolver : Resolved [jakarta.validation.ConstraintViolationException: signupCreateUser.signupDTO.email: Email cannot be empty.]
2024-11-09T02:58:27.876-03:00  WARN 14188 --- [application-signup-api] [http-nio-8089-exec-2] .m.m.a.ExceptionHandlerExceptionResolver : Resolved [jakarta.validation.ConstraintViolationException: signupCreateUser.signupDTO.password: Password cannot be empty.]
2024-11-09T02:58:27.890-03:00  WARN 14188 --- [application-signup-api] [http-nio-8089-exec-7] .m.m.a.ExceptionHandlerExceptionResolver : Resolved [jakarta.validation.ConstraintViolationException: signupCreateUser.signupDTO.username: Username cannot be empty.]
2024-11-09T02:58:27.908-03:00  WARN 14188 --- [application-signup-api] [http-nio-8089-exec-8] .m.m.a.ExceptionHandlerExceptionResolver : Resolved [jakarta.validation.ConstraintViolationException: signupCreateUser.signupDTO.password: Password must have at least: <EOL>- Minimum 8 characters in length. <EOL>- One lowercase letter. <EOL>- One uppercase letter. <EOL>- One numeric digit <EOL>- One special character., signupCreateUser.signupDTO.email: Email must be a well-formed address]
2024-11-09T02:58:27.922-03:00  WARN 14188 --- [application-signup-api] [http-nio-8089-exec-5] .m.m.a.ExceptionHandlerExceptionResolver : Resolved [jakarta.validation.ConstraintViolationException: signupCreateUser.signupDTO.password: Password must have at least: <EOL>- Minimum 8 characters in length. <EOL>- One lowercase letter. <EOL>- One uppercase letter. <EOL>- One numeric digit <EOL>- One special character.]
2024-11-09T02:58:27.966-03:00  WARN 14188 --- [application-signup-api] [http-nio-8089-exec-3] .m.m.a.ExceptionHandlerExceptionResolver : Resolved [jakarta.validation.ConstraintViolationException: signupCreateUser.signupDTO.password: Password must have at least: <EOL>- Minimum 8 characters in length. <EOL>- One lowercase letter. <EOL>- One uppercase letter. <EOL>- One numeric digit <EOL>- One special character.]
2024-11-09T02:58:27.980-03:00  WARN 14188 --- [application-signup-api] [http-nio-8089-exec-1] .m.m.a.ExceptionHandlerExceptionResolver : Resolved [jakarta.validation.ConstraintViolationException: signupCreateUser.signupDTO.password: Password must have at least: <EOL>- Minimum 8 characters in length. <EOL>- One lowercase letter. <EOL>- One uppercase letter. <EOL>- One numeric digit <EOL>- One special character.]
2024-11-09T02:58:27.993-03:00  WARN 14188 --- [application-signup-api] [http-nio-8089-exec-9] .m.m.a.ExceptionHandlerExceptionResolver : Resolved [jakarta.validation.ConstraintViolationException: signupCreateUser.signupDTO.password: Password must have at least: <EOL>- Minimum 8 characters in length. <EOL>- One lowercase letter. <EOL>- One uppercase letter. <EOL>- One numeric digit <EOL>- One special character.]
2024-11-09T02:58:28.006-03:00  WARN 14188 --- [application-signup-api] [http-nio-8089-exec-12] .m.m.a.ExceptionHandlerExceptionResolver : Resolved [jakarta.validation.ConstraintViolationException: signupCreateUser.signupDTO.password: Password must have at least: <EOL>- Minimum 8 characters in length. <EOL>- One lowercase letter. <EOL>- One uppercase letter. <EOL>- One numeric digit <EOL>- One special character.]
2024-11-09T02:58:28.080-03:00  INFO 14188 --- [application-signup-api] [http-nio-8089-exec-6] c.a.s.api.service.CustomUserService      : {"username":"test","email":"test@test.com"} user profile created.
2024-11-09T02:58:28.083-03:00  WARN 14188 --- [application-signup-api] [http-nio-8089-exec-6] o.h.engine.jdbc.spi.SqlExceptionHelper   : SQL Error: 0, SQLState: 23505
2024-11-09T02:58:28.083-03:00 ERROR 14188 --- [application-signup-api] [http-nio-8089-exec-6] o.h.engine.jdbc.spi.SqlExceptionHelper   : ERROR: duplicate key value violates unique constraint "users_email_key"
  Detalhe: Key (email)=(test@test.com) already exists.
2024-11-09T02:58:28.085-03:00  WARN 14188 --- [application-signup-api] [http-nio-8089-exec-6] .m.m.a.ExceptionHandlerExceptionResolver : Resolved [org.springframework.dao.DataIntegrityViolationException: could not execute statement [ERROR: duplicate key value violates unique constraint "users_email_key"<EOL>  Detalhe: Key (email)=(test@test.com) already exists.] [insert into users (create_date,create_user,email,password,phone_number,role_id,update_date,update_user,username,id) values (?,?,?,?,?,?,?,?,?,?)]; SQL [insert into users (create_date,create_user,email,password,phone_number,role_id,update_date,update_user,username,id) values (?,?,?,?,?,?,?,?,?,?)]; constraint [users_email_key]]
2024-11-09T02:58:28.162-03:00  INFO 14188 --- [application-signup-api] [http-nio-8089-exec-2] c.a.s.api.service.CustomUserService      : {"username":"test","email":"test@testy.com"} user profile created.
2024-11-09T02:58:28.164-03:00  WARN 14188 --- [application-signup-api] [http-nio-8089-exec-2] o.h.engine.jdbc.spi.SqlExceptionHelper   : SQL Error: 0, SQLState: 23505
2024-11-09T02:58:28.165-03:00 ERROR 14188 --- [application-signup-api] [http-nio-8089-exec-2] o.h.engine.jdbc.spi.SqlExceptionHelper   : ERROR: duplicate key value violates unique constraint "users_username_key"
  Detalhe: Key (username)=(test) already exists.
2024-11-09T02:58:28.166-03:00  WARN 14188 --- [application-signup-api] [http-nio-8089-exec-2] .m.m.a.ExceptionHandlerExceptionResolver : Resolved [org.springframework.dao.DataIntegrityViolationException: could not execute statement [ERROR: duplicate key value violates unique constraint "users_username_key"<EOL>  Detalhe: Key (username)=(test) already exists.] [insert into users (create_date,create_user,email,password,phone_number,role_id,update_date,update_user,username,id) values (?,?,?,?,?,?,?,?,?,?)]; SQL [insert into users (create_date,create_user,email,password,phone_number,role_id,update_date,update_user,username,id) values (?,?,?,?,?,?,?,?,?,?)]; constraint [users_username_key]]
2024-11-09T02:58:28.243-03:00  INFO 14188 --- [application-signup-api] [http-nio-8089-exec-7] c.a.s.api.service.CustomUserService      : {"username":"testy","email":"test@test.com"} user profile created.
2024-11-09T02:58:28.246-03:00  WARN 14188 --- [application-signup-api] [http-nio-8089-exec-7] o.h.engine.jdbc.spi.SqlExceptionHelper   : SQL Error: 0, SQLState: 23505
2024-11-09T02:58:28.246-03:00 ERROR 14188 --- [application-signup-api] [http-nio-8089-exec-7] o.h.engine.jdbc.spi.SqlExceptionHelper   : ERROR: duplicate key value violates unique constraint "users_email_key"
  Detalhe: Key (email)=(test@test.com) already exists.
2024-11-09T02:58:28.257-03:00  WARN 14188 --- [application-signup-api] [http-nio-8089-exec-7] .m.m.a.ExceptionHandlerExceptionResolver : Resolved [org.springframework.dao.DataIntegrityViolationException: could not execute statement [ERROR: duplicate key value violates unique constraint "users_email_key"<EOL>  Detalhe: Key (email)=(test@test.com) already exists.] [insert into users (create_date,create_user,email,password,phone_number,role_id,update_date,update_user,username,id) values (?,?,?,?,?,?,?,?,?,?)]; SQL [insert into users (create_date,create_user,email,password,phone_number,role_id,update_date,update_user,username,id) values (?,?,?,?,?,?,?,?,?,?)]; constraint [users_email_key]]
2024-11-09T02:58:28.333-03:00  INFO 14188 --- [application-signup-api] [http-nio-8089-exec-8] c.a.s.api.service.CustomUserService      : {"username":"test","email":"test@test.com"} user profile created.
2024-11-09T02:58:28.335-03:00  WARN 14188 --- [application-signup-api] [http-nio-8089-exec-8] o.h.engine.jdbc.spi.SqlExceptionHelper   : SQL Error: 0, SQLState: 23505
2024-11-09T02:58:28.335-03:00 ERROR 14188 --- [application-signup-api] [http-nio-8089-exec-8] o.h.engine.jdbc.spi.SqlExceptionHelper   : ERROR: duplicate key value violates unique constraint "users_email_key"
  Detalhe: Key (email)=(test@test.com) already exists.
2024-11-09T02:58:28.337-03:00  WARN 14188 --- [application-signup-api] [http-nio-8089-exec-8] .m.m.a.ExceptionHandlerExceptionResolver : Resolved [org.springframework.dao.DataIntegrityViolationException: could not execute statement [ERROR: duplicate key value violates unique constraint "users_email_key"<EOL>  Detalhe: Key (email)=(test@test.com) already exists.] [insert into users (create_date,create_user,email,password,phone_number,role_id,update_date,update_user,username,id) values (?,?,?,?,?,?,?,?,?,?)]; SQL [insert into users (create_date,create_user,email,password,phone_number,role_id,update_date,update_user,username,id) values (?,?,?,?,?,?,?,?,?,?)]; constraint [users_email_key]]
2024-11-09T02:58:28.411-03:00  INFO 14188 --- [application-signup-api] [http-nio-8089-exec-5] c.a.s.api.service.CustomUserService      : {"username":"testa","email":"test@test.com"} user profile created.
2024-11-09T02:58:28.413-03:00  WARN 14188 --- [application-signup-api] [http-nio-8089-exec-5] o.h.engine.jdbc.spi.SqlExceptionHelper   : SQL Error: 0, SQLState: 23505
2024-11-09T02:58:28.413-03:00 ERROR 14188 --- [application-signup-api] [http-nio-8089-exec-5] o.h.engine.jdbc.spi.SqlExceptionHelper   : ERROR: duplicate key value violates unique constraint "users_email_key"
  Detalhe: Key (email)=(test@test.com) already exists.
2024-11-09T02:58:28.415-03:00  WARN 14188 --- [application-signup-api] [http-nio-8089-exec-5] .m.m.a.ExceptionHandlerExceptionResolver : Resolved [org.springframework.dao.DataIntegrityViolationException: could not execute statement [ERROR: duplicate key value violates unique constraint "users_email_key"<EOL>  Detalhe: Key (email)=(test@test.com) already exists.] [insert into users (create_date,create_user,email,password,phone_number,role_id,update_date,update_user,username,id) values (?,?,?,?,?,?,?,?,?,?)]; SQL [insert into users (create_date,create_user,email,password,phone_number,role_id,update_date,update_user,username,id) values (?,?,?,?,?,?,?,?,?,?)]; constraint [users_email_key]]
2024-11-09T02:58:28.476-03:00  WARN 14188 --- [application-signup-api] [http-nio-8089-exec-3] .m.m.a.ExceptionHandlerExceptionResolver : Resolved [com.application.signup.api.exception.ResourceNotFoundException: User profile not found.]
2024-11-09T02:58:28.549-03:00  WARN 14188 --- [application-signup-api] [http-nio-8089-exec-1] .m.m.a.ExceptionHandlerExceptionResolver : Resolved [com.application.signup.api.exception.ResourceNotFoundException: User profile not found.]
2024-11-09T02:59:01.602-03:00  INFO 14188 --- [application-signup-api] [RMI TCP Connection(11)-127.0.0.1] inMXBeanRegistrar$SpringApplicationAdmin : Application shutdown requested.
2024-11-09T02:59:01.611-03:00  INFO 14188 --- [application-signup-api] [RMI TCP Connection(11)-127.0.0.1] j.LocalContainerEntityManagerFactoryBean : Closing JPA EntityManagerFactory for persistence unit 'default'
2024-11-09T02:59:01.626-03:00  INFO 14188 --- [application-signup-api] [RMI TCP Connection(11)-127.0.0.1] com.zaxxer.hikari.HikariDataSource       : HikariPool-1 - Shutdown initiated...
2024-11-09T02:59:01.628-03:00  INFO 14188 --- [application-signup-api] [RMI TCP Connection(11)-127.0.0.1] com.zaxxer.hikari.HikariDataSource       : HikariPool-1 - Shutdown completed.
2024-11-09T02:59:05.232-03:00  INFO 6400 --- [application-signup-api] [restartedMain] c.a.s.a.ApplicationSignupApiApplication  : Starting ApplicationSignupApiApplication using Java 23 with PID 6400 (C:\Users\votc\Documents\Rodney\5 - projects\spring\application-signup-api-keycloak-auth\target\classes started by votc in C:\Users\votc\Documents\Rodney\5 - projects\spring\application-signup-api-keycloak-auth)
2024-11-09T02:59:05.233-03:00  INFO 6400 --- [application-signup-api] [restartedMain] c.a.s.a.ApplicationSignupApiApplication  : No active profile set, falling back to 1 default profile: "default"
2024-11-09T02:59:05.269-03:00  INFO 6400 --- [application-signup-api] [restartedMain] .e.DevToolsPropertyDefaultsPostProcessor : Devtools property defaults active! Set 'spring.devtools.add-properties' to 'false' to disable
2024-11-09T02:59:05.269-03:00  INFO 6400 --- [application-signup-api] [restartedMain] .e.DevToolsPropertyDefaultsPostProcessor : For additional web related logging consider setting the 'logging.level.web' property to 'DEBUG'
2024-11-09T02:59:05.727-03:00  INFO 6400 --- [application-signup-api] [restartedMain] .s.d.r.c.RepositoryConfigurationDelegate : Bootstrapping Spring Data JPA repositories in DEFAULT mode.
2024-11-09T02:59:05.760-03:00  INFO 6400 --- [application-signup-api] [restartedMain] .s.d.r.c.RepositoryConfigurationDelegate : Finished Spring Data repository scanning in 28 ms. Found 2 JPA repository interfaces.
2024-11-09T02:59:06.092-03:00  INFO 6400 --- [application-signup-api] [restartedMain] o.s.b.w.embedded.tomcat.TomcatWebServer  : Tomcat initialized with port 8089 (http)
2024-11-09T02:59:06.101-03:00  INFO 6400 --- [application-signup-api] [restartedMain] o.apache.catalina.core.StandardService   : Starting service [Tomcat]
2024-11-09T02:59:06.102-03:00  INFO 6400 --- [application-signup-api] [restartedMain] o.apache.catalina.core.StandardEngine    : Starting Servlet engine: [Apache Tomcat/10.1.31]
2024-11-09T02:59:06.132-03:00  INFO 6400 --- [application-signup-api] [restartedMain] o.a.c.c.C.[Tomcat].[localhost].[/]       : Initializing Spring embedded WebApplicationContext
2024-11-09T02:59:06.133-03:00  INFO 6400 --- [application-signup-api] [restartedMain] w.s.c.ServletWebServerApplicationContext : Root WebApplicationContext: initialization completed in 863 ms
2024-11-09T02:59:06.219-03:00  INFO 6400 --- [application-signup-api] [restartedMain] o.hibernate.jpa.internal.util.LogHelper  : HHH000204: Processing PersistenceUnitInfo [name: default]
2024-11-09T02:59:06.255-03:00  INFO 6400 --- [application-signup-api] [restartedMain] org.hibernate.Version                    : HHH000412: Hibernate ORM core version 6.5.3.Final
2024-11-09T02:59:06.274-03:00  INFO 6400 --- [application-signup-api] [restartedMain] o.h.c.internal.RegionFactoryInitiator    : HHH000026: Second-level cache disabled
2024-11-09T02:59:06.438-03:00  INFO 6400 --- [application-signup-api] [restartedMain] o.s.o.j.p.SpringPersistenceUnitInfo      : No LoadTimeWeaver setup: ignoring JPA class transformer
2024-11-09T02:59:06.454-03:00  INFO 6400 --- [application-signup-api] [restartedMain] com.zaxxer.hikari.HikariDataSource       : HikariPool-1 - Starting...
2024-11-09T02:59:06.556-03:00  INFO 6400 --- [application-signup-api] [restartedMain] com.zaxxer.hikari.pool.HikariPool        : HikariPool-1 - Added connection org.postgresql.jdbc.PgConnection@18ab76b3
2024-11-09T02:59:06.557-03:00  INFO 6400 --- [application-signup-api] [restartedMain] com.zaxxer.hikari.HikariDataSource       : HikariPool-1 - Start completed.
2024-11-09T02:59:07.115-03:00  INFO 6400 --- [application-signup-api] [restartedMain] o.h.e.t.j.p.i.JtaPlatformInitiator       : HHH000489: No JTA platform available (set 'hibernate.transaction.jta.platform' to enable JTA platform integration)
2024-11-09T02:59:07.126-03:00  WARN 6400 --- [application-signup-api] [restartedMain] o.h.engine.jdbc.spi.SqlExceptionHelper   : SQL Warning Code: 0, SQLState: 00000
2024-11-09T02:59:07.127-03:00  WARN 6400 --- [application-signup-api] [restartedMain] o.h.engine.jdbc.spi.SqlExceptionHelper   : relation "users" does not exist, skipping
2024-11-09T02:59:07.128-03:00  WARN 6400 --- [application-signup-api] [restartedMain] o.h.engine.jdbc.spi.SqlExceptionHelper   : SQL Warning Code: 0, SQLState: 00000
2024-11-09T02:59:07.128-03:00  WARN 6400 --- [application-signup-api] [restartedMain] o.h.engine.jdbc.spi.SqlExceptionHelper   : table "roles" does not exist, skipping
2024-11-09T02:59:07.129-03:00  WARN 6400 --- [application-signup-api] [restartedMain] o.h.engine.jdbc.spi.SqlExceptionHelper   : SQL Warning Code: 0, SQLState: 00000
2024-11-09T02:59:07.129-03:00  WARN 6400 --- [application-signup-api] [restartedMain] o.h.engine.jdbc.spi.SqlExceptionHelper   : table "users" does not exist, skipping
2024-11-09T02:59:07.130-03:00  WARN 6400 --- [application-signup-api] [restartedMain] o.h.engine.jdbc.spi.SqlExceptionHelper   : SQL Warning Code: 0, SQLState: 00000
2024-11-09T02:59:07.130-03:00  WARN 6400 --- [application-signup-api] [restartedMain] o.h.engine.jdbc.spi.SqlExceptionHelper   : sequence "users_seq" does not exist, skipping
2024-11-09T02:59:07.167-03:00  INFO 6400 --- [application-signup-api] [restartedMain] j.LocalContainerEntityManagerFactoryBean : Initialized JPA EntityManagerFactory for persistence unit 'default'
2024-11-09T02:59:07.438-03:00  WARN 6400 --- [application-signup-api] [restartedMain] JpaBaseConfiguration$JpaWebConfiguration : spring.jpa.open-in-view is enabled by default. Therefore, database queries may be performed during view rendering. Explicitly configure spring.jpa.open-in-view to disable this warning
2024-11-09T02:59:08.228-03:00  INFO 6400 --- [application-signup-api] [restartedMain] o.s.b.d.a.OptionalLiveReloadServer       : LiveReload server is running on port 35729
2024-11-09T02:59:08.251-03:00  INFO 6400 --- [application-signup-api] [restartedMain] o.s.b.w.embedded.tomcat.TomcatWebServer  : Tomcat started on port 8089 (http) with context path '/'
2024-11-09T02:59:08.257-03:00  INFO 6400 --- [application-signup-api] [restartedMain] c.a.s.a.ApplicationSignupApiApplication  : Started ApplicationSignupApiApplication in 3.242 seconds (process running for 3.631)
2024-11-09T02:59:11.690-03:00  INFO 6400 --- [application-signup-api] [http-nio-8089-exec-1] o.a.c.c.C.[Tomcat].[localhost].[/]       : Initializing Spring DispatcherServlet 'dispatcherServlet'
2024-11-09T02:59:11.690-03:00  INFO 6400 --- [application-signup-api] [http-nio-8089-exec-1] o.s.web.servlet.DispatcherServlet        : Initializing Servlet 'dispatcherServlet'
2024-11-09T02:59:11.691-03:00  INFO 6400 --- [application-signup-api] [http-nio-8089-exec-1] o.s.web.servlet.DispatcherServlet        : Completed initialization in 1 ms
2024-11-09T02:59:11.894-03:00  WARN 6400 --- [application-signup-api] [http-nio-8089-exec-1] .m.m.a.ExceptionHandlerExceptionResolver : Resolved [jakarta.validation.ConstraintViolationException: signupCreateUser.signupDTO.email: Email cannot be empty.]
2024-11-09T02:59:11.926-03:00  WARN 6400 --- [application-signup-api] [http-nio-8089-exec-2] .m.m.a.ExceptionHandlerExceptionResolver : Resolved [jakarta.validation.ConstraintViolationException: signupCreateUser.signupDTO.password: Password cannot be empty.]
2024-11-09T02:59:11.939-03:00  WARN 6400 --- [application-signup-api] [http-nio-8089-exec-3] .m.m.a.ExceptionHandlerExceptionResolver : Resolved [jakarta.validation.ConstraintViolationException: signupCreateUser.signupDTO.username: Username cannot be empty.]
2024-11-09T02:59:11.953-03:00  WARN 6400 --- [application-signup-api] [http-nio-8089-exec-4] .m.m.a.ExceptionHandlerExceptionResolver : Resolved [jakarta.validation.ConstraintViolationException: signupCreateUser.signupDTO.password: Password must have at least: <EOL>- Minimum 8 characters in length. <EOL>- One lowercase letter. <EOL>- One uppercase letter. <EOL>- One numeric digit <EOL>- One special character., signupCreateUser.signupDTO.email: Email must be a well-formed address]
2024-11-09T02:59:11.966-03:00  WARN 6400 --- [application-signup-api] [http-nio-8089-exec-5] .m.m.a.ExceptionHandlerExceptionResolver : Resolved [jakarta.validation.ConstraintViolationException: signupCreateUser.signupDTO.password: Password must have at least: <EOL>- Minimum 8 characters in length. <EOL>- One lowercase letter. <EOL>- One uppercase letter. <EOL>- One numeric digit <EOL>- One special character.]
2024-11-09T02:59:11.978-03:00  WARN 6400 --- [application-signup-api] [http-nio-8089-exec-6] .m.m.a.ExceptionHandlerExceptionResolver : Resolved [jakarta.validation.ConstraintViolationException: signupCreateUser.signupDTO.username: Username must be at least 3 characters]
2024-11-09T02:59:11.992-03:00  WARN 6400 --- [application-signup-api] [http-nio-8089-exec-7] .m.m.a.ExceptionHandlerExceptionResolver : Resolved [jakarta.validation.ConstraintViolationException: signupCreateUser.signupDTO.password: Password must have at least: <EOL>- Minimum 8 characters in length. <EOL>- One lowercase letter. <EOL>- One uppercase letter. <EOL>- One numeric digit <EOL>- One special character.]
2024-11-09T02:59:12.012-03:00  WARN 6400 --- [application-signup-api] [http-nio-8089-exec-8] .m.m.a.ExceptionHandlerExceptionResolver : Resolved [jakarta.validation.ConstraintViolationException: signupCreateUser.signupDTO.password: Password must have at least: <EOL>- Minimum 8 characters in length. <EOL>- One lowercase letter. <EOL>- One uppercase letter. <EOL>- One numeric digit <EOL>- One special character.]
2024-11-09T02:59:12.024-03:00  WARN 6400 --- [application-signup-api] [http-nio-8089-exec-9] .m.m.a.ExceptionHandlerExceptionResolver : Resolved [jakarta.validation.ConstraintViolationException: signupCreateUser.signupDTO.password: Password must have at least: <EOL>- Minimum 8 characters in length. <EOL>- One lowercase letter. <EOL>- One uppercase letter. <EOL>- One numeric digit <EOL>- One special character.]
2024-11-09T02:59:12.035-03:00  WARN 6400 --- [application-signup-api] [http-nio-8089-exec-10] .m.m.a.ExceptionHandlerExceptionResolver : Resolved [jakarta.validation.ConstraintViolationException: signupCreateUser.signupDTO.password: Password must have at least: <EOL>- Minimum 8 characters in length. <EOL>- One lowercase letter. <EOL>- One uppercase letter. <EOL>- One numeric digit <EOL>- One special character.]
2024-11-09T02:59:12.198-03:00  INFO 6400 --- [application-signup-api] [http-nio-8089-exec-1] c.a.s.api.service.CustomUserService      : {"username":"test","email":"test@test.com"} user profile created.
2024-11-09T02:59:12.341-03:00  INFO 6400 --- [application-signup-api] [http-nio-8089-exec-3] c.a.s.api.service.CustomUserService      : {"username":"test","email":"test@testy.com"} user profile created.
2024-11-09T02:59:12.349-03:00  WARN 6400 --- [application-signup-api] [http-nio-8089-exec-3] o.h.engine.jdbc.spi.SqlExceptionHelper   : SQL Error: 0, SQLState: 23505
2024-11-09T02:59:12.350-03:00 ERROR 6400 --- [application-signup-api] [http-nio-8089-exec-3] o.h.engine.jdbc.spi.SqlExceptionHelper   : ERROR: duplicate key value violates unique constraint "users_username_key"
  Detalhe: Key (username)=(test) already exists.
2024-11-09T02:59:12.354-03:00  WARN 6400 --- [application-signup-api] [http-nio-8089-exec-3] .m.m.a.ExceptionHandlerExceptionResolver : Resolved [org.springframework.dao.DataIntegrityViolationException: could not execute statement [ERROR: duplicate key value violates unique constraint "users_username_key"<EOL>  Detalhe: Key (username)=(test) already exists.] [insert into users (create_date,create_user,email,password,phone_number,role_id,update_date,update_user,username,id) values (?,?,?,?,?,?,?,?,?,?)]; SQL [insert into users (create_date,create_user,email,password,phone_number,role_id,update_date,update_user,username,id) values (?,?,?,?,?,?,?,?,?,?)]; constraint [users_username_key]]
2024-11-09T02:59:12.428-03:00  INFO 6400 --- [application-signup-api] [http-nio-8089-exec-4] c.a.s.api.service.CustomUserService      : {"username":"testy","email":"test@test.com"} user profile created.
2024-11-09T02:59:12.430-03:00  WARN 6400 --- [application-signup-api] [http-nio-8089-exec-4] o.h.engine.jdbc.spi.SqlExceptionHelper   : SQL Error: 0, SQLState: 23505
2024-11-09T02:59:12.430-03:00 ERROR 6400 --- [application-signup-api] [http-nio-8089-exec-4] o.h.engine.jdbc.spi.SqlExceptionHelper   : ERROR: duplicate key value violates unique constraint "users_email_key"
  Detalhe: Key (email)=(test@test.com) already exists.
2024-11-09T02:59:12.432-03:00  WARN 6400 --- [application-signup-api] [http-nio-8089-exec-4] .m.m.a.ExceptionHandlerExceptionResolver : Resolved [org.springframework.dao.DataIntegrityViolationException: could not execute statement [ERROR: duplicate key value violates unique constraint "users_email_key"<EOL>  Detalhe: Key (email)=(test@test.com) already exists.] [insert into users (create_date,create_user,email,password,phone_number,role_id,update_date,update_user,username,id) values (?,?,?,?,?,?,?,?,?,?)]; SQL [insert into users (create_date,create_user,email,password,phone_number,role_id,update_date,update_user,username,id) values (?,?,?,?,?,?,?,?,?,?)]; constraint [users_email_key]]
2024-11-09T02:59:12.507-03:00  INFO 6400 --- [application-signup-api] [http-nio-8089-exec-5] c.a.s.api.service.CustomUserService      : {"username":"test","email":"test@test.com"} user profile created.
2024-11-09T02:59:12.510-03:00  WARN 6400 --- [application-signup-api] [http-nio-8089-exec-5] o.h.engine.jdbc.spi.SqlExceptionHelper   : SQL Error: 0, SQLState: 23505
2024-11-09T02:59:12.510-03:00 ERROR 6400 --- [application-signup-api] [http-nio-8089-exec-5] o.h.engine.jdbc.spi.SqlExceptionHelper   : ERROR: duplicate key value violates unique constraint "users_email_key"
  Detalhe: Key (email)=(test@test.com) already exists.
2024-11-09T02:59:12.511-03:00  WARN 6400 --- [application-signup-api] [http-nio-8089-exec-5] .m.m.a.ExceptionHandlerExceptionResolver : Resolved [org.springframework.dao.DataIntegrityViolationException: could not execute statement [ERROR: duplicate key value violates unique constraint "users_email_key"<EOL>  Detalhe: Key (email)=(test@test.com) already exists.] [insert into users (create_date,create_user,email,password,phone_number,role_id,update_date,update_user,username,id) values (?,?,?,?,?,?,?,?,?,?)]; SQL [insert into users (create_date,create_user,email,password,phone_number,role_id,update_date,update_user,username,id) values (?,?,?,?,?,?,?,?,?,?)]; constraint [users_email_key]]
2024-11-09T02:59:12.586-03:00  INFO 6400 --- [application-signup-api] [http-nio-8089-exec-6] c.a.s.api.service.CustomUserService      : {"username":"testa","email":"test@test.com"} user profile created.
2024-11-09T02:59:12.588-03:00  WARN 6400 --- [application-signup-api] [http-nio-8089-exec-6] o.h.engine.jdbc.spi.SqlExceptionHelper   : SQL Error: 0, SQLState: 23505
2024-11-09T02:59:12.588-03:00 ERROR 6400 --- [application-signup-api] [http-nio-8089-exec-6] o.h.engine.jdbc.spi.SqlExceptionHelper   : ERROR: duplicate key value violates unique constraint "users_email_key"
  Detalhe: Key (email)=(test@test.com) already exists.
2024-11-09T02:59:12.590-03:00  WARN 6400 --- [application-signup-api] [http-nio-8089-exec-6] .m.m.a.ExceptionHandlerExceptionResolver : Resolved [org.springframework.dao.DataIntegrityViolationException: could not execute statement [ERROR: duplicate key value violates unique constraint "users_email_key"<EOL>  Detalhe: Key (email)=(test@test.com) already exists.] [insert into users (create_date,create_user,email,password,phone_number,role_id,update_date,update_user,username,id) values (?,?,?,?,?,?,?,?,?,?)]; SQL [insert into users (create_date,create_user,email,password,phone_number,role_id,update_date,update_user,username,id) values (?,?,?,?,?,?,?,?,?,?)]; constraint [users_email_key]]
2024-11-09T02:59:12.708-03:00  INFO 6400 --- [application-signup-api] [http-nio-8089-exec-9] c.a.s.api.service.CustomUserService      : {"username":"test","email":"test@test.com"} user profile deleted.
2024-11-09T03:00:57.666-03:00  INFO 6400 --- [application-signup-api] [RMI TCP Connection(11)-127.0.0.1] inMXBeanRegistrar$SpringApplicationAdmin : Application shutdown requested.
2024-11-09T03:00:57.676-03:00  INFO 6400 --- [application-signup-api] [RMI TCP Connection(11)-127.0.0.1] j.LocalContainerEntityManagerFactoryBean : Closing JPA EntityManagerFactory for persistence unit 'default'
2024-11-09T03:00:57.698-03:00  INFO 6400 --- [application-signup-api] [RMI TCP Connection(11)-127.0.0.1] com.zaxxer.hikari.HikariDataSource       : HikariPool-1 - Shutdown initiated...
2024-11-09T03:00:57.706-03:00  INFO 6400 --- [application-signup-api] [RMI TCP Connection(11)-127.0.0.1] com.zaxxer.hikari.HikariDataSource       : HikariPool-1 - Shutdown completed.
2024-11-09T03:15:36.880-03:00  INFO 24364 --- [application-signup-api] [restartedMain] c.a.s.a.ApplicationSignupApiApplication  : Starting ApplicationSignupApiApplication using Java 23 with PID 24364 (C:\Users\votc\Documents\Rodney\5 - projects\spring\application-signup-api-keycloak-auth\target\classes started by votc in C:\Users\votc\Documents\Rodney\5 - projects\spring\application-signup-api-keycloak-auth)
2024-11-09T03:15:36.881-03:00  INFO 24364 --- [application-signup-api] [restartedMain] c.a.s.a.ApplicationSignupApiApplication  : No active profile set, falling back to 1 default profile: "default"
2024-11-09T03:15:36.911-03:00  INFO 24364 --- [application-signup-api] [restartedMain] .e.DevToolsPropertyDefaultsPostProcessor : Devtools property defaults active! Set 'spring.devtools.add-properties' to 'false' to disable
2024-11-09T03:15:36.911-03:00  INFO 24364 --- [application-signup-api] [restartedMain] .e.DevToolsPropertyDefaultsPostProcessor : For additional web related logging consider setting the 'logging.level.web' property to 'DEBUG'
2024-11-09T03:15:37.353-03:00  INFO 24364 --- [application-signup-api] [restartedMain] .s.d.r.c.RepositoryConfigurationDelegate : Bootstrapping Spring Data JPA repositories in DEFAULT mode.
2024-11-09T03:15:37.384-03:00  INFO 24364 --- [application-signup-api] [restartedMain] .s.d.r.c.RepositoryConfigurationDelegate : Finished Spring Data repository scanning in 27 ms. Found 2 JPA repository interfaces.
2024-11-09T03:15:37.718-03:00  INFO 24364 --- [application-signup-api] [restartedMain] o.s.b.w.embedded.tomcat.TomcatWebServer  : Tomcat initialized with port 8089 (http)
2024-11-09T03:15:37.726-03:00  INFO 24364 --- [application-signup-api] [restartedMain] o.apache.catalina.core.StandardService   : Starting service [Tomcat]
2024-11-09T03:15:37.727-03:00  INFO 24364 --- [application-signup-api] [restartedMain] o.apache.catalina.core.StandardEngine    : Starting Servlet engine: [Apache Tomcat/10.1.31]
2024-11-09T03:15:37.755-03:00  INFO 24364 --- [application-signup-api] [restartedMain] o.a.c.c.C.[Tomcat].[localhost].[/]       : Initializing Spring embedded WebApplicationContext
2024-11-09T03:15:37.756-03:00  INFO 24364 --- [application-signup-api] [restartedMain] w.s.c.ServletWebServerApplicationContext : Root WebApplicationContext: initialization completed in 845 ms
2024-11-09T03:15:37.842-03:00  INFO 24364 --- [application-signup-api] [restartedMain] o.hibernate.jpa.internal.util.LogHelper  : HHH000204: Processing PersistenceUnitInfo [name: default]
2024-11-09T03:15:37.875-03:00  INFO 24364 --- [application-signup-api] [restartedMain] org.hibernate.Version                    : HHH000412: Hibernate ORM core version 6.5.3.Final
2024-11-09T03:15:37.892-03:00  INFO 24364 --- [application-signup-api] [restartedMain] o.h.c.internal.RegionFactoryInitiator    : HHH000026: Second-level cache disabled
2024-11-09T03:15:38.048-03:00  INFO 24364 --- [application-signup-api] [restartedMain] o.s.o.j.p.SpringPersistenceUnitInfo      : No LoadTimeWeaver setup: ignoring JPA class transformer
2024-11-09T03:15:38.064-03:00  INFO 24364 --- [application-signup-api] [restartedMain] com.zaxxer.hikari.HikariDataSource       : HikariPool-1 - Starting...
2024-11-09T03:15:38.150-03:00  INFO 24364 --- [application-signup-api] [restartedMain] com.zaxxer.hikari.pool.HikariPool        : HikariPool-1 - Added connection org.postgresql.jdbc.PgConnection@34e71894
2024-11-09T03:15:38.151-03:00  INFO 24364 --- [application-signup-api] [restartedMain] com.zaxxer.hikari.HikariDataSource       : HikariPool-1 - Start completed.
2024-11-09T03:15:38.718-03:00  INFO 24364 --- [application-signup-api] [restartedMain] o.h.e.t.j.p.i.JtaPlatformInitiator       : HHH000489: No JTA platform available (set 'hibernate.transaction.jta.platform' to enable JTA platform integration)
2024-11-09T03:15:38.773-03:00  WARN 24364 --- [application-signup-api] [restartedMain] o.h.engine.jdbc.spi.SqlExceptionHelper   : SQL Warning Code: 0, SQLState: 00000
2024-11-09T03:15:38.774-03:00  WARN 24364 --- [application-signup-api] [restartedMain] o.h.engine.jdbc.spi.SqlExceptionHelper   : relation "users" does not exist, skipping
2024-11-09T03:15:38.775-03:00  WARN 24364 --- [application-signup-api] [restartedMain] o.h.engine.jdbc.spi.SqlExceptionHelper   : SQL Warning Code: 0, SQLState: 00000
2024-11-09T03:15:38.775-03:00  WARN 24364 --- [application-signup-api] [restartedMain] o.h.engine.jdbc.spi.SqlExceptionHelper   : table "roles" does not exist, skipping
2024-11-09T03:15:38.778-03:00  WARN 24364 --- [application-signup-api] [restartedMain] o.h.engine.jdbc.spi.SqlExceptionHelper   : SQL Warning Code: 0, SQLState: 00000
2024-11-09T03:15:38.778-03:00  WARN 24364 --- [application-signup-api] [restartedMain] o.h.engine.jdbc.spi.SqlExceptionHelper   : table "users" does not exist, skipping
2024-11-09T03:15:38.780-03:00  WARN 24364 --- [application-signup-api] [restartedMain] o.h.engine.jdbc.spi.SqlExceptionHelper   : SQL Warning Code: 0, SQLState: 00000
2024-11-09T03:15:38.780-03:00  WARN 24364 --- [application-signup-api] [restartedMain] o.h.engine.jdbc.spi.SqlExceptionHelper   : sequence "users_seq" does not exist, skipping
2024-11-09T03:15:38.835-03:00  INFO 24364 --- [application-signup-api] [restartedMain] j.LocalContainerEntityManagerFactoryBean : Initialized JPA EntityManagerFactory for persistence unit 'default'
2024-11-09T03:15:39.111-03:00  WARN 24364 --- [application-signup-api] [restartedMain] JpaBaseConfiguration$JpaWebConfiguration : spring.jpa.open-in-view is enabled by default. Therefore, database queries may be performed during view rendering. Explicitly configure spring.jpa.open-in-view to disable this warning
2024-11-09T03:15:39.932-03:00  INFO 24364 --- [application-signup-api] [restartedMain] o.s.b.d.a.OptionalLiveReloadServer       : LiveReload server is running on port 35729
2024-11-09T03:15:39.957-03:00  INFO 24364 --- [application-signup-api] [restartedMain] o.s.b.w.embedded.tomcat.TomcatWebServer  : Tomcat started on port 8089 (http) with context path '/'
2024-11-09T03:15:39.965-03:00  INFO 24364 --- [application-signup-api] [restartedMain] c.a.s.a.ApplicationSignupApiApplication  : Started ApplicationSignupApiApplication in 3.305 seconds (process running for 3.693)
2024-11-09T03:15:44.162-03:00  INFO 24364 --- [application-signup-api] [http-nio-8089-exec-1] o.a.c.c.C.[Tomcat].[localhost].[/]       : Initializing Spring DispatcherServlet 'dispatcherServlet'
2024-11-09T03:15:44.163-03:00  INFO 24364 --- [application-signup-api] [http-nio-8089-exec-1] o.s.web.servlet.DispatcherServlet        : Initializing Servlet 'dispatcherServlet'
2024-11-09T03:15:44.164-03:00  INFO 24364 --- [application-signup-api] [http-nio-8089-exec-1] o.s.web.servlet.DispatcherServlet        : Completed initialization in 1 ms
2024-11-09T03:15:44.365-03:00  WARN 24364 --- [application-signup-api] [http-nio-8089-exec-1] .m.m.a.ExceptionHandlerExceptionResolver : Resolved [jakarta.validation.ConstraintViolationException: signupCreateUser.signupDTO.email: Email cannot be empty.]
2024-11-09T03:15:44.398-03:00  WARN 24364 --- [application-signup-api] [http-nio-8089-exec-3] .m.m.a.ExceptionHandlerExceptionResolver : Resolved [jakarta.validation.ConstraintViolationException: signupCreateUser.signupDTO.password: Password cannot be empty.]
2024-11-09T03:15:44.411-03:00  WARN 24364 --- [application-signup-api] [http-nio-8089-exec-4] .m.m.a.ExceptionHandlerExceptionResolver : Resolved [jakarta.validation.ConstraintViolationException: signupCreateUser.signupDTO.username: Username cannot be empty.]
2024-11-09T03:15:44.427-03:00  WARN 24364 --- [application-signup-api] [http-nio-8089-exec-5] .m.m.a.ExceptionHandlerExceptionResolver : Resolved [jakarta.validation.ConstraintViolationException: signupCreateUser.signupDTO.password: Password must have at least: <EOL>- Minimum 8 characters in length. <EOL>- One lowercase letter. <EOL>- One uppercase letter. <EOL>- One numeric digit <EOL>- One special character., signupCreateUser.signupDTO.email: Email must be a well-formed address]
2024-11-09T03:15:44.440-03:00  WARN 24364 --- [application-signup-api] [http-nio-8089-exec-2] .m.m.a.ExceptionHandlerExceptionResolver : Resolved [jakarta.validation.ConstraintViolationException: signupCreateUser.signupDTO.password: Password must have at least: <EOL>- Minimum 8 characters in length. <EOL>- One lowercase letter. <EOL>- One uppercase letter. <EOL>- One numeric digit <EOL>- One special character.]
2024-11-09T03:15:44.452-03:00  WARN 24364 --- [application-signup-api] [http-nio-8089-exec-6] .m.m.a.ExceptionHandlerExceptionResolver : Resolved [jakarta.validation.ConstraintViolationException: signupCreateUser.signupDTO.username: Username must be at least 3 characters]
2024-11-09T03:15:44.466-03:00  WARN 24364 --- [application-signup-api] [http-nio-8089-exec-9] .m.m.a.ExceptionHandlerExceptionResolver : Resolved [jakarta.validation.ConstraintViolationException: signupCreateUser.signupDTO.password: Password must have at least: <EOL>- Minimum 8 characters in length. <EOL>- One lowercase letter. <EOL>- One uppercase letter. <EOL>- One numeric digit <EOL>- One special character.]
2024-11-09T03:15:44.484-03:00  WARN 24364 --- [application-signup-api] [http-nio-8089-exec-7] .m.m.a.ExceptionHandlerExceptionResolver : Resolved [jakarta.validation.ConstraintViolationException: signupCreateUser.signupDTO.password: Password must have at least: <EOL>- Minimum 8 characters in length. <EOL>- One lowercase letter. <EOL>- One uppercase letter. <EOL>- One numeric digit <EOL>- One special character.]
2024-11-09T03:15:44.497-03:00  WARN 24364 --- [application-signup-api] [http-nio-8089-exec-8] .m.m.a.ExceptionHandlerExceptionResolver : Resolved [jakarta.validation.ConstraintViolationException: signupCreateUser.signupDTO.password: Password must have at least: <EOL>- Minimum 8 characters in length. <EOL>- One lowercase letter. <EOL>- One uppercase letter. <EOL>- One numeric digit <EOL>- One special character.]
2024-11-09T03:15:44.509-03:00  WARN 24364 --- [application-signup-api] [http-nio-8089-exec-10] .m.m.a.ExceptionHandlerExceptionResolver : Resolved [jakarta.validation.ConstraintViolationException: signupCreateUser.signupDTO.password: Password must have at least: <EOL>- Minimum 8 characters in length. <EOL>- One lowercase letter. <EOL>- One uppercase letter. <EOL>- One numeric digit <EOL>- One special character.]
2024-11-09T03:15:44.722-03:00  INFO 24364 --- [application-signup-api] [http-nio-8089-exec-3] c.a.s.api.service.CustomUserService      : {"username":"test","email":"test@test.com"} user profile created.
2024-11-09T03:15:44.849-03:00  INFO 24364 --- [application-signup-api] [http-nio-8089-exec-5] c.a.s.api.service.CustomUserService      : {"username":"test","email":"test@testy.com"} user profile created.
2024-11-09T03:15:44.854-03:00  WARN 24364 --- [application-signup-api] [http-nio-8089-exec-5] o.h.engine.jdbc.spi.SqlExceptionHelper   : SQL Error: 0, SQLState: 23505
2024-11-09T03:15:44.854-03:00 ERROR 24364 --- [application-signup-api] [http-nio-8089-exec-5] o.h.engine.jdbc.spi.SqlExceptionHelper   : ERROR: duplicate key value violates unique constraint "users_username_key"
  Detalhe: Key (username)=(test) already exists.
2024-11-09T03:15:44.858-03:00  WARN 24364 --- [application-signup-api] [http-nio-8089-exec-5] .m.m.a.ExceptionHandlerExceptionResolver : Resolved [org.springframework.dao.DataIntegrityViolationException: could not execute statement [ERROR: duplicate key value violates unique constraint "users_username_key"<EOL>  Detalhe: Key (username)=(test) already exists.] [insert into users (create_date,create_user,email,password,phone_number,role_id,update_date,update_user,username,id) values (?,?,?,?,?,?,?,?,?,?)]; SQL [insert into users (create_date,create_user,email,password,phone_number,role_id,update_date,update_user,username,id) values (?,?,?,?,?,?,?,?,?,?)]; constraint [users_username_key]]
2024-11-09T03:15:44.932-03:00  INFO 24364 --- [application-signup-api] [http-nio-8089-exec-2] c.a.s.api.service.CustomUserService      : {"username":"testy","email":"test@test.com"} user profile created.
2024-11-09T03:15:44.939-03:00  WARN 24364 --- [application-signup-api] [http-nio-8089-exec-2] o.h.engine.jdbc.spi.SqlExceptionHelper   : SQL Error: 0, SQLState: 23505
2024-11-09T03:15:44.939-03:00 ERROR 24364 --- [application-signup-api] [http-nio-8089-exec-2] o.h.engine.jdbc.spi.SqlExceptionHelper   : ERROR: duplicate key value violates unique constraint "users_email_key"
  Detalhe: Key (email)=(test@test.com) already exists.
2024-11-09T03:15:44.942-03:00  WARN 24364 --- [application-signup-api] [http-nio-8089-exec-2] .m.m.a.ExceptionHandlerExceptionResolver : Resolved [org.springframework.dao.DataIntegrityViolationException: could not execute statement [ERROR: duplicate key value violates unique constraint "users_email_key"<EOL>  Detalhe: Key (email)=(test@test.com) already exists.] [insert into users (create_date,create_user,email,password,phone_number,role_id,update_date,update_user,username,id) values (?,?,?,?,?,?,?,?,?,?)]; SQL [insert into users (create_date,create_user,email,password,phone_number,role_id,update_date,update_user,username,id) values (?,?,?,?,?,?,?,?,?,?)]; constraint [users_email_key]]
2024-11-09T03:15:45.016-03:00  INFO 24364 --- [application-signup-api] [http-nio-8089-exec-6] c.a.s.api.service.CustomUserService      : {"username":"test","email":"test@test.com"} user profile created.
2024-11-09T03:15:45.019-03:00  WARN 24364 --- [application-signup-api] [http-nio-8089-exec-6] o.h.engine.jdbc.spi.SqlExceptionHelper   : SQL Error: 0, SQLState: 23505
2024-11-09T03:15:45.019-03:00 ERROR 24364 --- [application-signup-api] [http-nio-8089-exec-6] o.h.engine.jdbc.spi.SqlExceptionHelper   : ERROR: duplicate key value violates unique constraint "users_email_key"
  Detalhe: Key (email)=(test@test.com) already exists.
2024-11-09T03:15:45.021-03:00  WARN 24364 --- [application-signup-api] [http-nio-8089-exec-6] .m.m.a.ExceptionHandlerExceptionResolver : Resolved [org.springframework.dao.DataIntegrityViolationException: could not execute statement [ERROR: duplicate key value violates unique constraint "users_email_key"<EOL>  Detalhe: Key (email)=(test@test.com) already exists.] [insert into users (create_date,create_user,email,password,phone_number,role_id,update_date,update_user,username,id) values (?,?,?,?,?,?,?,?,?,?)]; SQL [insert into users (create_date,create_user,email,password,phone_number,role_id,update_date,update_user,username,id) values (?,?,?,?,?,?,?,?,?,?)]; constraint [users_email_key]]
2024-11-09T03:15:45.097-03:00  INFO 24364 --- [application-signup-api] [http-nio-8089-exec-9] c.a.s.api.service.CustomUserService      : {"username":"testa","email":"test@test.com"} user profile created.
2024-11-09T03:15:45.100-03:00  WARN 24364 --- [application-signup-api] [http-nio-8089-exec-9] o.h.engine.jdbc.spi.SqlExceptionHelper   : SQL Error: 0, SQLState: 23505
2024-11-09T03:15:45.100-03:00 ERROR 24364 --- [application-signup-api] [http-nio-8089-exec-9] o.h.engine.jdbc.spi.SqlExceptionHelper   : ERROR: duplicate key value violates unique constraint "users_email_key"
  Detalhe: Key (email)=(test@test.com) already exists.
2024-11-09T03:15:45.102-03:00  WARN 24364 --- [application-signup-api] [http-nio-8089-exec-9] .m.m.a.ExceptionHandlerExceptionResolver : Resolved [org.springframework.dao.DataIntegrityViolationException: could not execute statement [ERROR: duplicate key value violates unique constraint "users_email_key"<EOL>  Detalhe: Key (email)=(test@test.com) already exists.] [insert into users (create_date,create_user,email,password,phone_number,role_id,update_date,update_user,username,id) values (?,?,?,?,?,?,?,?,?,?)]; SQL [insert into users (create_date,create_user,email,password,phone_number,role_id,update_date,update_user,username,id) values (?,?,?,?,?,?,?,?,?,?)]; constraint [users_email_key]]
2024-11-09T03:15:45.215-03:00  INFO 24364 --- [application-signup-api] [http-nio-8089-exec-10] c.a.s.api.service.CustomUserService      : {"username":"test","email":"test@test.com"} user profile deleted.
2024-11-09T03:15:49.859-03:00  INFO 24364 --- [application-signup-api] [RMI TCP Connection(8)-127.0.0.1] inMXBeanRegistrar$SpringApplicationAdmin : Application shutdown requested.
2024-11-09T03:15:49.868-03:00  INFO 24364 --- [application-signup-api] [RMI TCP Connection(8)-127.0.0.1] j.LocalContainerEntityManagerFactoryBean : Closing JPA EntityManagerFactory for persistence unit 'default'
2024-11-09T03:15:49.882-03:00  INFO 24364 --- [application-signup-api] [RMI TCP Connection(8)-127.0.0.1] com.zaxxer.hikari.HikariDataSource       : HikariPool-1 - Shutdown initiated...
2024-11-09T03:15:49.885-03:00  INFO 24364 --- [application-signup-api] [RMI TCP Connection(8)-127.0.0.1] com.zaxxer.hikari.HikariDataSource       : HikariPool-1 - Shutdown completed.
