2024-11-09T00:04:58.579-03:00  INFO 17640 --- [application-signup-api] [restartedMain] c.a.s.a.ApplicationSignupApiApplication  : Starting ApplicationSignupApiApplication using Java 23 with PID 17640 (C:\Users\votc\Documents\Rodney\5 - projects\spring\application-signup-api-rsa-key-auth\target\classes started by votc in C:\Users\votc\Documents\Rodney\5 - projects\spring\application-signup-api-rsa-key-auth)
2024-11-09T00:04:58.584-03:00  INFO 17640 --- [application-signup-api] [restartedMain] c.a.s.a.ApplicationSignupApiApplication  : No active profile set, falling back to 1 default profile: "default"
2024-11-09T00:04:58.630-03:00  INFO 17640 --- [application-signup-api] [restartedMain] .e.DevToolsPropertyDefaultsPostProcessor : Devtools property defaults active! Set 'spring.devtools.add-properties' to 'false' to disable
2024-11-09T00:04:58.630-03:00  INFO 17640 --- [application-signup-api] [restartedMain] .e.DevToolsPropertyDefaultsPostProcessor : For additional web related logging consider setting the 'logging.level.web' property to 'DEBUG'
2024-11-09T00:04:59.126-03:00  INFO 17640 --- [application-signup-api] [restartedMain] .s.d.r.c.RepositoryConfigurationDelegate : Bootstrapping Spring Data JPA repositories in DEFAULT mode.
2024-11-09T00:04:59.163-03:00  INFO 17640 --- [application-signup-api] [restartedMain] .s.d.r.c.RepositoryConfigurationDelegate : Finished Spring Data repository scanning in 31 ms. Found 2 JPA repository interfaces.
2024-11-09T00:04:59.507-03:00  INFO 17640 --- [application-signup-api] [restartedMain] o.s.b.w.embedded.tomcat.TomcatWebServer  : Tomcat initialized with port 8089 (http)
2024-11-09T00:04:59.518-03:00  INFO 17640 --- [application-signup-api] [restartedMain] o.apache.catalina.core.StandardService   : Starting service [Tomcat]
2024-11-09T00:04:59.518-03:00  INFO 17640 --- [application-signup-api] [restartedMain] o.apache.catalina.core.StandardEngine    : Starting Servlet engine: [Apache Tomcat/10.1.31]
2024-11-09T00:04:59.551-03:00  INFO 17640 --- [application-signup-api] [restartedMain] o.a.c.c.C.[Tomcat].[localhost].[/]       : Initializing Spring embedded WebApplicationContext
2024-11-09T00:04:59.552-03:00  INFO 17640 --- [application-signup-api] [restartedMain] w.s.c.ServletWebServerApplicationContext : Root WebApplicationContext: initialization completed in 921 ms
2024-11-09T00:04:59.637-03:00  INFO 17640 --- [application-signup-api] [restartedMain] o.hibernate.jpa.internal.util.LogHelper  : HHH000204: Processing PersistenceUnitInfo [name: default]
2024-11-09T00:04:59.663-03:00  INFO 17640 --- [application-signup-api] [restartedMain] org.hibernate.Version                    : HHH000412: Hibernate ORM core version 6.5.3.Final
2024-11-09T00:04:59.679-03:00  INFO 17640 --- [application-signup-api] [restartedMain] o.h.c.internal.RegionFactoryInitiator    : HHH000026: Second-level cache disabled
2024-11-09T00:04:59.847-03:00  INFO 17640 --- [application-signup-api] [restartedMain] o.s.o.j.p.SpringPersistenceUnitInfo      : No LoadTimeWeaver setup: ignoring JPA class transformer
2024-11-09T00:04:59.864-03:00  INFO 17640 --- [application-signup-api] [restartedMain] com.zaxxer.hikari.HikariDataSource       : HikariPool-1 - Starting...
2024-11-09T00:04:59.957-03:00  INFO 17640 --- [application-signup-api] [restartedMain] com.zaxxer.hikari.pool.HikariPool        : HikariPool-1 - Added connection org.postgresql.jdbc.PgConnection@30e39d9d
2024-11-09T00:04:59.958-03:00  INFO 17640 --- [application-signup-api] [restartedMain] com.zaxxer.hikari.HikariDataSource       : HikariPool-1 - Start completed.
2024-11-09T00:05:00.523-03:00  INFO 17640 --- [application-signup-api] [restartedMain] o.h.e.t.j.p.i.JtaPlatformInitiator       : HHH000489: No JTA platform available (set 'hibernate.transaction.jta.platform' to enable JTA platform integration)
2024-11-09T00:05:00.536-03:00  WARN 17640 --- [application-signup-api] [restartedMain] o.h.engine.jdbc.spi.SqlExceptionHelper   : SQL Warning Code: 0, SQLState: 00000
2024-11-09T00:05:00.537-03:00  WARN 17640 --- [application-signup-api] [restartedMain] o.h.engine.jdbc.spi.SqlExceptionHelper   : relation "users" does not exist, skipping
2024-11-09T00:05:00.538-03:00  WARN 17640 --- [application-signup-api] [restartedMain] o.h.engine.jdbc.spi.SqlExceptionHelper   : SQL Warning Code: 0, SQLState: 00000
2024-11-09T00:05:00.538-03:00  WARN 17640 --- [application-signup-api] [restartedMain] o.h.engine.jdbc.spi.SqlExceptionHelper   : table "roles" does not exist, skipping
2024-11-09T00:05:00.539-03:00  WARN 17640 --- [application-signup-api] [restartedMain] o.h.engine.jdbc.spi.SqlExceptionHelper   : SQL Warning Code: 0, SQLState: 00000
2024-11-09T00:05:00.539-03:00  WARN 17640 --- [application-signup-api] [restartedMain] o.h.engine.jdbc.spi.SqlExceptionHelper   : table "users" does not exist, skipping
2024-11-09T00:05:00.540-03:00  WARN 17640 --- [application-signup-api] [restartedMain] o.h.engine.jdbc.spi.SqlExceptionHelper   : SQL Warning Code: 0, SQLState: 00000
2024-11-09T00:05:00.540-03:00  WARN 17640 --- [application-signup-api] [restartedMain] o.h.engine.jdbc.spi.SqlExceptionHelper   : sequence "users_seq" does not exist, skipping
2024-11-09T00:05:00.560-03:00  INFO 17640 --- [application-signup-api] [restartedMain] j.LocalContainerEntityManagerFactoryBean : Initialized JPA EntityManagerFactory for persistence unit 'default'
2024-11-09T00:05:00.867-03:00  WARN 17640 --- [application-signup-api] [restartedMain] JpaBaseConfiguration$JpaWebConfiguration : spring.jpa.open-in-view is enabled by default. Therefore, database queries may be performed during view rendering. Explicitly configure spring.jpa.open-in-view to disable this warning
2024-11-09T00:05:00.947-03:00  INFO 17640 --- [application-signup-api] [restartedMain] r$InitializeUserDetailsManagerConfigurer : Global AuthenticationManager configured with UserDetailsService bean with name userDetailsService
2024-11-09T00:05:01.965-03:00  INFO 17640 --- [application-signup-api] [restartedMain] o.s.b.d.a.OptionalLiveReloadServer       : LiveReload server is running on port 35729
2024-11-09T00:05:01.988-03:00  INFO 17640 --- [application-signup-api] [restartedMain] o.s.b.w.embedded.tomcat.TomcatWebServer  : Tomcat started on port 8089 (http) with context path '/'
2024-11-09T00:05:01.994-03:00  INFO 17640 --- [application-signup-api] [restartedMain] c.a.s.a.ApplicationSignupApiApplication  : Started ApplicationSignupApiApplication in 3.636 seconds (process running for 4.028)
2024-11-09T00:05:33.005-03:00  INFO 17640 --- [application-signup-api] [File Watcher] rtingClassPathChangeChangedEventListener : Restarting due to 4 class path changes (0 additions, 0 deletions, 4 modifications)
2024-11-09T00:05:33.016-03:00  INFO 17640 --- [application-signup-api] [Thread-5] j.LocalContainerEntityManagerFactoryBean : Closing JPA EntityManagerFactory for persistence unit 'default'
2024-11-09T00:05:33.031-03:00  INFO 17640 --- [application-signup-api] [Thread-5] com.zaxxer.hikari.HikariDataSource       : HikariPool-1 - Shutdown initiated...
2024-11-09T00:05:33.033-03:00  INFO 17640 --- [application-signup-api] [Thread-5] com.zaxxer.hikari.HikariDataSource       : HikariPool-1 - Shutdown completed.
2024-11-09T00:05:33.096-03:00  INFO 17640 --- [application-signup-api] [restartedMain] c.a.s.a.ApplicationSignupApiApplication  : Starting ApplicationSignupApiApplication using Java 23 with PID 17640 (C:\Users\votc\Documents\Rodney\5 - projects\spring\application-signup-api-rsa-key-auth\target\classes started by votc in C:\Users\votc\Documents\Rodney\5 - projects\spring\application-signup-api-rsa-key-auth)
2024-11-09T00:05:33.096-03:00  INFO 17640 --- [application-signup-api] [restartedMain] c.a.s.a.ApplicationSignupApiApplication  : No active profile set, falling back to 1 default profile: "default"
2024-11-09T00:05:33.222-03:00  INFO 17640 --- [application-signup-api] [restartedMain] .s.d.r.c.RepositoryConfigurationDelegate : Bootstrapping Spring Data JPA repositories in DEFAULT mode.
2024-11-09T00:05:33.229-03:00  INFO 17640 --- [application-signup-api] [restartedMain] .s.d.r.c.RepositoryConfigurationDelegate : Finished Spring Data repository scanning in 6 ms. Found 2 JPA repository interfaces.
2024-11-09T00:05:33.292-03:00  INFO 17640 --- [application-signup-api] [restartedMain] o.s.b.w.embedded.tomcat.TomcatWebServer  : Tomcat initialized with port 8089 (http)
2024-11-09T00:05:33.292-03:00  INFO 17640 --- [application-signup-api] [restartedMain] o.apache.catalina.core.StandardService   : Starting service [Tomcat]
2024-11-09T00:05:33.292-03:00  INFO 17640 --- [application-signup-api] [restartedMain] o.apache.catalina.core.StandardEngine    : Starting Servlet engine: [Apache Tomcat/10.1.31]
2024-11-09T00:05:33.305-03:00  INFO 17640 --- [application-signup-api] [restartedMain] o.a.c.c.C.[Tomcat].[localhost].[/]       : Initializing Spring embedded WebApplicationContext
2024-11-09T00:05:33.306-03:00  INFO 17640 --- [application-signup-api] [restartedMain] w.s.c.ServletWebServerApplicationContext : Root WebApplicationContext: initialization completed in 208 ms
2024-11-09T00:05:33.325-03:00  INFO 17640 --- [application-signup-api] [restartedMain] o.hibernate.jpa.internal.util.LogHelper  : HHH000204: Processing PersistenceUnitInfo [name: default]
2024-11-09T00:05:33.328-03:00  INFO 17640 --- [application-signup-api] [restartedMain] o.h.c.internal.RegionFactoryInitiator    : HHH000026: Second-level cache disabled
2024-11-09T00:05:33.332-03:00  INFO 17640 --- [application-signup-api] [restartedMain] o.s.o.j.p.SpringPersistenceUnitInfo      : No LoadTimeWeaver setup: ignoring JPA class transformer
2024-11-09T00:05:33.333-03:00  INFO 17640 --- [application-signup-api] [restartedMain] com.zaxxer.hikari.HikariDataSource       : HikariPool-2 - Starting...
2024-11-09T00:05:33.349-03:00  INFO 17640 --- [application-signup-api] [restartedMain] com.zaxxer.hikari.pool.HikariPool        : HikariPool-2 - Added connection org.postgresql.jdbc.PgConnection@62f504eb
2024-11-09T00:05:33.349-03:00  INFO 17640 --- [application-signup-api] [restartedMain] com.zaxxer.hikari.HikariDataSource       : HikariPool-2 - Start completed.
2024-11-09T00:05:33.397-03:00  INFO 17640 --- [application-signup-api] [restartedMain] o.h.e.t.j.p.i.JtaPlatformInitiator       : HHH000489: No JTA platform available (set 'hibernate.transaction.jta.platform' to enable JTA platform integration)
2024-11-09T00:05:33.399-03:00  WARN 17640 --- [application-signup-api] [restartedMain] o.h.engine.jdbc.spi.SqlExceptionHelper   : SQL Warning Code: 0, SQLState: 00000
2024-11-09T00:05:33.399-03:00  WARN 17640 --- [application-signup-api] [restartedMain] o.h.engine.jdbc.spi.SqlExceptionHelper   : relation "users" does not exist, skipping
2024-11-09T00:05:33.400-03:00  WARN 17640 --- [application-signup-api] [restartedMain] o.h.engine.jdbc.spi.SqlExceptionHelper   : SQL Warning Code: 0, SQLState: 00000
2024-11-09T00:05:33.400-03:00  WARN 17640 --- [application-signup-api] [restartedMain] o.h.engine.jdbc.spi.SqlExceptionHelper   : table "roles" does not exist, skipping
2024-11-09T00:05:33.401-03:00  WARN 17640 --- [application-signup-api] [restartedMain] o.h.engine.jdbc.spi.SqlExceptionHelper   : SQL Warning Code: 0, SQLState: 00000
2024-11-09T00:05:33.401-03:00  WARN 17640 --- [application-signup-api] [restartedMain] o.h.engine.jdbc.spi.SqlExceptionHelper   : table "users" does not exist, skipping
2024-11-09T00:05:33.401-03:00  WARN 17640 --- [application-signup-api] [restartedMain] o.h.engine.jdbc.spi.SqlExceptionHelper   : SQL Warning Code: 0, SQLState: 00000
2024-11-09T00:05:33.401-03:00  WARN 17640 --- [application-signup-api] [restartedMain] o.h.engine.jdbc.spi.SqlExceptionHelper   : sequence "users_seq" does not exist, skipping
2024-11-09T00:05:33.415-03:00  INFO 17640 --- [application-signup-api] [restartedMain] j.LocalContainerEntityManagerFactoryBean : Initialized JPA EntityManagerFactory for persistence unit 'default'
2024-11-09T00:05:33.470-03:00  WARN 17640 --- [application-signup-api] [restartedMain] JpaBaseConfiguration$JpaWebConfiguration : spring.jpa.open-in-view is enabled by default. Therefore, database queries may be performed during view rendering. Explicitly configure spring.jpa.open-in-view to disable this warning
2024-11-09T00:05:33.535-03:00  INFO 17640 --- [application-signup-api] [restartedMain] r$InitializeUserDetailsManagerConfigurer : Global AuthenticationManager configured with UserDetailsService bean with name userDetailsService
2024-11-09T00:05:33.623-03:00  INFO 17640 --- [application-signup-api] [RMI TCP Connection(2)-127.0.0.1] inMXBeanRegistrar$SpringApplicationAdmin : Application shutdown requested.
2024-11-09T00:05:33.876-03:00  INFO 17640 --- [application-signup-api] [restartedMain] o.s.b.d.a.OptionalLiveReloadServer       : LiveReload server is running on port 35729
2024-11-09T00:05:33.884-03:00  INFO 17640 --- [application-signup-api] [restartedMain] o.s.b.w.embedded.tomcat.TomcatWebServer  : Tomcat started on port 8089 (http) with context path '/'
2024-11-09T00:05:33.887-03:00  INFO 17640 --- [application-signup-api] [restartedMain] c.a.s.a.ApplicationSignupApiApplication  : Started ApplicationSignupApiApplication in 0.804 seconds (process running for 35.92)
2024-11-09T00:05:33.888-03:00  INFO 17640 --- [application-signup-api] [restartedMain] .ConditionEvaluationDeltaLoggingListener : Condition evaluation unchanged
2024-11-09T00:05:33.891-03:00  INFO 17640 --- [application-signup-api] [RMI TCP Connection(2)-127.0.0.1] j.LocalContainerEntityManagerFactoryBean : Closing JPA EntityManagerFactory for persistence unit 'default'
2024-11-09T00:05:33.902-03:00  INFO 17640 --- [application-signup-api] [RMI TCP Connection(2)-127.0.0.1] com.zaxxer.hikari.HikariDataSource       : HikariPool-2 - Shutdown initiated...
2024-11-09T00:05:33.903-03:00  INFO 17640 --- [application-signup-api] [RMI TCP Connection(2)-127.0.0.1] com.zaxxer.hikari.HikariDataSource       : HikariPool-2 - Shutdown completed.
2024-11-09T00:05:35.278-03:00  INFO 12324 --- [application-signup-api] [restartedMain] c.a.s.a.ApplicationSignupApiApplication  : Starting ApplicationSignupApiApplication using Java 23 with PID 12324 (C:\Users\votc\Documents\Rodney\5 - projects\spring\application-signup-api-rsa-key-auth\target\classes started by votc in C:\Users\votc\Documents\Rodney\5 - projects\spring\application-signup-api-rsa-key-auth)
2024-11-09T00:05:35.279-03:00  INFO 12324 --- [application-signup-api] [restartedMain] c.a.s.a.ApplicationSignupApiApplication  : No active profile set, falling back to 1 default profile: "default"
2024-11-09T00:05:35.317-03:00  INFO 12324 --- [application-signup-api] [restartedMain] .e.DevToolsPropertyDefaultsPostProcessor : Devtools property defaults active! Set 'spring.devtools.add-properties' to 'false' to disable
2024-11-09T00:05:35.318-03:00  INFO 12324 --- [application-signup-api] [restartedMain] .e.DevToolsPropertyDefaultsPostProcessor : For additional web related logging consider setting the 'logging.level.web' property to 'DEBUG'
2024-11-09T00:05:35.817-03:00  INFO 12324 --- [application-signup-api] [restartedMain] .s.d.r.c.RepositoryConfigurationDelegate : Bootstrapping Spring Data JPA repositories in DEFAULT mode.
2024-11-09T00:05:35.858-03:00  INFO 12324 --- [application-signup-api] [restartedMain] .s.d.r.c.RepositoryConfigurationDelegate : Finished Spring Data repository scanning in 35 ms. Found 2 JPA repository interfaces.
2024-11-09T00:05:36.217-03:00  INFO 12324 --- [application-signup-api] [restartedMain] o.s.b.w.embedded.tomcat.TomcatWebServer  : Tomcat initialized with port 8089 (http)
2024-11-09T00:05:36.227-03:00  INFO 12324 --- [application-signup-api] [restartedMain] o.apache.catalina.core.StandardService   : Starting service [Tomcat]
2024-11-09T00:05:36.227-03:00  INFO 12324 --- [application-signup-api] [restartedMain] o.apache.catalina.core.StandardEngine    : Starting Servlet engine: [Apache Tomcat/10.1.31]
2024-11-09T00:05:36.258-03:00  INFO 12324 --- [application-signup-api] [restartedMain] o.a.c.c.C.[Tomcat].[localhost].[/]       : Initializing Spring embedded WebApplicationContext
2024-11-09T00:05:36.258-03:00  INFO 12324 --- [application-signup-api] [restartedMain] w.s.c.ServletWebServerApplicationContext : Root WebApplicationContext: initialization completed in 940 ms
2024-11-09T00:05:36.343-03:00  INFO 12324 --- [application-signup-api] [restartedMain] o.hibernate.jpa.internal.util.LogHelper  : HHH000204: Processing PersistenceUnitInfo [name: default]
2024-11-09T00:05:36.371-03:00  INFO 12324 --- [application-signup-api] [restartedMain] org.hibernate.Version                    : HHH000412: Hibernate ORM core version 6.5.3.Final
2024-11-09T00:05:36.389-03:00  INFO 12324 --- [application-signup-api] [restartedMain] o.h.c.internal.RegionFactoryInitiator    : HHH000026: Second-level cache disabled
2024-11-09T00:05:36.557-03:00  INFO 12324 --- [application-signup-api] [restartedMain] o.s.o.j.p.SpringPersistenceUnitInfo      : No LoadTimeWeaver setup: ignoring JPA class transformer
2024-11-09T00:05:36.573-03:00  INFO 12324 --- [application-signup-api] [restartedMain] com.zaxxer.hikari.HikariDataSource       : HikariPool-1 - Starting...
2024-11-09T00:05:36.657-03:00  INFO 12324 --- [application-signup-api] [restartedMain] com.zaxxer.hikari.pool.HikariPool        : HikariPool-1 - Added connection org.postgresql.jdbc.PgConnection@7ef5bb3d
2024-11-09T00:05:36.658-03:00  INFO 12324 --- [application-signup-api] [restartedMain] com.zaxxer.hikari.HikariDataSource       : HikariPool-1 - Start completed.
2024-11-09T00:05:37.228-03:00  INFO 12324 --- [application-signup-api] [restartedMain] o.h.e.t.j.p.i.JtaPlatformInitiator       : HHH000489: No JTA platform available (set 'hibernate.transaction.jta.platform' to enable JTA platform integration)
2024-11-09T00:05:37.240-03:00  WARN 12324 --- [application-signup-api] [restartedMain] o.h.engine.jdbc.spi.SqlExceptionHelper   : SQL Warning Code: 0, SQLState: 00000
2024-11-09T00:05:37.240-03:00  WARN 12324 --- [application-signup-api] [restartedMain] o.h.engine.jdbc.spi.SqlExceptionHelper   : relation "users" does not exist, skipping
2024-11-09T00:05:37.241-03:00  WARN 12324 --- [application-signup-api] [restartedMain] o.h.engine.jdbc.spi.SqlExceptionHelper   : SQL Warning Code: 0, SQLState: 00000
2024-11-09T00:05:37.241-03:00  WARN 12324 --- [application-signup-api] [restartedMain] o.h.engine.jdbc.spi.SqlExceptionHelper   : table "roles" does not exist, skipping
2024-11-09T00:05:37.242-03:00  WARN 12324 --- [application-signup-api] [restartedMain] o.h.engine.jdbc.spi.SqlExceptionHelper   : SQL Warning Code: 0, SQLState: 00000
2024-11-09T00:05:37.242-03:00  WARN 12324 --- [application-signup-api] [restartedMain] o.h.engine.jdbc.spi.SqlExceptionHelper   : table "users" does not exist, skipping
2024-11-09T00:05:37.243-03:00  WARN 12324 --- [application-signup-api] [restartedMain] o.h.engine.jdbc.spi.SqlExceptionHelper   : SQL Warning Code: 0, SQLState: 00000
2024-11-09T00:05:37.243-03:00  WARN 12324 --- [application-signup-api] [restartedMain] o.h.engine.jdbc.spi.SqlExceptionHelper   : sequence "users_seq" does not exist, skipping
2024-11-09T00:05:37.265-03:00  INFO 12324 --- [application-signup-api] [restartedMain] j.LocalContainerEntityManagerFactoryBean : Initialized JPA EntityManagerFactory for persistence unit 'default'
2024-11-09T00:05:37.563-03:00  WARN 12324 --- [application-signup-api] [restartedMain] JpaBaseConfiguration$JpaWebConfiguration : spring.jpa.open-in-view is enabled by default. Therefore, database queries may be performed during view rendering. Explicitly configure spring.jpa.open-in-view to disable this warning
2024-11-09T00:05:37.643-03:00  INFO 12324 --- [application-signup-api] [restartedMain] r$InitializeUserDetailsManagerConfigurer : Global AuthenticationManager configured with UserDetailsService bean with name userDetailsService
2024-11-09T00:05:38.622-03:00  INFO 12324 --- [application-signup-api] [restartedMain] o.s.b.d.a.OptionalLiveReloadServer       : LiveReload server is running on port 35729
2024-11-09T00:05:38.647-03:00  INFO 12324 --- [application-signup-api] [restartedMain] o.s.b.w.embedded.tomcat.TomcatWebServer  : Tomcat started on port 8089 (http) with context path '/'
2024-11-09T00:05:38.653-03:00  INFO 12324 --- [application-signup-api] [restartedMain] c.a.s.a.ApplicationSignupApiApplication  : Started ApplicationSignupApiApplication in 3.595 seconds (process running for 3.984)
2024-11-09T00:05:43.673-03:00  INFO 12324 --- [application-signup-api] [http-nio-8089-exec-1] o.a.c.c.C.[Tomcat].[localhost].[/]       : Initializing Spring DispatcherServlet 'dispatcherServlet'
2024-11-09T00:05:43.673-03:00  INFO 12324 --- [application-signup-api] [http-nio-8089-exec-1] o.s.web.servlet.DispatcherServlet        : Initializing Servlet 'dispatcherServlet'
2024-11-09T00:05:43.674-03:00  INFO 12324 --- [application-signup-api] [http-nio-8089-exec-1] o.s.web.servlet.DispatcherServlet        : Completed initialization in 1 ms
2024-11-09T00:05:44.068-03:00  WARN 12324 --- [application-signup-api] [http-nio-8089-exec-2] .m.m.a.ExceptionHandlerExceptionResolver : Resolved [jakarta.validation.ConstraintViolationException: signupCreateUser.signupDTO.email: Email cannot be empty.]
2024-11-09T00:05:44.164-03:00  WARN 12324 --- [application-signup-api] [http-nio-8089-exec-4] .m.m.a.ExceptionHandlerExceptionResolver : Resolved [jakarta.validation.ConstraintViolationException: signupCreateUser.signupDTO.password: Password cannot be empty.]
2024-11-09T00:05:44.184-03:00  WARN 12324 --- [application-signup-api] [http-nio-8089-exec-5] .m.m.a.ExceptionHandlerExceptionResolver : Resolved [jakarta.validation.ConstraintViolationException: signupCreateUser.signupDTO.username: Username cannot be empty.]
2024-11-09T00:05:44.258-03:00  WARN 12324 --- [application-signup-api] [http-nio-8089-exec-3] .m.m.a.ExceptionHandlerExceptionResolver : Resolved [jakarta.validation.ConstraintViolationException: signupCreateUser.signupDTO.password: Password must have at least: <EOL>- Minimum 8 characters in length. <EOL>- One lowercase letter. <EOL>- One uppercase letter. <EOL>- One numeric digit <EOL>- One special character., signupCreateUser.signupDTO.email: Email must be a well-formed address]
2024-11-09T00:05:44.334-03:00  WARN 12324 --- [application-signup-api] [http-nio-8089-exec-6] .m.m.a.ExceptionHandlerExceptionResolver : Resolved [jakarta.validation.ConstraintViolationException: signupCreateUser.signupDTO.password: Password must have at least: <EOL>- Minimum 8 characters in length. <EOL>- One lowercase letter. <EOL>- One uppercase letter. <EOL>- One numeric digit <EOL>- One special character.]
2024-11-09T00:05:44.406-03:00  WARN 12324 --- [application-signup-api] [http-nio-8089-exec-7] .m.m.a.ExceptionHandlerExceptionResolver : Resolved [jakarta.validation.ConstraintViolationException: signupCreateUser.signupDTO.username: Username must be at least 3 characters]
2024-11-09T00:05:44.480-03:00  WARN 12324 --- [application-signup-api] [http-nio-8089-exec-8] .m.m.a.ExceptionHandlerExceptionResolver : Resolved [jakarta.validation.ConstraintViolationException: signupCreateUser.signupDTO.password: Password must have at least: <EOL>- Minimum 8 characters in length. <EOL>- One lowercase letter. <EOL>- One uppercase letter. <EOL>- One numeric digit <EOL>- One special character.]
2024-11-09T00:05:44.555-03:00  WARN 12324 --- [application-signup-api] [http-nio-8089-exec-9] .m.m.a.ExceptionHandlerExceptionResolver : Resolved [jakarta.validation.ConstraintViolationException: signupCreateUser.signupDTO.password: Password must have at least: <EOL>- Minimum 8 characters in length. <EOL>- One lowercase letter. <EOL>- One uppercase letter. <EOL>- One numeric digit <EOL>- One special character.]
2024-11-09T00:05:44.627-03:00  WARN 12324 --- [application-signup-api] [http-nio-8089-exec-10] .m.m.a.ExceptionHandlerExceptionResolver : Resolved [jakarta.validation.ConstraintViolationException: signupCreateUser.signupDTO.password: Password must have at least: <EOL>- Minimum 8 characters in length. <EOL>- One lowercase letter. <EOL>- One uppercase letter. <EOL>- One numeric digit <EOL>- One special character.]
2024-11-09T00:05:44.699-03:00  WARN 12324 --- [application-signup-api] [http-nio-8089-exec-1] .m.m.a.ExceptionHandlerExceptionResolver : Resolved [jakarta.validation.ConstraintViolationException: signupCreateUser.signupDTO.password: Password must have at least: <EOL>- Minimum 8 characters in length. <EOL>- One lowercase letter. <EOL>- One uppercase letter. <EOL>- One numeric digit <EOL>- One special character.]
2024-11-09T00:05:45.253-03:00  INFO 12324 --- [application-signup-api] [http-nio-8089-exec-4] c.a.s.api.service.CustomUserService      : {"username":"test","email":"test@test.com"} user profile created.
2024-11-09T00:05:45.411-03:00  INFO 12324 --- [application-signup-api] [http-nio-8089-exec-3] c.a.s.api.service.CustomUserService      : {"username":"test","email":"test@testy.com"} user profile created.
2024-11-09T00:05:45.416-03:00  WARN 12324 --- [application-signup-api] [http-nio-8089-exec-3] o.h.engine.jdbc.spi.SqlExceptionHelper   : SQL Error: 0, SQLState: 23505
2024-11-09T00:05:45.416-03:00 ERROR 12324 --- [application-signup-api] [http-nio-8089-exec-3] o.h.engine.jdbc.spi.SqlExceptionHelper   : ERROR: duplicate key value violates unique constraint "users_username_key"
  Detalhe: Key (username)=(test) already exists.
2024-11-09T00:05:45.421-03:00  WARN 12324 --- [application-signup-api] [http-nio-8089-exec-3] .m.m.a.ExceptionHandlerExceptionResolver : Resolved [org.springframework.dao.DataIntegrityViolationException: could not execute statement [ERROR: duplicate key value violates unique constraint "users_username_key"<EOL>  Detalhe: Key (username)=(test) already exists.] [insert into users (create_date,create_user,email,password,phone_number,role_id,update_date,update_user,username,id) values (?,?,?,?,?,?,?,?,?,?)]; SQL [insert into users (create_date,create_user,email,password,phone_number,role_id,update_date,update_user,username,id) values (?,?,?,?,?,?,?,?,?,?)]; constraint [users_username_key]]
2024-11-09T00:05:45.495-03:00  INFO 12324 --- [application-signup-api] [http-nio-8089-exec-6] c.a.s.api.service.CustomUserService      : {"username":"testy","email":"test@test.com"} user profile created.
2024-11-09T00:05:45.498-03:00  WARN 12324 --- [application-signup-api] [http-nio-8089-exec-6] o.h.engine.jdbc.spi.SqlExceptionHelper   : SQL Error: 0, SQLState: 23505
2024-11-09T00:05:45.498-03:00 ERROR 12324 --- [application-signup-api] [http-nio-8089-exec-6] o.h.engine.jdbc.spi.SqlExceptionHelper   : ERROR: duplicate key value violates unique constraint "users_email_key"
  Detalhe: Key (email)=(test@test.com) already exists.
2024-11-09T00:05:45.500-03:00  WARN 12324 --- [application-signup-api] [http-nio-8089-exec-6] .m.m.a.ExceptionHandlerExceptionResolver : Resolved [org.springframework.dao.DataIntegrityViolationException: could not execute statement [ERROR: duplicate key value violates unique constraint "users_email_key"<EOL>  Detalhe: Key (email)=(test@test.com) already exists.] [insert into users (create_date,create_user,email,password,phone_number,role_id,update_date,update_user,username,id) values (?,?,?,?,?,?,?,?,?,?)]; SQL [insert into users (create_date,create_user,email,password,phone_number,role_id,update_date,update_user,username,id) values (?,?,?,?,?,?,?,?,?,?)]; constraint [users_email_key]]
2024-11-09T00:05:45.579-03:00  INFO 12324 --- [application-signup-api] [http-nio-8089-exec-7] c.a.s.api.service.CustomUserService      : {"username":"test","email":"test@test.com"} user profile created.
2024-11-09T00:05:45.582-03:00  WARN 12324 --- [application-signup-api] [http-nio-8089-exec-7] o.h.engine.jdbc.spi.SqlExceptionHelper   : SQL Error: 0, SQLState: 23505
2024-11-09T00:05:45.582-03:00 ERROR 12324 --- [application-signup-api] [http-nio-8089-exec-7] o.h.engine.jdbc.spi.SqlExceptionHelper   : ERROR: duplicate key value violates unique constraint "users_email_key"
  Detalhe: Key (email)=(test@test.com) already exists.
2024-11-09T00:05:45.584-03:00  WARN 12324 --- [application-signup-api] [http-nio-8089-exec-7] .m.m.a.ExceptionHandlerExceptionResolver : Resolved [org.springframework.dao.DataIntegrityViolationException: could not execute statement [ERROR: duplicate key value violates unique constraint "users_email_key"<EOL>  Detalhe: Key (email)=(test@test.com) already exists.] [insert into users (create_date,create_user,email,password,phone_number,role_id,update_date,update_user,username,id) values (?,?,?,?,?,?,?,?,?,?)]; SQL [insert into users (create_date,create_user,email,password,phone_number,role_id,update_date,update_user,username,id) values (?,?,?,?,?,?,?,?,?,?)]; constraint [users_email_key]]
2024-11-09T00:05:45.664-03:00  INFO 12324 --- [application-signup-api] [http-nio-8089-exec-8] c.a.s.api.service.CustomUserService      : {"username":"testa","email":"test@test.com"} user profile created.
2024-11-09T00:05:45.668-03:00  WARN 12324 --- [application-signup-api] [http-nio-8089-exec-8] o.h.engine.jdbc.spi.SqlExceptionHelper   : SQL Error: 0, SQLState: 23505
2024-11-09T00:05:45.668-03:00 ERROR 12324 --- [application-signup-api] [http-nio-8089-exec-8] o.h.engine.jdbc.spi.SqlExceptionHelper   : ERROR: duplicate key value violates unique constraint "users_email_key"
  Detalhe: Key (email)=(test@test.com) already exists.
2024-11-09T00:05:45.671-03:00  WARN 12324 --- [application-signup-api] [http-nio-8089-exec-8] .m.m.a.ExceptionHandlerExceptionResolver : Resolved [org.springframework.dao.DataIntegrityViolationException: could not execute statement [ERROR: duplicate key value violates unique constraint "users_email_key"<EOL>  Detalhe: Key (email)=(test@test.com) already exists.] [insert into users (create_date,create_user,email,password,phone_number,role_id,update_date,update_user,username,id) values (?,?,?,?,?,?,?,?,?,?)]; SQL [insert into users (create_date,create_user,email,password,phone_number,role_id,update_date,update_user,username,id) values (?,?,?,?,?,?,?,?,?,?)]; constraint [users_email_key]]
2024-11-09T00:05:45.840-03:00  INFO 12324 --- [application-signup-api] [http-nio-8089-exec-1] c.a.s.api.service.CustomUserService      : {"username":"test","email":"test@test.com"} user profile deleted.
2024-11-09T00:05:49.540-03:00  INFO 12324 --- [application-signup-api] [RMI TCP Connection(7)-127.0.0.1] inMXBeanRegistrar$SpringApplicationAdmin : Application shutdown requested.
2024-11-09T00:05:49.550-03:00  INFO 12324 --- [application-signup-api] [RMI TCP Connection(7)-127.0.0.1] j.LocalContainerEntityManagerFactoryBean : Closing JPA EntityManagerFactory for persistence unit 'default'
2024-11-09T00:05:49.564-03:00  INFO 12324 --- [application-signup-api] [RMI TCP Connection(7)-127.0.0.1] com.zaxxer.hikari.HikariDataSource       : HikariPool-1 - Shutdown initiated...
2024-11-09T00:05:49.566-03:00  INFO 12324 --- [application-signup-api] [RMI TCP Connection(7)-127.0.0.1] com.zaxxer.hikari.HikariDataSource       : HikariPool-1 - Shutdown completed.
2024-11-09T03:16:30.032-03:00  INFO 7432 --- [application-signup-api] [restartedMain] c.a.s.a.ApplicationSignupApiApplication  : Starting ApplicationSignupApiApplication using Java 23 with PID 7432 (C:\Users\votc\Documents\Rodney\5 - projects\spring\application-signup-api-rsa-key-auth\target\classes started by votc in C:\Users\votc\Documents\Rodney\5 - projects\spring\application-signup-api-rsa-key-auth)
2024-11-09T03:16:30.033-03:00  INFO 7432 --- [application-signup-api] [restartedMain] c.a.s.a.ApplicationSignupApiApplication  : No active profile set, falling back to 1 default profile: "default"
2024-11-09T03:16:30.069-03:00  INFO 7432 --- [application-signup-api] [restartedMain] .e.DevToolsPropertyDefaultsPostProcessor : Devtools property defaults active! Set 'spring.devtools.add-properties' to 'false' to disable
2024-11-09T03:16:30.070-03:00  INFO 7432 --- [application-signup-api] [restartedMain] .e.DevToolsPropertyDefaultsPostProcessor : For additional web related logging consider setting the 'logging.level.web' property to 'DEBUG'
2024-11-09T03:16:30.522-03:00  INFO 7432 --- [application-signup-api] [restartedMain] .s.d.r.c.RepositoryConfigurationDelegate : Bootstrapping Spring Data JPA repositories in DEFAULT mode.
2024-11-09T03:16:30.553-03:00  INFO 7432 --- [application-signup-api] [restartedMain] .s.d.r.c.RepositoryConfigurationDelegate : Finished Spring Data repository scanning in 26 ms. Found 2 JPA repository interfaces.
2024-11-09T03:16:30.866-03:00  INFO 7432 --- [application-signup-api] [restartedMain] o.s.b.w.embedded.tomcat.TomcatWebServer  : Tomcat initialized with port 8089 (http)
2024-11-09T03:16:30.875-03:00  INFO 7432 --- [application-signup-api] [restartedMain] o.apache.catalina.core.StandardService   : Starting service [Tomcat]
2024-11-09T03:16:30.875-03:00  INFO 7432 --- [application-signup-api] [restartedMain] o.apache.catalina.core.StandardEngine    : Starting Servlet engine: [Apache Tomcat/10.1.31]
2024-11-09T03:16:30.904-03:00  INFO 7432 --- [application-signup-api] [restartedMain] o.a.c.c.C.[Tomcat].[localhost].[/]       : Initializing Spring embedded WebApplicationContext
2024-11-09T03:16:30.905-03:00  INFO 7432 --- [application-signup-api] [restartedMain] w.s.c.ServletWebServerApplicationContext : Root WebApplicationContext: initialization completed in 834 ms
2024-11-09T03:16:30.990-03:00  INFO 7432 --- [application-signup-api] [restartedMain] o.hibernate.jpa.internal.util.LogHelper  : HHH000204: Processing PersistenceUnitInfo [name: default]
2024-11-09T03:16:31.025-03:00  INFO 7432 --- [application-signup-api] [restartedMain] org.hibernate.Version                    : HHH000412: Hibernate ORM core version 6.5.3.Final
2024-11-09T03:16:31.044-03:00  INFO 7432 --- [application-signup-api] [restartedMain] o.h.c.internal.RegionFactoryInitiator    : HHH000026: Second-level cache disabled
2024-11-09T03:16:31.206-03:00  INFO 7432 --- [application-signup-api] [restartedMain] o.s.o.j.p.SpringPersistenceUnitInfo      : No LoadTimeWeaver setup: ignoring JPA class transformer
2024-11-09T03:16:31.223-03:00  INFO 7432 --- [application-signup-api] [restartedMain] com.zaxxer.hikari.HikariDataSource       : HikariPool-1 - Starting...
2024-11-09T03:16:31.307-03:00  INFO 7432 --- [application-signup-api] [restartedMain] com.zaxxer.hikari.pool.HikariPool        : HikariPool-1 - Added connection org.postgresql.jdbc.PgConnection@b30c8b8
2024-11-09T03:16:31.308-03:00  INFO 7432 --- [application-signup-api] [restartedMain] com.zaxxer.hikari.HikariDataSource       : HikariPool-1 - Start completed.
2024-11-09T03:16:31.867-03:00  INFO 7432 --- [application-signup-api] [restartedMain] o.h.e.t.j.p.i.JtaPlatformInitiator       : HHH000489: No JTA platform available (set 'hibernate.transaction.jta.platform' to enable JTA platform integration)
2024-11-09T03:16:31.879-03:00  WARN 7432 --- [application-signup-api] [restartedMain] o.h.engine.jdbc.spi.SqlExceptionHelper   : SQL Warning Code: 0, SQLState: 00000
2024-11-09T03:16:31.879-03:00  WARN 7432 --- [application-signup-api] [restartedMain] o.h.engine.jdbc.spi.SqlExceptionHelper   : relation "users" does not exist, skipping
2024-11-09T03:16:31.881-03:00  WARN 7432 --- [application-signup-api] [restartedMain] o.h.engine.jdbc.spi.SqlExceptionHelper   : SQL Warning Code: 0, SQLState: 00000
2024-11-09T03:16:31.881-03:00  WARN 7432 --- [application-signup-api] [restartedMain] o.h.engine.jdbc.spi.SqlExceptionHelper   : table "roles" does not exist, skipping
2024-11-09T03:16:31.881-03:00  WARN 7432 --- [application-signup-api] [restartedMain] o.h.engine.jdbc.spi.SqlExceptionHelper   : SQL Warning Code: 0, SQLState: 00000
2024-11-09T03:16:31.881-03:00  WARN 7432 --- [application-signup-api] [restartedMain] o.h.engine.jdbc.spi.SqlExceptionHelper   : table "users" does not exist, skipping
2024-11-09T03:16:31.883-03:00  WARN 7432 --- [application-signup-api] [restartedMain] o.h.engine.jdbc.spi.SqlExceptionHelper   : SQL Warning Code: 0, SQLState: 00000
2024-11-09T03:16:31.883-03:00  WARN 7432 --- [application-signup-api] [restartedMain] o.h.engine.jdbc.spi.SqlExceptionHelper   : sequence "users_seq" does not exist, skipping
2024-11-09T03:16:31.904-03:00  INFO 7432 --- [application-signup-api] [restartedMain] j.LocalContainerEntityManagerFactoryBean : Initialized JPA EntityManagerFactory for persistence unit 'default'
2024-11-09T03:16:32.184-03:00  WARN 7432 --- [application-signup-api] [restartedMain] JpaBaseConfiguration$JpaWebConfiguration : spring.jpa.open-in-view is enabled by default. Therefore, database queries may be performed during view rendering. Explicitly configure spring.jpa.open-in-view to disable this warning
2024-11-09T03:16:32.263-03:00  INFO 7432 --- [application-signup-api] [restartedMain] r$InitializeUserDetailsManagerConfigurer : Global AuthenticationManager configured with UserDetailsService bean with name userDetailsService
2024-11-09T03:16:33.144-03:00  INFO 7432 --- [application-signup-api] [restartedMain] o.s.b.d.a.OptionalLiveReloadServer       : LiveReload server is running on port 35729
2024-11-09T03:16:33.167-03:00  INFO 7432 --- [application-signup-api] [restartedMain] o.s.b.w.embedded.tomcat.TomcatWebServer  : Tomcat started on port 8089 (http) with context path '/'
2024-11-09T03:16:33.173-03:00  INFO 7432 --- [application-signup-api] [restartedMain] c.a.s.a.ApplicationSignupApiApplication  : Started ApplicationSignupApiApplication in 3.351 seconds (process running for 3.737)
2024-11-09T03:16:38.093-03:00  INFO 7432 --- [application-signup-api] [http-nio-8089-exec-1] o.a.c.c.C.[Tomcat].[localhost].[/]       : Initializing Spring DispatcherServlet 'dispatcherServlet'
2024-11-09T03:16:38.094-03:00  INFO 7432 --- [application-signup-api] [http-nio-8089-exec-1] o.s.web.servlet.DispatcherServlet        : Initializing Servlet 'dispatcherServlet'
2024-11-09T03:16:38.095-03:00  INFO 7432 --- [application-signup-api] [http-nio-8089-exec-1] o.s.web.servlet.DispatcherServlet        : Completed initialization in 1 ms
2024-11-09T03:16:38.427-03:00  WARN 7432 --- [application-signup-api] [http-nio-8089-exec-3] .m.m.a.ExceptionHandlerExceptionResolver : Resolved [jakarta.validation.ConstraintViolationException: signupCreateUser.signupDTO.email: Email cannot be empty.]
2024-11-09T03:16:38.461-03:00  WARN 7432 --- [application-signup-api] [http-nio-8089-exec-4] .m.m.a.ExceptionHandlerExceptionResolver : Resolved [jakarta.validation.ConstraintViolationException: signupCreateUser.signupDTO.password: Password cannot be empty.]
2024-11-09T03:16:38.478-03:00  WARN 7432 --- [application-signup-api] [http-nio-8089-exec-5] .m.m.a.ExceptionHandlerExceptionResolver : Resolved [jakarta.validation.ConstraintViolationException: signupCreateUser.signupDTO.username: Username cannot be empty.]
2024-11-09T03:16:38.492-03:00  WARN 7432 --- [application-signup-api] [http-nio-8089-exec-2] .m.m.a.ExceptionHandlerExceptionResolver : Resolved [jakarta.validation.ConstraintViolationException: signupCreateUser.signupDTO.password: Password must have at least: <EOL>- Minimum 8 characters in length. <EOL>- One lowercase letter. <EOL>- One uppercase letter. <EOL>- One numeric digit <EOL>- One special character., signupCreateUser.signupDTO.email: Email must be a well-formed address]
2024-11-09T03:16:38.505-03:00  WARN 7432 --- [application-signup-api] [http-nio-8089-exec-6] .m.m.a.ExceptionHandlerExceptionResolver : Resolved [jakarta.validation.ConstraintViolationException: signupCreateUser.signupDTO.password: Password must have at least: <EOL>- Minimum 8 characters in length. <EOL>- One lowercase letter. <EOL>- One uppercase letter. <EOL>- One numeric digit <EOL>- One special character.]
2024-11-09T03:16:38.519-03:00  WARN 7432 --- [application-signup-api] [http-nio-8089-exec-7] .m.m.a.ExceptionHandlerExceptionResolver : Resolved [jakarta.validation.ConstraintViolationException: signupCreateUser.signupDTO.username: Username must be at least 3 characters]
2024-11-09T03:16:38.531-03:00  WARN 7432 --- [application-signup-api] [http-nio-8089-exec-8] .m.m.a.ExceptionHandlerExceptionResolver : Resolved [jakarta.validation.ConstraintViolationException: signupCreateUser.signupDTO.password: Password must have at least: <EOL>- Minimum 8 characters in length. <EOL>- One lowercase letter. <EOL>- One uppercase letter. <EOL>- One numeric digit <EOL>- One special character.]
2024-11-09T03:16:38.545-03:00  WARN 7432 --- [application-signup-api] [http-nio-8089-exec-9] .m.m.a.ExceptionHandlerExceptionResolver : Resolved [jakarta.validation.ConstraintViolationException: signupCreateUser.signupDTO.password: Password must have at least: <EOL>- Minimum 8 characters in length. <EOL>- One lowercase letter. <EOL>- One uppercase letter. <EOL>- One numeric digit <EOL>- One special character.]
2024-11-09T03:16:38.558-03:00  WARN 7432 --- [application-signup-api] [http-nio-8089-exec-10] .m.m.a.ExceptionHandlerExceptionResolver : Resolved [jakarta.validation.ConstraintViolationException: signupCreateUser.signupDTO.password: Password must have at least: <EOL>- Minimum 8 characters in length. <EOL>- One lowercase letter. <EOL>- One uppercase letter. <EOL>- One numeric digit <EOL>- One special character.]
2024-11-09T03:16:38.571-03:00  WARN 7432 --- [application-signup-api] [http-nio-8089-exec-1] .m.m.a.ExceptionHandlerExceptionResolver : Resolved [jakarta.validation.ConstraintViolationException: signupCreateUser.signupDTO.password: Password must have at least: <EOL>- Minimum 8 characters in length. <EOL>- One lowercase letter. <EOL>- One uppercase letter. <EOL>- One numeric digit <EOL>- One special character.]
2024-11-09T03:16:39.108-03:00  INFO 7432 --- [application-signup-api] [http-nio-8089-exec-4] c.a.s.api.service.CustomUserService      : {"username":"test","email":"test@test.com"} user profile created.
2024-11-09T03:16:39.261-03:00  INFO 7432 --- [application-signup-api] [http-nio-8089-exec-2] c.a.s.api.service.CustomUserService      : {"username":"test","email":"test@testy.com"} user profile created.
2024-11-09T03:16:39.265-03:00  WARN 7432 --- [application-signup-api] [http-nio-8089-exec-2] o.h.engine.jdbc.spi.SqlExceptionHelper   : SQL Error: 0, SQLState: 23505
2024-11-09T03:16:39.265-03:00 ERROR 7432 --- [application-signup-api] [http-nio-8089-exec-2] o.h.engine.jdbc.spi.SqlExceptionHelper   : ERROR: duplicate key value violates unique constraint "users_username_key"
  Detalhe: Key (username)=(test) already exists.
2024-11-09T03:16:39.270-03:00  WARN 7432 --- [application-signup-api] [http-nio-8089-exec-2] .m.m.a.ExceptionHandlerExceptionResolver : Resolved [org.springframework.dao.DataIntegrityViolationException: could not execute statement [ERROR: duplicate key value violates unique constraint "users_username_key"<EOL>  Detalhe: Key (username)=(test) already exists.] [insert into users (create_date,create_user,email,password,phone_number,role_id,update_date,update_user,username,id) values (?,?,?,?,?,?,?,?,?,?)]; SQL [insert into users (create_date,create_user,email,password,phone_number,role_id,update_date,update_user,username,id) values (?,?,?,?,?,?,?,?,?,?)]; constraint [users_username_key]]
2024-11-09T03:16:39.347-03:00  INFO 7432 --- [application-signup-api] [http-nio-8089-exec-6] c.a.s.api.service.CustomUserService      : {"username":"testy","email":"test@test.com"} user profile created.
2024-11-09T03:16:39.350-03:00  WARN 7432 --- [application-signup-api] [http-nio-8089-exec-6] o.h.engine.jdbc.spi.SqlExceptionHelper   : SQL Error: 0, SQLState: 23505
2024-11-09T03:16:39.350-03:00 ERROR 7432 --- [application-signup-api] [http-nio-8089-exec-6] o.h.engine.jdbc.spi.SqlExceptionHelper   : ERROR: duplicate key value violates unique constraint "users_email_key"
  Detalhe: Key (email)=(test@test.com) already exists.
2024-11-09T03:16:39.352-03:00  WARN 7432 --- [application-signup-api] [http-nio-8089-exec-6] .m.m.a.ExceptionHandlerExceptionResolver : Resolved [org.springframework.dao.DataIntegrityViolationException: could not execute statement [ERROR: duplicate key value violates unique constraint "users_email_key"<EOL>  Detalhe: Key (email)=(test@test.com) already exists.] [insert into users (create_date,create_user,email,password,phone_number,role_id,update_date,update_user,username,id) values (?,?,?,?,?,?,?,?,?,?)]; SQL [insert into users (create_date,create_user,email,password,phone_number,role_id,update_date,update_user,username,id) values (?,?,?,?,?,?,?,?,?,?)]; constraint [users_email_key]]
2024-11-09T03:16:39.434-03:00  INFO 7432 --- [application-signup-api] [http-nio-8089-exec-7] c.a.s.api.service.CustomUserService      : {"username":"test","email":"test@test.com"} user profile created.
2024-11-09T03:16:39.437-03:00  WARN 7432 --- [application-signup-api] [http-nio-8089-exec-7] o.h.engine.jdbc.spi.SqlExceptionHelper   : SQL Error: 0, SQLState: 23505
2024-11-09T03:16:39.437-03:00 ERROR 7432 --- [application-signup-api] [http-nio-8089-exec-7] o.h.engine.jdbc.spi.SqlExceptionHelper   : ERROR: duplicate key value violates unique constraint "users_email_key"
  Detalhe: Key (email)=(test@test.com) already exists.
2024-11-09T03:16:39.438-03:00  WARN 7432 --- [application-signup-api] [http-nio-8089-exec-7] .m.m.a.ExceptionHandlerExceptionResolver : Resolved [org.springframework.dao.DataIntegrityViolationException: could not execute statement [ERROR: duplicate key value violates unique constraint "users_email_key"<EOL>  Detalhe: Key (email)=(test@test.com) already exists.] [insert into users (create_date,create_user,email,password,phone_number,role_id,update_date,update_user,username,id) values (?,?,?,?,?,?,?,?,?,?)]; SQL [insert into users (create_date,create_user,email,password,phone_number,role_id,update_date,update_user,username,id) values (?,?,?,?,?,?,?,?,?,?)]; constraint [users_email_key]]
2024-11-09T03:16:39.514-03:00  INFO 7432 --- [application-signup-api] [http-nio-8089-exec-8] c.a.s.api.service.CustomUserService      : {"username":"testa","email":"test@test.com"} user profile created.
2024-11-09T03:16:39.516-03:00  WARN 7432 --- [application-signup-api] [http-nio-8089-exec-8] o.h.engine.jdbc.spi.SqlExceptionHelper   : SQL Error: 0, SQLState: 23505
2024-11-09T03:16:39.516-03:00 ERROR 7432 --- [application-signup-api] [http-nio-8089-exec-8] o.h.engine.jdbc.spi.SqlExceptionHelper   : ERROR: duplicate key value violates unique constraint "users_email_key"
  Detalhe: Key (email)=(test@test.com) already exists.
2024-11-09T03:16:39.518-03:00  WARN 7432 --- [application-signup-api] [http-nio-8089-exec-8] .m.m.a.ExceptionHandlerExceptionResolver : Resolved [org.springframework.dao.DataIntegrityViolationException: could not execute statement [ERROR: duplicate key value violates unique constraint "users_email_key"<EOL>  Detalhe: Key (email)=(test@test.com) already exists.] [insert into users (create_date,create_user,email,password,phone_number,role_id,update_date,update_user,username,id) values (?,?,?,?,?,?,?,?,?,?)]; SQL [insert into users (create_date,create_user,email,password,phone_number,role_id,update_date,update_user,username,id) values (?,?,?,?,?,?,?,?,?,?)]; constraint [users_email_key]]
2024-11-09T03:16:39.626-03:00  INFO 7432 --- [application-signup-api] [http-nio-8089-exec-1] c.a.s.api.service.CustomUserService      : {"username":"test","email":"test@test.com"} user profile deleted.
2024-11-09T03:16:44.376-03:00  INFO 7432 --- [application-signup-api] [RMI TCP Connection(8)-127.0.0.1] inMXBeanRegistrar$SpringApplicationAdmin : Application shutdown requested.
2024-11-09T03:16:44.387-03:00  INFO 7432 --- [application-signup-api] [RMI TCP Connection(8)-127.0.0.1] j.LocalContainerEntityManagerFactoryBean : Closing JPA EntityManagerFactory for persistence unit 'default'
2024-11-09T03:16:44.405-03:00  INFO 7432 --- [application-signup-api] [RMI TCP Connection(8)-127.0.0.1] com.zaxxer.hikari.HikariDataSource       : HikariPool-1 - Shutdown initiated...
2024-11-09T03:16:44.408-03:00  INFO 7432 --- [application-signup-api] [RMI TCP Connection(8)-127.0.0.1] com.zaxxer.hikari.HikariDataSource       : HikariPool-1 - Shutdown completed.
