2024-11-09T00:02:07.051-03:00  INFO 20236 --- [application-signup-api] [restartedMain] c.a.s.a.ApplicationSignupApiApplication  : Starting ApplicationSignupApiApplication using Java 23 with PID 20236 (C:\Users\votc\Documents\Rodney\5 - projects\spring\application-signup-api-inmemory-auth\target\classes started by votc in C:\Users\votc\Documents\Rodney\5 - projects\spring\application-signup-api-inmemory-auth)
2024-11-09T00:02:07.056-03:00  INFO 20236 --- [application-signup-api] [restartedMain] c.a.s.a.ApplicationSignupApiApplication  : No active profile set, falling back to 1 default profile: "default"
2024-11-09T00:02:07.096-03:00  INFO 20236 --- [application-signup-api] [restartedMain] .e.DevToolsPropertyDefaultsPostProcessor : Devtools property defaults active! Set 'spring.devtools.add-properties' to 'false' to disable
2024-11-09T00:02:07.096-03:00  INFO 20236 --- [application-signup-api] [restartedMain] .e.DevToolsPropertyDefaultsPostProcessor : For additional web related logging consider setting the 'logging.level.web' property to 'DEBUG'
2024-11-09T00:02:07.555-03:00  INFO 20236 --- [application-signup-api] [restartedMain] .s.d.r.c.RepositoryConfigurationDelegate : Bootstrapping Spring Data JPA repositories in DEFAULT mode.
2024-11-09T00:02:07.587-03:00  INFO 20236 --- [application-signup-api] [restartedMain] .s.d.r.c.RepositoryConfigurationDelegate : Finished Spring Data repository scanning in 27 ms. Found 2 JPA repository interfaces.
2024-11-09T00:02:07.919-03:00  INFO 20236 --- [application-signup-api] [restartedMain] o.s.b.w.embedded.tomcat.TomcatWebServer  : Tomcat initialized with port 8089 (http)
2024-11-09T00:02:07.928-03:00  INFO 20236 --- [application-signup-api] [restartedMain] o.apache.catalina.core.StandardService   : Starting service [Tomcat]
2024-11-09T00:02:07.928-03:00  INFO 20236 --- [application-signup-api] [restartedMain] o.apache.catalina.core.StandardEngine    : Starting Servlet engine: [Apache Tomcat/10.1.31]
2024-11-09T00:02:07.958-03:00  INFO 20236 --- [application-signup-api] [restartedMain] o.a.c.c.C.[Tomcat].[localhost].[/]       : Initializing Spring embedded WebApplicationContext
2024-11-09T00:02:07.959-03:00  INFO 20236 --- [application-signup-api] [restartedMain] w.s.c.ServletWebServerApplicationContext : Root WebApplicationContext: initialization completed in 862 ms
2024-11-09T00:02:08.045-03:00  INFO 20236 --- [application-signup-api] [restartedMain] o.hibernate.jpa.internal.util.LogHelper  : HHH000204: Processing PersistenceUnitInfo [name: default]
2024-11-09T00:02:08.082-03:00  INFO 20236 --- [application-signup-api] [restartedMain] org.hibernate.Version                    : HHH000412: Hibernate ORM core version 6.5.3.Final
2024-11-09T00:02:08.101-03:00  INFO 20236 --- [application-signup-api] [restartedMain] o.h.c.internal.RegionFactoryInitiator    : HHH000026: Second-level cache disabled
2024-11-09T00:02:08.264-03:00  INFO 20236 --- [application-signup-api] [restartedMain] o.s.o.j.p.SpringPersistenceUnitInfo      : No LoadTimeWeaver setup: ignoring JPA class transformer
2024-11-09T00:02:08.281-03:00  INFO 20236 --- [application-signup-api] [restartedMain] com.zaxxer.hikari.HikariDataSource       : HikariPool-1 - Starting...
2024-11-09T00:02:08.399-03:00  INFO 20236 --- [application-signup-api] [restartedMain] com.zaxxer.hikari.pool.HikariPool        : HikariPool-1 - Added connection org.postgresql.jdbc.PgConnection@2285384b
2024-11-09T00:02:08.400-03:00  INFO 20236 --- [application-signup-api] [restartedMain] com.zaxxer.hikari.HikariDataSource       : HikariPool-1 - Start completed.
2024-11-09T00:02:09.014-03:00  INFO 20236 --- [application-signup-api] [restartedMain] o.h.e.t.j.p.i.JtaPlatformInitiator       : HHH000489: No JTA platform available (set 'hibernate.transaction.jta.platform' to enable JTA platform integration)
2024-11-09T00:02:09.027-03:00  WARN 20236 --- [application-signup-api] [restartedMain] o.h.engine.jdbc.spi.SqlExceptionHelper   : SQL Warning Code: 0, SQLState: 00000
2024-11-09T00:02:09.027-03:00  WARN 20236 --- [application-signup-api] [restartedMain] o.h.engine.jdbc.spi.SqlExceptionHelper   : relation "users" does not exist, skipping
2024-11-09T00:02:09.029-03:00  WARN 20236 --- [application-signup-api] [restartedMain] o.h.engine.jdbc.spi.SqlExceptionHelper   : SQL Warning Code: 0, SQLState: 00000
2024-11-09T00:02:09.029-03:00  WARN 20236 --- [application-signup-api] [restartedMain] o.h.engine.jdbc.spi.SqlExceptionHelper   : table "roles" does not exist, skipping
2024-11-09T00:02:09.029-03:00  WARN 20236 --- [application-signup-api] [restartedMain] o.h.engine.jdbc.spi.SqlExceptionHelper   : SQL Warning Code: 0, SQLState: 00000
2024-11-09T00:02:09.029-03:00  WARN 20236 --- [application-signup-api] [restartedMain] o.h.engine.jdbc.spi.SqlExceptionHelper   : table "users" does not exist, skipping
2024-11-09T00:02:09.030-03:00  WARN 20236 --- [application-signup-api] [restartedMain] o.h.engine.jdbc.spi.SqlExceptionHelper   : SQL Warning Code: 0, SQLState: 00000
2024-11-09T00:02:09.030-03:00  WARN 20236 --- [application-signup-api] [restartedMain] o.h.engine.jdbc.spi.SqlExceptionHelper   : sequence "users_seq" does not exist, skipping
2024-11-09T00:02:09.050-03:00  INFO 20236 --- [application-signup-api] [restartedMain] j.LocalContainerEntityManagerFactoryBean : Initialized JPA EntityManagerFactory for persistence unit 'default'
2024-11-09T00:02:09.336-03:00  WARN 20236 --- [application-signup-api] [restartedMain] JpaBaseConfiguration$JpaWebConfiguration : spring.jpa.open-in-view is enabled by default. Therefore, database queries may be performed during view rendering. Explicitly configure spring.jpa.open-in-view to disable this warning
2024-11-09T00:02:09.435-03:00  INFO 20236 --- [application-signup-api] [restartedMain] r$InitializeUserDetailsManagerConfigurer : Global AuthenticationManager configured with UserDetailsService bean with name userDetailsService
2024-11-09T00:02:10.001-03:00  INFO 20236 --- [application-signup-api] [restartedMain] o.s.b.d.a.OptionalLiveReloadServer       : LiveReload server is running on port 35729
2024-11-09T00:02:10.025-03:00  INFO 20236 --- [application-signup-api] [restartedMain] o.s.b.w.embedded.tomcat.TomcatWebServer  : Tomcat started on port 8089 (http) with context path '/'
2024-11-09T00:02:10.032-03:00  INFO 20236 --- [application-signup-api] [restartedMain] c.a.s.a.ApplicationSignupApiApplication  : Started ApplicationSignupApiApplication in 3.197 seconds (process running for 3.591)
2024-11-09T00:02:19.814-03:00  INFO 20236 --- [application-signup-api] [http-nio-8089-exec-1] o.a.c.c.C.[Tomcat].[localhost].[/]       : Initializing Spring DispatcherServlet 'dispatcherServlet'
2024-11-09T00:02:19.814-03:00  INFO 20236 --- [application-signup-api] [http-nio-8089-exec-1] o.s.web.servlet.DispatcherServlet        : Initializing Servlet 'dispatcherServlet'
2024-11-09T00:02:19.816-03:00  INFO 20236 --- [application-signup-api] [http-nio-8089-exec-1] o.s.web.servlet.DispatcherServlet        : Completed initialization in 2 ms
2024-11-09T00:02:20.558-03:00  WARN 20236 --- [application-signup-api] [http-nio-8089-exec-2] .m.m.a.ExceptionHandlerExceptionResolver : Resolved [jakarta.validation.ConstraintViolationException: signupCreateUser.signupDTO.email: Email cannot be empty.]
2024-11-09T00:02:20.646-03:00  WARN 20236 --- [application-signup-api] [http-nio-8089-exec-3] .m.m.a.ExceptionHandlerExceptionResolver : Resolved [jakarta.validation.ConstraintViolationException: signupCreateUser.signupDTO.password: Password cannot be empty.]
2024-11-09T00:02:20.724-03:00  WARN 20236 --- [application-signup-api] [http-nio-8089-exec-4] .m.m.a.ExceptionHandlerExceptionResolver : Resolved [jakarta.validation.ConstraintViolationException: signupCreateUser.signupDTO.username: Username cannot be empty.]
2024-11-09T00:02:20.798-03:00  WARN 20236 --- [application-signup-api] [http-nio-8089-exec-6] .m.m.a.ExceptionHandlerExceptionResolver : Resolved [jakarta.validation.ConstraintViolationException: signupCreateUser.signupDTO.password: Password must have at least: <EOL>- Minimum 8 characters in length. <EOL>- One lowercase letter. <EOL>- One uppercase letter. <EOL>- One numeric digit <EOL>- One special character., signupCreateUser.signupDTO.email: Email must be a well-formed address]
2024-11-09T00:02:20.870-03:00  WARN 20236 --- [application-signup-api] [http-nio-8089-exec-7] .m.m.a.ExceptionHandlerExceptionResolver : Resolved [jakarta.validation.ConstraintViolationException: signupCreateUser.signupDTO.password: Password must have at least: <EOL>- Minimum 8 characters in length. <EOL>- One lowercase letter. <EOL>- One uppercase letter. <EOL>- One numeric digit <EOL>- One special character.]
2024-11-09T00:02:20.945-03:00  WARN 20236 --- [application-signup-api] [http-nio-8089-exec-5] .m.m.a.ExceptionHandlerExceptionResolver : Resolved [jakarta.validation.ConstraintViolationException: signupCreateUser.signupDTO.username: Username must be at least 3 characters]
2024-11-09T00:02:21.023-03:00  WARN 20236 --- [application-signup-api] [http-nio-8089-exec-8] .m.m.a.ExceptionHandlerExceptionResolver : Resolved [jakarta.validation.ConstraintViolationException: signupCreateUser.signupDTO.password: Password must have at least: <EOL>- Minimum 8 characters in length. <EOL>- One lowercase letter. <EOL>- One uppercase letter. <EOL>- One numeric digit <EOL>- One special character.]
2024-11-09T00:02:21.097-03:00  WARN 20236 --- [application-signup-api] [http-nio-8089-exec-9] .m.m.a.ExceptionHandlerExceptionResolver : Resolved [jakarta.validation.ConstraintViolationException: signupCreateUser.signupDTO.password: Password must have at least: <EOL>- Minimum 8 characters in length. <EOL>- One lowercase letter. <EOL>- One uppercase letter. <EOL>- One numeric digit <EOL>- One special character.]
2024-11-09T00:02:21.178-03:00  WARN 20236 --- [application-signup-api] [http-nio-8089-exec-10] .m.m.a.ExceptionHandlerExceptionResolver : Resolved [jakarta.validation.ConstraintViolationException: signupCreateUser.signupDTO.password: Password must have at least: <EOL>- Minimum 8 characters in length. <EOL>- One lowercase letter. <EOL>- One uppercase letter. <EOL>- One numeric digit <EOL>- One special character.]
2024-11-09T00:02:21.253-03:00  WARN 20236 --- [application-signup-api] [http-nio-8089-exec-1] .m.m.a.ExceptionHandlerExceptionResolver : Resolved [jakarta.validation.ConstraintViolationException: signupCreateUser.signupDTO.password: Password must have at least: <EOL>- Minimum 8 characters in length. <EOL>- One lowercase letter. <EOL>- One uppercase letter. <EOL>- One numeric digit <EOL>- One special character.]
2024-11-09T00:02:21.416-03:00  INFO 20236 --- [application-signup-api] [http-nio-8089-exec-2] c.a.s.api.service.CustomUserService      : {"username":"test","email":"test@test.com"} user profile created.
2024-11-09T00:02:21.692-03:00  INFO 20236 --- [application-signup-api] [http-nio-8089-exec-4] c.a.s.api.service.CustomUserService      : {"username":"test","email":"test@testy.com"} user profile created.
2024-11-09T00:02:21.697-03:00  WARN 20236 --- [application-signup-api] [http-nio-8089-exec-4] o.h.engine.jdbc.spi.SqlExceptionHelper   : SQL Error: 0, SQLState: 23505
2024-11-09T00:02:21.697-03:00 ERROR 20236 --- [application-signup-api] [http-nio-8089-exec-4] o.h.engine.jdbc.spi.SqlExceptionHelper   : ERROR: duplicate key value violates unique constraint "users_username_key"
  Detalhe: Key (username)=(test) already exists.
2024-11-09T00:02:21.701-03:00  WARN 20236 --- [application-signup-api] [http-nio-8089-exec-4] .m.m.a.ExceptionHandlerExceptionResolver : Resolved [org.springframework.dao.DataIntegrityViolationException: could not execute statement [ERROR: duplicate key value violates unique constraint "users_username_key"<EOL>  Detalhe: Key (username)=(test) already exists.] [insert into users (create_date,create_user,email,password,phone_number,role_id,update_date,update_user,username,id) values (?,?,?,?,?,?,?,?,?,?)]; SQL [insert into users (create_date,create_user,email,password,phone_number,role_id,update_date,update_user,username,id) values (?,?,?,?,?,?,?,?,?,?)]; constraint [users_username_key]]
2024-11-09T00:02:21.835-03:00  INFO 20236 --- [application-signup-api] [http-nio-8089-exec-6] c.a.s.api.service.CustomUserService      : {"username":"testy","email":"test@test.com"} user profile created.
2024-11-09T00:02:21.838-03:00  WARN 20236 --- [application-signup-api] [http-nio-8089-exec-6] o.h.engine.jdbc.spi.SqlExceptionHelper   : SQL Error: 0, SQLState: 23505
2024-11-09T00:02:21.838-03:00 ERROR 20236 --- [application-signup-api] [http-nio-8089-exec-6] o.h.engine.jdbc.spi.SqlExceptionHelper   : ERROR: duplicate key value violates unique constraint "users_email_key"
  Detalhe: Key (email)=(test@test.com) already exists.
2024-11-09T00:02:21.841-03:00  WARN 20236 --- [application-signup-api] [http-nio-8089-exec-6] .m.m.a.ExceptionHandlerExceptionResolver : Resolved [org.springframework.dao.DataIntegrityViolationException: could not execute statement [ERROR: duplicate key value violates unique constraint "users_email_key"<EOL>  Detalhe: Key (email)=(test@test.com) already exists.] [insert into users (create_date,create_user,email,password,phone_number,role_id,update_date,update_user,username,id) values (?,?,?,?,?,?,?,?,?,?)]; SQL [insert into users (create_date,create_user,email,password,phone_number,role_id,update_date,update_user,username,id) values (?,?,?,?,?,?,?,?,?,?)]; constraint [users_email_key]]
2024-11-09T00:02:21.977-03:00  INFO 20236 --- [application-signup-api] [http-nio-8089-exec-7] c.a.s.api.service.CustomUserService      : {"username":"test","email":"test@test.com"} user profile created.
2024-11-09T00:02:21.979-03:00  WARN 20236 --- [application-signup-api] [http-nio-8089-exec-7] o.h.engine.jdbc.spi.SqlExceptionHelper   : SQL Error: 0, SQLState: 23505
2024-11-09T00:02:21.979-03:00 ERROR 20236 --- [application-signup-api] [http-nio-8089-exec-7] o.h.engine.jdbc.spi.SqlExceptionHelper   : ERROR: duplicate key value violates unique constraint "users_email_key"
  Detalhe: Key (email)=(test@test.com) already exists.
2024-11-09T00:02:21.982-03:00  WARN 20236 --- [application-signup-api] [http-nio-8089-exec-7] .m.m.a.ExceptionHandlerExceptionResolver : Resolved [org.springframework.dao.DataIntegrityViolationException: could not execute statement [ERROR: duplicate key value violates unique constraint "users_email_key"<EOL>  Detalhe: Key (email)=(test@test.com) already exists.] [insert into users (create_date,create_user,email,password,phone_number,role_id,update_date,update_user,username,id) values (?,?,?,?,?,?,?,?,?,?)]; SQL [insert into users (create_date,create_user,email,password,phone_number,role_id,update_date,update_user,username,id) values (?,?,?,?,?,?,?,?,?,?)]; constraint [users_email_key]]
2024-11-09T00:02:22.115-03:00  INFO 20236 --- [application-signup-api] [http-nio-8089-exec-5] c.a.s.api.service.CustomUserService      : {"username":"testa","email":"test@test.com"} user profile created.
2024-11-09T00:02:22.119-03:00  WARN 20236 --- [application-signup-api] [http-nio-8089-exec-5] o.h.engine.jdbc.spi.SqlExceptionHelper   : SQL Error: 0, SQLState: 23505
2024-11-09T00:02:22.119-03:00 ERROR 20236 --- [application-signup-api] [http-nio-8089-exec-5] o.h.engine.jdbc.spi.SqlExceptionHelper   : ERROR: duplicate key value violates unique constraint "users_email_key"
  Detalhe: Key (email)=(test@test.com) already exists.
2024-11-09T00:02:22.121-03:00  WARN 20236 --- [application-signup-api] [http-nio-8089-exec-5] .m.m.a.ExceptionHandlerExceptionResolver : Resolved [org.springframework.dao.DataIntegrityViolationException: could not execute statement [ERROR: duplicate key value violates unique constraint "users_email_key"<EOL>  Detalhe: Key (email)=(test@test.com) already exists.] [insert into users (create_date,create_user,email,password,phone_number,role_id,update_date,update_user,username,id) values (?,?,?,?,?,?,?,?,?,?)]; SQL [insert into users (create_date,create_user,email,password,phone_number,role_id,update_date,update_user,username,id) values (?,?,?,?,?,?,?,?,?,?)]; constraint [users_email_key]]
2024-11-09T00:02:22.414-03:00  INFO 20236 --- [application-signup-api] [http-nio-8089-exec-10] c.a.s.api.service.CustomUserService      : {"username":"test","email":"test@test.com"} user profile deleted.
2024-11-09T00:02:26.640-03:00  INFO 20236 --- [application-signup-api] [RMI TCP Connection(6)-127.0.0.1] inMXBeanRegistrar$SpringApplicationAdmin : Application shutdown requested.
2024-11-09T00:02:26.647-03:00  INFO 20236 --- [application-signup-api] [RMI TCP Connection(6)-127.0.0.1] j.LocalContainerEntityManagerFactoryBean : Closing JPA EntityManagerFactory for persistence unit 'default'
2024-11-09T00:02:26.660-03:00  INFO 20236 --- [application-signup-api] [RMI TCP Connection(6)-127.0.0.1] com.zaxxer.hikari.HikariDataSource       : HikariPool-1 - Shutdown initiated...
2024-11-09T00:02:26.662-03:00  INFO 20236 --- [application-signup-api] [RMI TCP Connection(6)-127.0.0.1] com.zaxxer.hikari.HikariDataSource       : HikariPool-1 - Shutdown completed.
2024-11-09T00:04:15.845-03:00  INFO 1516 --- [application-signup-api] [restartedMain] c.a.s.a.ApplicationSignupApiApplication  : Starting ApplicationSignupApiApplication using Java 23 with PID 1516 (C:\Users\votc\Documents\Rodney\5 - projects\spring\application-signup-api-inmemory-auth\target\classes started by votc in C:\Users\votc\Documents\Rodney\5 - projects\spring\application-signup-api-inmemory-auth)
2024-11-09T00:04:15.846-03:00  INFO 1516 --- [application-signup-api] [restartedMain] c.a.s.a.ApplicationSignupApiApplication  : No active profile set, falling back to 1 default profile: "default"
2024-11-09T00:04:15.880-03:00  INFO 1516 --- [application-signup-api] [restartedMain] .e.DevToolsPropertyDefaultsPostProcessor : Devtools property defaults active! Set 'spring.devtools.add-properties' to 'false' to disable
2024-11-09T00:04:15.880-03:00  INFO 1516 --- [application-signup-api] [restartedMain] .e.DevToolsPropertyDefaultsPostProcessor : For additional web related logging consider setting the 'logging.level.web' property to 'DEBUG'
2024-11-09T00:04:16.341-03:00  INFO 1516 --- [application-signup-api] [restartedMain] .s.d.r.c.RepositoryConfigurationDelegate : Bootstrapping Spring Data JPA repositories in DEFAULT mode.
2024-11-09T00:04:16.372-03:00  INFO 1516 --- [application-signup-api] [restartedMain] .s.d.r.c.RepositoryConfigurationDelegate : Finished Spring Data repository scanning in 27 ms. Found 2 JPA repository interfaces.
2024-11-09T00:04:16.696-03:00  INFO 1516 --- [application-signup-api] [restartedMain] o.s.b.w.embedded.tomcat.TomcatWebServer  : Tomcat initialized with port 8089 (http)
2024-11-09T00:04:16.705-03:00  INFO 1516 --- [application-signup-api] [restartedMain] o.apache.catalina.core.StandardService   : Starting service [Tomcat]
2024-11-09T00:04:16.705-03:00  INFO 1516 --- [application-signup-api] [restartedMain] o.apache.catalina.core.StandardEngine    : Starting Servlet engine: [Apache Tomcat/10.1.31]
2024-11-09T00:04:16.734-03:00  INFO 1516 --- [application-signup-api] [restartedMain] o.a.c.c.C.[Tomcat].[localhost].[/]       : Initializing Spring embedded WebApplicationContext
2024-11-09T00:04:16.734-03:00  INFO 1516 --- [application-signup-api] [restartedMain] w.s.c.ServletWebServerApplicationContext : Root WebApplicationContext: initialization completed in 854 ms
2024-11-09T00:04:16.817-03:00  INFO 1516 --- [application-signup-api] [restartedMain] o.hibernate.jpa.internal.util.LogHelper  : HHH000204: Processing PersistenceUnitInfo [name: default]
2024-11-09T00:04:16.856-03:00  INFO 1516 --- [application-signup-api] [restartedMain] org.hibernate.Version                    : HHH000412: Hibernate ORM core version 6.5.3.Final
2024-11-09T00:04:16.874-03:00  INFO 1516 --- [application-signup-api] [restartedMain] o.h.c.internal.RegionFactoryInitiator    : HHH000026: Second-level cache disabled
2024-11-09T00:04:17.034-03:00  INFO 1516 --- [application-signup-api] [restartedMain] o.s.o.j.p.SpringPersistenceUnitInfo      : No LoadTimeWeaver setup: ignoring JPA class transformer
2024-11-09T00:04:17.051-03:00  INFO 1516 --- [application-signup-api] [restartedMain] com.zaxxer.hikari.HikariDataSource       : HikariPool-1 - Starting...
2024-11-09T00:04:17.133-03:00  INFO 1516 --- [application-signup-api] [restartedMain] com.zaxxer.hikari.pool.HikariPool        : HikariPool-1 - Added connection org.postgresql.jdbc.PgConnection@35aedeb7
2024-11-09T00:04:17.134-03:00  INFO 1516 --- [application-signup-api] [restartedMain] com.zaxxer.hikari.HikariDataSource       : HikariPool-1 - Start completed.
2024-11-09T00:04:17.668-03:00  INFO 1516 --- [application-signup-api] [restartedMain] o.h.e.t.j.p.i.JtaPlatformInitiator       : HHH000489: No JTA platform available (set 'hibernate.transaction.jta.platform' to enable JTA platform integration)
2024-11-09T00:04:17.680-03:00  WARN 1516 --- [application-signup-api] [restartedMain] o.h.engine.jdbc.spi.SqlExceptionHelper   : SQL Warning Code: 0, SQLState: 00000
2024-11-09T00:04:17.681-03:00  WARN 1516 --- [application-signup-api] [restartedMain] o.h.engine.jdbc.spi.SqlExceptionHelper   : relation "users" does not exist, skipping
2024-11-09T00:04:17.682-03:00  WARN 1516 --- [application-signup-api] [restartedMain] o.h.engine.jdbc.spi.SqlExceptionHelper   : SQL Warning Code: 0, SQLState: 00000
2024-11-09T00:04:17.682-03:00  WARN 1516 --- [application-signup-api] [restartedMain] o.h.engine.jdbc.spi.SqlExceptionHelper   : table "roles" does not exist, skipping
2024-11-09T00:04:17.683-03:00  WARN 1516 --- [application-signup-api] [restartedMain] o.h.engine.jdbc.spi.SqlExceptionHelper   : SQL Warning Code: 0, SQLState: 00000
2024-11-09T00:04:17.683-03:00  WARN 1516 --- [application-signup-api] [restartedMain] o.h.engine.jdbc.spi.SqlExceptionHelper   : table "users" does not exist, skipping
2024-11-09T00:04:17.684-03:00  WARN 1516 --- [application-signup-api] [restartedMain] o.h.engine.jdbc.spi.SqlExceptionHelper   : SQL Warning Code: 0, SQLState: 00000
2024-11-09T00:04:17.684-03:00  WARN 1516 --- [application-signup-api] [restartedMain] o.h.engine.jdbc.spi.SqlExceptionHelper   : sequence "users_seq" does not exist, skipping
2024-11-09T00:04:17.707-03:00  INFO 1516 --- [application-signup-api] [restartedMain] j.LocalContainerEntityManagerFactoryBean : Initialized JPA EntityManagerFactory for persistence unit 'default'
2024-11-09T00:04:17.978-03:00  WARN 1516 --- [application-signup-api] [restartedMain] JpaBaseConfiguration$JpaWebConfiguration : spring.jpa.open-in-view is enabled by default. Therefore, database queries may be performed during view rendering. Explicitly configure spring.jpa.open-in-view to disable this warning
2024-11-09T00:04:18.055-03:00  INFO 1516 --- [application-signup-api] [restartedMain] r$InitializeUserDetailsManagerConfigurer : Global AuthenticationManager configured with UserDetailsService bean with name userDetailsService
2024-11-09T00:04:19.250-03:00  INFO 1516 --- [application-signup-api] [restartedMain] o.s.b.d.a.OptionalLiveReloadServer       : LiveReload server is running on port 35729
2024-11-09T00:04:19.275-03:00  INFO 1516 --- [application-signup-api] [restartedMain] o.s.b.w.embedded.tomcat.TomcatWebServer  : Tomcat started on port 8089 (http) with context path '/'
2024-11-09T00:04:19.281-03:00  INFO 1516 --- [application-signup-api] [restartedMain] c.a.s.a.ApplicationSignupApiApplication  : Started ApplicationSignupApiApplication in 3.661 seconds (process running for 4.05)
2024-11-09T00:04:20.284-03:00  INFO 1516 --- [application-signup-api] [http-nio-8089-exec-1] o.a.c.c.C.[Tomcat].[localhost].[/]       : Initializing Spring DispatcherServlet 'dispatcherServlet'
2024-11-09T00:04:20.285-03:00  INFO 1516 --- [application-signup-api] [http-nio-8089-exec-1] o.s.web.servlet.DispatcherServlet        : Initializing Servlet 'dispatcherServlet'
2024-11-09T00:04:20.286-03:00  INFO 1516 --- [application-signup-api] [http-nio-8089-exec-1] o.s.web.servlet.DispatcherServlet        : Completed initialization in 0 ms
2024-11-09T00:04:20.699-03:00  INFO 1516 --- [application-signup-api] [http-nio-8089-exec-9] o.springdoc.api.AbstractOpenApiResource  : Init duration for springdoc-openapi is: 160 ms
2024-11-09T00:04:33.116-03:00  WARN 1516 --- [application-signup-api] [http-nio-8089-exec-1] .m.m.a.ExceptionHandlerExceptionResolver : Resolved [jakarta.validation.ConstraintViolationException: signupCreateUser.signupDTO.email: Email cannot be empty.]
2024-11-09T00:04:33.219-03:00  WARN 1516 --- [application-signup-api] [http-nio-8089-exec-2] .m.m.a.ExceptionHandlerExceptionResolver : Resolved [jakarta.validation.ConstraintViolationException: signupCreateUser.signupDTO.password: Password cannot be empty.]
2024-11-09T00:04:33.298-03:00  WARN 1516 --- [application-signup-api] [http-nio-8089-exec-4] .m.m.a.ExceptionHandlerExceptionResolver : Resolved [jakarta.validation.ConstraintViolationException: signupCreateUser.signupDTO.username: Username cannot be empty.]
2024-11-09T00:04:33.373-03:00  WARN 1516 --- [application-signup-api] [http-nio-8089-exec-5] .m.m.a.ExceptionHandlerExceptionResolver : Resolved [jakarta.validation.ConstraintViolationException: signupCreateUser.signupDTO.password: Password must have at least: <EOL>- Minimum 8 characters in length. <EOL>- One lowercase letter. <EOL>- One uppercase letter. <EOL>- One numeric digit <EOL>- One special character., signupCreateUser.signupDTO.email: Email must be a well-formed address]
2024-11-09T00:04:33.447-03:00  WARN 1516 --- [application-signup-api] [http-nio-8089-exec-3] .m.m.a.ExceptionHandlerExceptionResolver : Resolved [jakarta.validation.ConstraintViolationException: signupCreateUser.signupDTO.password: Password must have at least: <EOL>- Minimum 8 characters in length. <EOL>- One lowercase letter. <EOL>- One uppercase letter. <EOL>- One numeric digit <EOL>- One special character.]
2024-11-09T00:04:33.521-03:00  WARN 1516 --- [application-signup-api] [http-nio-8089-exec-6] .m.m.a.ExceptionHandlerExceptionResolver : Resolved [jakarta.validation.ConstraintViolationException: signupCreateUser.signupDTO.username: Username must be at least 3 characters]
2024-11-09T00:04:33.596-03:00  WARN 1516 --- [application-signup-api] [http-nio-8089-exec-7] .m.m.a.ExceptionHandlerExceptionResolver : Resolved [jakarta.validation.ConstraintViolationException: signupCreateUser.signupDTO.password: Password must have at least: <EOL>- Minimum 8 characters in length. <EOL>- One lowercase letter. <EOL>- One uppercase letter. <EOL>- One numeric digit <EOL>- One special character.]
2024-11-09T00:04:33.671-03:00  WARN 1516 --- [application-signup-api] [http-nio-8089-exec-8] .m.m.a.ExceptionHandlerExceptionResolver : Resolved [jakarta.validation.ConstraintViolationException: signupCreateUser.signupDTO.password: Password must have at least: <EOL>- Minimum 8 characters in length. <EOL>- One lowercase letter. <EOL>- One uppercase letter. <EOL>- One numeric digit <EOL>- One special character.]
2024-11-09T00:04:33.743-03:00  WARN 1516 --- [application-signup-api] [http-nio-8089-exec-9] .m.m.a.ExceptionHandlerExceptionResolver : Resolved [jakarta.validation.ConstraintViolationException: signupCreateUser.signupDTO.password: Password must have at least: <EOL>- Minimum 8 characters in length. <EOL>- One lowercase letter. <EOL>- One uppercase letter. <EOL>- One numeric digit <EOL>- One special character.]
2024-11-09T00:04:33.817-03:00  WARN 1516 --- [application-signup-api] [http-nio-8089-exec-10] .m.m.a.ExceptionHandlerExceptionResolver : Resolved [jakarta.validation.ConstraintViolationException: signupCreateUser.signupDTO.password: Password must have at least: <EOL>- Minimum 8 characters in length. <EOL>- One lowercase letter. <EOL>- One uppercase letter. <EOL>- One numeric digit <EOL>- One special character.]
2024-11-09T00:04:34.005-03:00  INFO 1516 --- [application-signup-api] [http-nio-8089-exec-1] c.a.s.api.service.CustomUserService      : {"username":"test","email":"test@test.com"} user profile created.
2024-11-09T00:04:34.276-03:00  INFO 1516 --- [application-signup-api] [http-nio-8089-exec-4] c.a.s.api.service.CustomUserService      : {"username":"test","email":"test@testy.com"} user profile created.
2024-11-09T00:04:34.282-03:00  WARN 1516 --- [application-signup-api] [http-nio-8089-exec-4] o.h.engine.jdbc.spi.SqlExceptionHelper   : SQL Error: 0, SQLState: 23505
2024-11-09T00:04:34.282-03:00 ERROR 1516 --- [application-signup-api] [http-nio-8089-exec-4] o.h.engine.jdbc.spi.SqlExceptionHelper   : ERROR: duplicate key value violates unique constraint "users_username_key"
  Detalhe: Key (username)=(test) already exists.
2024-11-09T00:04:34.287-03:00  WARN 1516 --- [application-signup-api] [http-nio-8089-exec-4] .m.m.a.ExceptionHandlerExceptionResolver : Resolved [org.springframework.dao.DataIntegrityViolationException: could not execute statement [ERROR: duplicate key value violates unique constraint "users_username_key"<EOL>  Detalhe: Key (username)=(test) already exists.] [insert into users (create_date,create_user,email,password,phone_number,role_id,update_date,update_user,username,id) values (?,?,?,?,?,?,?,?,?,?)]; SQL [insert into users (create_date,create_user,email,password,phone_number,role_id,update_date,update_user,username,id) values (?,?,?,?,?,?,?,?,?,?)]; constraint [users_username_key]]
2024-11-09T00:04:34.421-03:00  INFO 1516 --- [application-signup-api] [http-nio-8089-exec-5] c.a.s.api.service.CustomUserService      : {"username":"testy","email":"test@test.com"} user profile created.
2024-11-09T00:04:34.425-03:00  WARN 1516 --- [application-signup-api] [http-nio-8089-exec-5] o.h.engine.jdbc.spi.SqlExceptionHelper   : SQL Error: 0, SQLState: 23505
2024-11-09T00:04:34.425-03:00 ERROR 1516 --- [application-signup-api] [http-nio-8089-exec-5] o.h.engine.jdbc.spi.SqlExceptionHelper   : ERROR: duplicate key value violates unique constraint "users_email_key"
  Detalhe: Key (email)=(test@test.com) already exists.
2024-11-09T00:04:34.426-03:00  WARN 1516 --- [application-signup-api] [http-nio-8089-exec-5] .m.m.a.ExceptionHandlerExceptionResolver : Resolved [org.springframework.dao.DataIntegrityViolationException: could not execute statement [ERROR: duplicate key value violates unique constraint "users_email_key"<EOL>  Detalhe: Key (email)=(test@test.com) already exists.] [insert into users (create_date,create_user,email,password,phone_number,role_id,update_date,update_user,username,id) values (?,?,?,?,?,?,?,?,?,?)]; SQL [insert into users (create_date,create_user,email,password,phone_number,role_id,update_date,update_user,username,id) values (?,?,?,?,?,?,?,?,?,?)]; constraint [users_email_key]]
2024-11-09T00:04:34.569-03:00  INFO 1516 --- [application-signup-api] [http-nio-8089-exec-3] c.a.s.api.service.CustomUserService      : {"username":"test","email":"test@test.com"} user profile created.
2024-11-09T00:04:34.573-03:00  WARN 1516 --- [application-signup-api] [http-nio-8089-exec-3] o.h.engine.jdbc.spi.SqlExceptionHelper   : SQL Error: 0, SQLState: 23505
2024-11-09T00:04:34.573-03:00 ERROR 1516 --- [application-signup-api] [http-nio-8089-exec-3] o.h.engine.jdbc.spi.SqlExceptionHelper   : ERROR: duplicate key value violates unique constraint "users_email_key"
  Detalhe: Key (email)=(test@test.com) already exists.
2024-11-09T00:04:34.574-03:00  WARN 1516 --- [application-signup-api] [http-nio-8089-exec-3] .m.m.a.ExceptionHandlerExceptionResolver : Resolved [org.springframework.dao.DataIntegrityViolationException: could not execute statement [ERROR: duplicate key value violates unique constraint "users_email_key"<EOL>  Detalhe: Key (email)=(test@test.com) already exists.] [insert into users (create_date,create_user,email,password,phone_number,role_id,update_date,update_user,username,id) values (?,?,?,?,?,?,?,?,?,?)]; SQL [insert into users (create_date,create_user,email,password,phone_number,role_id,update_date,update_user,username,id) values (?,?,?,?,?,?,?,?,?,?)]; constraint [users_email_key]]
2024-11-09T00:04:34.713-03:00  INFO 1516 --- [application-signup-api] [http-nio-8089-exec-6] c.a.s.api.service.CustomUserService      : {"username":"testa","email":"test@test.com"} user profile created.
2024-11-09T00:04:34.716-03:00  WARN 1516 --- [application-signup-api] [http-nio-8089-exec-6] o.h.engine.jdbc.spi.SqlExceptionHelper   : SQL Error: 0, SQLState: 23505
2024-11-09T00:04:34.717-03:00 ERROR 1516 --- [application-signup-api] [http-nio-8089-exec-6] o.h.engine.jdbc.spi.SqlExceptionHelper   : ERROR: duplicate key value violates unique constraint "users_email_key"
  Detalhe: Key (email)=(test@test.com) already exists.
2024-11-09T00:04:34.718-03:00  WARN 1516 --- [application-signup-api] [http-nio-8089-exec-6] .m.m.a.ExceptionHandlerExceptionResolver : Resolved [org.springframework.dao.DataIntegrityViolationException: could not execute statement [ERROR: duplicate key value violates unique constraint "users_email_key"<EOL>  Detalhe: Key (email)=(test@test.com) already exists.] [insert into users (create_date,create_user,email,password,phone_number,role_id,update_date,update_user,username,id) values (?,?,?,?,?,?,?,?,?,?)]; SQL [insert into users (create_date,create_user,email,password,phone_number,role_id,update_date,update_user,username,id) values (?,?,?,?,?,?,?,?,?,?)]; constraint [users_email_key]]
2024-11-09T00:04:35.012-03:00  INFO 1516 --- [application-signup-api] [http-nio-8089-exec-9] c.a.s.api.service.CustomUserService      : {"username":"test","email":"test@test.com"} user profile deleted.
2024-11-09T00:04:40.089-03:00  INFO 1516 --- [application-signup-api] [RMI TCP Connection(7)-127.0.0.1] inMXBeanRegistrar$SpringApplicationAdmin : Application shutdown requested.
2024-11-09T00:04:40.096-03:00  INFO 1516 --- [application-signup-api] [RMI TCP Connection(7)-127.0.0.1] j.LocalContainerEntityManagerFactoryBean : Closing JPA EntityManagerFactory for persistence unit 'default'
2024-11-09T00:04:40.111-03:00  INFO 1516 --- [application-signup-api] [RMI TCP Connection(7)-127.0.0.1] com.zaxxer.hikari.HikariDataSource       : HikariPool-1 - Shutdown initiated...
2024-11-09T00:04:40.112-03:00  INFO 1516 --- [application-signup-api] [RMI TCP Connection(7)-127.0.0.1] com.zaxxer.hikari.HikariDataSource       : HikariPool-1 - Shutdown completed.
2024-11-09T03:14:02.361-03:00  INFO 14820 --- [application-signup-api] [restartedMain] c.a.s.a.ApplicationSignupApiApplication  : Starting ApplicationSignupApiApplication using Java 23 with PID 14820 (C:\Users\votc\Documents\Rodney\5 - projects\spring\application-signup-api-inmemory-auth\target\classes started by votc in C:\Users\votc\Documents\Rodney\5 - projects\spring\application-signup-api-inmemory-auth)
2024-11-09T03:14:02.362-03:00  INFO 14820 --- [application-signup-api] [restartedMain] c.a.s.a.ApplicationSignupApiApplication  : No active profile set, falling back to 1 default profile: "default"
2024-11-09T03:14:02.397-03:00  INFO 14820 --- [application-signup-api] [restartedMain] .e.DevToolsPropertyDefaultsPostProcessor : Devtools property defaults active! Set 'spring.devtools.add-properties' to 'false' to disable
2024-11-09T03:14:02.397-03:00  INFO 14820 --- [application-signup-api] [restartedMain] .e.DevToolsPropertyDefaultsPostProcessor : For additional web related logging consider setting the 'logging.level.web' property to 'DEBUG'
2024-11-09T03:14:02.993-03:00  INFO 14820 --- [application-signup-api] [restartedMain] .s.d.r.c.RepositoryConfigurationDelegate : Bootstrapping Spring Data JPA repositories in DEFAULT mode.
2024-11-09T03:14:03.029-03:00  INFO 14820 --- [application-signup-api] [restartedMain] .s.d.r.c.RepositoryConfigurationDelegate : Finished Spring Data repository scanning in 31 ms. Found 2 JPA repository interfaces.
2024-11-09T03:14:03.477-03:00  INFO 14820 --- [application-signup-api] [restartedMain] o.s.b.w.embedded.tomcat.TomcatWebServer  : Tomcat initialized with port 8089 (http)
2024-11-09T03:14:03.489-03:00  INFO 14820 --- [application-signup-api] [restartedMain] o.apache.catalina.core.StandardService   : Starting service [Tomcat]
2024-11-09T03:14:03.489-03:00  INFO 14820 --- [application-signup-api] [restartedMain] o.apache.catalina.core.StandardEngine    : Starting Servlet engine: [Apache Tomcat/10.1.31]
2024-11-09T03:14:03.528-03:00  INFO 14820 --- [application-signup-api] [restartedMain] o.a.c.c.C.[Tomcat].[localhost].[/]       : Initializing Spring embedded WebApplicationContext
2024-11-09T03:14:03.528-03:00  INFO 14820 --- [application-signup-api] [restartedMain] w.s.c.ServletWebServerApplicationContext : Root WebApplicationContext: initialization completed in 1131 ms
2024-11-09T03:14:03.626-03:00  INFO 14820 --- [application-signup-api] [restartedMain] o.hibernate.jpa.internal.util.LogHelper  : HHH000204: Processing PersistenceUnitInfo [name: default]
2024-11-09T03:14:03.675-03:00  INFO 14820 --- [application-signup-api] [restartedMain] org.hibernate.Version                    : HHH000412: Hibernate ORM core version 6.5.3.Final
2024-11-09T03:14:03.707-03:00  INFO 14820 --- [application-signup-api] [restartedMain] o.h.c.internal.RegionFactoryInitiator    : HHH000026: Second-level cache disabled
2024-11-09T03:14:03.970-03:00  INFO 14820 --- [application-signup-api] [restartedMain] o.s.o.j.p.SpringPersistenceUnitInfo      : No LoadTimeWeaver setup: ignoring JPA class transformer
2024-11-09T03:14:03.991-03:00  INFO 14820 --- [application-signup-api] [restartedMain] com.zaxxer.hikari.HikariDataSource       : HikariPool-1 - Starting...
2024-11-09T03:14:04.803-03:00  INFO 14820 --- [application-signup-api] [restartedMain] com.zaxxer.hikari.pool.HikariPool        : HikariPool-1 - Added connection org.postgresql.jdbc.PgConnection@5ed7f8af
2024-11-09T03:14:04.806-03:00  INFO 14820 --- [application-signup-api] [restartedMain] com.zaxxer.hikari.HikariDataSource       : HikariPool-1 - Start completed.
2024-11-09T03:14:05.927-03:00  INFO 14820 --- [application-signup-api] [restartedMain] o.h.e.t.j.p.i.JtaPlatformInitiator       : HHH000489: No JTA platform available (set 'hibernate.transaction.jta.platform' to enable JTA platform integration)
2024-11-09T03:14:06.103-03:00  WARN 14820 --- [application-signup-api] [restartedMain] o.h.engine.jdbc.spi.SqlExceptionHelper   : SQL Warning Code: 0, SQLState: 00000
2024-11-09T03:14:06.103-03:00  WARN 14820 --- [application-signup-api] [restartedMain] o.h.engine.jdbc.spi.SqlExceptionHelper   : relation "users" does not exist, skipping
2024-11-09T03:14:06.105-03:00  WARN 14820 --- [application-signup-api] [restartedMain] o.h.engine.jdbc.spi.SqlExceptionHelper   : SQL Warning Code: 0, SQLState: 00000
2024-11-09T03:14:06.105-03:00  WARN 14820 --- [application-signup-api] [restartedMain] o.h.engine.jdbc.spi.SqlExceptionHelper   : table "roles" does not exist, skipping
2024-11-09T03:14:06.107-03:00  WARN 14820 --- [application-signup-api] [restartedMain] o.h.engine.jdbc.spi.SqlExceptionHelper   : SQL Warning Code: 0, SQLState: 00000
2024-11-09T03:14:06.107-03:00  WARN 14820 --- [application-signup-api] [restartedMain] o.h.engine.jdbc.spi.SqlExceptionHelper   : table "users" does not exist, skipping
2024-11-09T03:14:06.109-03:00  WARN 14820 --- [application-signup-api] [restartedMain] o.h.engine.jdbc.spi.SqlExceptionHelper   : SQL Warning Code: 0, SQLState: 00000
2024-11-09T03:14:06.109-03:00  WARN 14820 --- [application-signup-api] [restartedMain] o.h.engine.jdbc.spi.SqlExceptionHelper   : sequence "users_seq" does not exist, skipping
2024-11-09T03:14:06.133-03:00  INFO 14820 --- [application-signup-api] [restartedMain] j.LocalContainerEntityManagerFactoryBean : Initialized JPA EntityManagerFactory for persistence unit 'default'
2024-11-09T03:14:06.501-03:00  WARN 14820 --- [application-signup-api] [restartedMain] JpaBaseConfiguration$JpaWebConfiguration : spring.jpa.open-in-view is enabled by default. Therefore, database queries may be performed during view rendering. Explicitly configure spring.jpa.open-in-view to disable this warning
2024-11-09T03:14:06.625-03:00  INFO 14820 --- [application-signup-api] [restartedMain] r$InitializeUserDetailsManagerConfigurer : Global AuthenticationManager configured with UserDetailsService bean with name userDetailsService
2024-11-09T03:14:08.043-03:00  INFO 14820 --- [application-signup-api] [restartedMain] o.s.b.d.a.OptionalLiveReloadServer       : LiveReload server is running on port 35729
2024-11-09T03:14:08.076-03:00  INFO 14820 --- [application-signup-api] [restartedMain] o.s.b.w.embedded.tomcat.TomcatWebServer  : Tomcat started on port 8089 (http) with context path '/'
2024-11-09T03:14:08.083-03:00  INFO 14820 --- [application-signup-api] [restartedMain] c.a.s.a.ApplicationSignupApiApplication  : Started ApplicationSignupApiApplication in 6.003 seconds (process running for 6.756)
2024-11-09T03:14:12.050-03:00  INFO 14820 --- [application-signup-api] [http-nio-8089-exec-1] o.a.c.c.C.[Tomcat].[localhost].[/]       : Initializing Spring DispatcherServlet 'dispatcherServlet'
2024-11-09T03:14:12.050-03:00  INFO 14820 --- [application-signup-api] [http-nio-8089-exec-1] o.s.web.servlet.DispatcherServlet        : Initializing Servlet 'dispatcherServlet'
2024-11-09T03:14:12.051-03:00  INFO 14820 --- [application-signup-api] [http-nio-8089-exec-1] o.s.web.servlet.DispatcherServlet        : Completed initialization in 1 ms
2024-11-09T03:14:12.381-03:00  WARN 14820 --- [application-signup-api] [http-nio-8089-exec-1] .m.m.a.ExceptionHandlerExceptionResolver : Resolved [jakarta.validation.ConstraintViolationException: signupCreateUser.signupDTO.email: Email cannot be empty.]
2024-11-09T03:14:12.504-03:00  WARN 14820 --- [application-signup-api] [http-nio-8089-exec-2] .m.m.a.ExceptionHandlerExceptionResolver : Resolved [jakarta.validation.ConstraintViolationException: signupCreateUser.signupDTO.password: Password cannot be empty.]
2024-11-09T03:14:12.613-03:00  WARN 14820 --- [application-signup-api] [http-nio-8089-exec-3] .m.m.a.ExceptionHandlerExceptionResolver : Resolved [jakarta.validation.ConstraintViolationException: signupCreateUser.signupDTO.username: Username cannot be empty.]
2024-11-09T03:14:12.707-03:00  WARN 14820 --- [application-signup-api] [http-nio-8089-exec-4] .m.m.a.ExceptionHandlerExceptionResolver : Resolved [jakarta.validation.ConstraintViolationException: signupCreateUser.signupDTO.email: Email must be a well-formed address, signupCreateUser.signupDTO.password: Password must have at least: <EOL>- Minimum 8 characters in length. <EOL>- One lowercase letter. <EOL>- One uppercase letter. <EOL>- One numeric digit <EOL>- One special character.]
2024-11-09T03:14:12.783-03:00  WARN 14820 --- [application-signup-api] [http-nio-8089-exec-5] .m.m.a.ExceptionHandlerExceptionResolver : Resolved [jakarta.validation.ConstraintViolationException: signupCreateUser.signupDTO.password: Password must have at least: <EOL>- Minimum 8 characters in length. <EOL>- One lowercase letter. <EOL>- One uppercase letter. <EOL>- One numeric digit <EOL>- One special character.]
2024-11-09T03:14:12.884-03:00  WARN 14820 --- [application-signup-api] [http-nio-8089-exec-6] .m.m.a.ExceptionHandlerExceptionResolver : Resolved [jakarta.validation.ConstraintViolationException: signupCreateUser.signupDTO.username: Username must be at least 3 characters]
2024-11-09T03:14:12.967-03:00  WARN 14820 --- [application-signup-api] [http-nio-8089-exec-7] .m.m.a.ExceptionHandlerExceptionResolver : Resolved [jakarta.validation.ConstraintViolationException: signupCreateUser.signupDTO.password: Password must have at least: <EOL>- Minimum 8 characters in length. <EOL>- One lowercase letter. <EOL>- One uppercase letter. <EOL>- One numeric digit <EOL>- One special character.]
2024-11-09T03:14:13.080-03:00  WARN 14820 --- [application-signup-api] [http-nio-8089-exec-8] .m.m.a.ExceptionHandlerExceptionResolver : Resolved [jakarta.validation.ConstraintViolationException: signupCreateUser.signupDTO.password: Password must have at least: <EOL>- Minimum 8 characters in length. <EOL>- One lowercase letter. <EOL>- One uppercase letter. <EOL>- One numeric digit <EOL>- One special character.]
2024-11-09T03:14:13.199-03:00  WARN 14820 --- [application-signup-api] [http-nio-8089-exec-9] .m.m.a.ExceptionHandlerExceptionResolver : Resolved [jakarta.validation.ConstraintViolationException: signupCreateUser.signupDTO.password: Password must have at least: <EOL>- Minimum 8 characters in length. <EOL>- One lowercase letter. <EOL>- One uppercase letter. <EOL>- One numeric digit <EOL>- One special character.]
2024-11-09T03:14:13.305-03:00  WARN 14820 --- [application-signup-api] [http-nio-8089-exec-10] .m.m.a.ExceptionHandlerExceptionResolver : Resolved [jakarta.validation.ConstraintViolationException: signupCreateUser.signupDTO.password: Password must have at least: <EOL>- Minimum 8 characters in length. <EOL>- One lowercase letter. <EOL>- One uppercase letter. <EOL>- One numeric digit <EOL>- One special character.]
2024-11-09T03:14:14.106-03:00  INFO 14820 --- [application-signup-api] [http-nio-8089-exec-2] c.a.s.api.service.CustomUserService      : {"username":"test","email":"test@test.com"} user profile created.
2024-11-09T03:14:14.399-03:00  INFO 14820 --- [application-signup-api] [http-nio-8089-exec-4] c.a.s.api.service.CustomUserService      : {"username":"test","email":"test@testy.com"} user profile created.
2024-11-09T03:14:14.405-03:00  WARN 14820 --- [application-signup-api] [http-nio-8089-exec-4] o.h.engine.jdbc.spi.SqlExceptionHelper   : SQL Error: 0, SQLState: 23505
2024-11-09T03:14:14.405-03:00 ERROR 14820 --- [application-signup-api] [http-nio-8089-exec-4] o.h.engine.jdbc.spi.SqlExceptionHelper   : ERROR: duplicate key value violates unique constraint "users_username_key"
  Detalhe: Key (username)=(test) already exists.
2024-11-09T03:14:14.415-03:00  WARN 14820 --- [application-signup-api] [http-nio-8089-exec-4] .m.m.a.ExceptionHandlerExceptionResolver : Resolved [org.springframework.dao.DataIntegrityViolationException: could not execute statement [ERROR: duplicate key value violates unique constraint "users_username_key"<EOL>  Detalhe: Key (username)=(test) already exists.] [insert into users (create_date,create_user,email,password,phone_number,role_id,update_date,update_user,username,id) values (?,?,?,?,?,?,?,?,?,?)]; SQL [insert into users (create_date,create_user,email,password,phone_number,role_id,update_date,update_user,username,id) values (?,?,?,?,?,?,?,?,?,?)]; constraint [users_username_key]]
2024-11-09T03:14:14.573-03:00  INFO 14820 --- [application-signup-api] [http-nio-8089-exec-5] c.a.s.api.service.CustomUserService      : {"username":"testy","email":"test@test.com"} user profile created.
2024-11-09T03:14:14.588-03:00  WARN 14820 --- [application-signup-api] [http-nio-8089-exec-5] o.h.engine.jdbc.spi.SqlExceptionHelper   : SQL Error: 0, SQLState: 23505
2024-11-09T03:14:14.589-03:00 ERROR 14820 --- [application-signup-api] [http-nio-8089-exec-5] o.h.engine.jdbc.spi.SqlExceptionHelper   : ERROR: duplicate key value violates unique constraint "users_email_key"
  Detalhe: Key (email)=(test@test.com) already exists.
2024-11-09T03:14:14.592-03:00  WARN 14820 --- [application-signup-api] [http-nio-8089-exec-5] .m.m.a.ExceptionHandlerExceptionResolver : Resolved [org.springframework.dao.DataIntegrityViolationException: could not execute statement [ERROR: duplicate key value violates unique constraint "users_email_key"<EOL>  Detalhe: Key (email)=(test@test.com) already exists.] [insert into users (create_date,create_user,email,password,phone_number,role_id,update_date,update_user,username,id) values (?,?,?,?,?,?,?,?,?,?)]; SQL [insert into users (create_date,create_user,email,password,phone_number,role_id,update_date,update_user,username,id) values (?,?,?,?,?,?,?,?,?,?)]; constraint [users_email_key]]
2024-11-09T03:14:14.809-03:00  INFO 14820 --- [application-signup-api] [http-nio-8089-exec-6] c.a.s.api.service.CustomUserService      : {"username":"test","email":"test@test.com"} user profile created.
2024-11-09T03:14:14.811-03:00  WARN 14820 --- [application-signup-api] [http-nio-8089-exec-6] o.h.engine.jdbc.spi.SqlExceptionHelper   : SQL Error: 0, SQLState: 23505
2024-11-09T03:14:14.811-03:00 ERROR 14820 --- [application-signup-api] [http-nio-8089-exec-6] o.h.engine.jdbc.spi.SqlExceptionHelper   : ERROR: duplicate key value violates unique constraint "users_email_key"
  Detalhe: Key (email)=(test@test.com) already exists.
2024-11-09T03:14:14.813-03:00  WARN 14820 --- [application-signup-api] [http-nio-8089-exec-6] .m.m.a.ExceptionHandlerExceptionResolver : Resolved [org.springframework.dao.DataIntegrityViolationException: could not execute statement [ERROR: duplicate key value violates unique constraint "users_email_key"<EOL>  Detalhe: Key (email)=(test@test.com) already exists.] [insert into users (create_date,create_user,email,password,phone_number,role_id,update_date,update_user,username,id) values (?,?,?,?,?,?,?,?,?,?)]; SQL [insert into users (create_date,create_user,email,password,phone_number,role_id,update_date,update_user,username,id) values (?,?,?,?,?,?,?,?,?,?)]; constraint [users_email_key]]
2024-11-09T03:14:14.998-03:00  INFO 14820 --- [application-signup-api] [http-nio-8089-exec-7] c.a.s.api.service.CustomUserService      : {"username":"testa","email":"test@test.com"} user profile created.
2024-11-09T03:14:15.001-03:00  WARN 14820 --- [application-signup-api] [http-nio-8089-exec-7] o.h.engine.jdbc.spi.SqlExceptionHelper   : SQL Error: 0, SQLState: 23505
2024-11-09T03:14:15.002-03:00 ERROR 14820 --- [application-signup-api] [http-nio-8089-exec-7] o.h.engine.jdbc.spi.SqlExceptionHelper   : ERROR: duplicate key value violates unique constraint "users_email_key"
  Detalhe: Key (email)=(test@test.com) already exists.
2024-11-09T03:14:15.004-03:00  WARN 14820 --- [application-signup-api] [http-nio-8089-exec-7] .m.m.a.ExceptionHandlerExceptionResolver : Resolved [org.springframework.dao.DataIntegrityViolationException: could not execute statement [ERROR: duplicate key value violates unique constraint "users_email_key"<EOL>  Detalhe: Key (email)=(test@test.com) already exists.] [insert into users (create_date,create_user,email,password,phone_number,role_id,update_date,update_user,username,id) values (?,?,?,?,?,?,?,?,?,?)]; SQL [insert into users (create_date,create_user,email,password,phone_number,role_id,update_date,update_user,username,id) values (?,?,?,?,?,?,?,?,?,?)]; constraint [users_email_key]]
2024-11-09T03:14:15.437-03:00  INFO 14820 --- [application-signup-api] [http-nio-8089-exec-10] c.a.s.api.service.CustomUserService      : {"username":"test","email":"test@test.com"} user profile deleted.
2024-11-09T03:14:33.165-03:00  INFO 14820 --- [application-signup-api] [RMI TCP Connection(10)-127.0.0.1] inMXBeanRegistrar$SpringApplicationAdmin : Application shutdown requested.
2024-11-09T03:14:33.176-03:00  INFO 14820 --- [application-signup-api] [RMI TCP Connection(10)-127.0.0.1] j.LocalContainerEntityManagerFactoryBean : Closing JPA EntityManagerFactory for persistence unit 'default'
2024-11-09T03:14:33.198-03:00  INFO 14820 --- [application-signup-api] [RMI TCP Connection(10)-127.0.0.1] com.zaxxer.hikari.HikariDataSource       : HikariPool-1 - Shutdown initiated...
2024-11-09T03:14:33.201-03:00  INFO 14820 --- [application-signup-api] [RMI TCP Connection(10)-127.0.0.1] com.zaxxer.hikari.HikariDataSource       : HikariPool-1 - Shutdown completed.
